2020-09-03 10:45:57.462 INFO  [main]com.linq.web.TestDemos.logStarting:55 -Starting TestDemos on JaydeMacBook-Pro.local with PID 4845 (started by jay in /Users/jay/Desktop/Vue项目集合/新闻发布管理系统/linq/linq-web)
2020-09-03 10:45:57.467 INFO  [main]com.linq.web.TestDemos.logStartupProfileInfo:655 -The following profiles are active: druid,linq
2020-09-03 10:46:01.342 INFO  [main]c.a.d.s.boot.autoconfigure.DruidDataSourceAutoConfigure.dataSource:56 -Init DruidDataSource
2020-09-03 10:46:01.942 INFO  [main]com.alibaba.druid.pool.DruidDataSource.init:1010 -{dataSource-1} inited
2020-09-03 10:46:06.667 INFO  [main]s.d.s.web.PropertySourcedRequestMappingHandlerMapping.initHandlerMethods:69 -Mapped URL path [/v2/api-docs] onto method [springfox.documentation.swagger2.web.Swagger2Controller#getDocumentation(String, HttpServletRequest)]
2020-09-03 10:46:08.114 INFO  [main]s.d.spring.web.plugins.DocumentationPluginsBootstrapper.start:160 -Context refreshed
2020-09-03 10:46:08.132 INFO  [main]s.d.spring.web.plugins.DocumentationPluginsBootstrapper.start:163 -Found 1 custom documentation plugin(s)
2020-09-03 10:46:08.193 INFO  [main]s.d.spring.web.scanners.ApiListingReferenceScanner.scan:41 -Scanning for api listing references
2020-09-03 10:46:08.422 INFO  [main]s.d.s.w.readers.operation.CachingOperationNameGenerator.startingWith:40 -Generating unique operation named: addUsingPOST_1
2020-09-03 10:46:08.426 INFO  [main]s.d.s.w.readers.operation.CachingOperationNameGenerator.startingWith:40 -Generating unique operation named: editUsingPUT_1
2020-09-03 10:46:08.433 INFO  [main]s.d.s.w.readers.operation.CachingOperationNameGenerator.startingWith:40 -Generating unique operation named: getInfoUsingGET_1
2020-09-03 10:46:08.444 INFO  [main]s.d.s.w.readers.operation.CachingOperationNameGenerator.startingWith:40 -Generating unique operation named: listUsingGET_1
2020-09-03 10:46:08.450 INFO  [main]s.d.s.w.readers.operation.CachingOperationNameGenerator.startingWith:40 -Generating unique operation named: addUsingPOST_2
2020-09-03 10:46:08.454 INFO  [main]s.d.s.w.readers.operation.CachingOperationNameGenerator.startingWith:40 -Generating unique operation named: editUsingPUT_2
2020-09-03 10:46:08.466 INFO  [main]s.d.s.w.readers.operation.CachingOperationNameGenerator.startingWith:40 -Generating unique operation named: getInfoUsingGET_2
2020-09-03 10:46:08.473 INFO  [main]s.d.s.w.readers.operation.CachingOperationNameGenerator.startingWith:40 -Generating unique operation named: listUsingGET_2
2020-09-03 10:46:08.475 INFO  [main]s.d.s.w.readers.operation.CachingOperationNameGenerator.startingWith:40 -Generating unique operation named: removeUsingDELETE_1
2020-09-03 10:46:08.480 INFO  [main]s.d.s.w.readers.operation.CachingOperationNameGenerator.startingWith:40 -Generating unique operation named: addUsingPOST_3
2020-09-03 10:46:08.482 INFO  [main]s.d.s.w.readers.operation.CachingOperationNameGenerator.startingWith:40 -Generating unique operation named: editUsingPUT_3
2020-09-03 10:46:08.486 INFO  [main]s.d.s.w.readers.operation.CachingOperationNameGenerator.startingWith:40 -Generating unique operation named: getInfoUsingGET_3
2020-09-03 10:46:08.497 INFO  [main]s.d.s.w.readers.operation.CachingOperationNameGenerator.startingWith:40 -Generating unique operation named: listUsingGET_3
2020-09-03 10:46:08.500 INFO  [main]s.d.s.w.readers.operation.CachingOperationNameGenerator.startingWith:40 -Generating unique operation named: optionSelectUsingGET_1
2020-09-03 10:46:08.502 INFO  [main]s.d.s.w.readers.operation.CachingOperationNameGenerator.startingWith:40 -Generating unique operation named: removeUsingDELETE_2
2020-09-03 10:46:08.507 INFO  [main]s.d.s.w.readers.operation.CachingOperationNameGenerator.startingWith:40 -Generating unique operation named: addUsingPOST_4
2020-09-03 10:46:08.511 INFO  [main]s.d.s.w.readers.operation.CachingOperationNameGenerator.startingWith:40 -Generating unique operation named: editUsingPUT_4
2020-09-03 10:46:08.517 INFO  [main]s.d.s.w.readers.operation.CachingOperationNameGenerator.startingWith:40 -Generating unique operation named: getInfoUsingGET_4
2020-09-03 10:46:08.525 INFO  [main]s.d.s.w.readers.operation.CachingOperationNameGenerator.startingWith:40 -Generating unique operation named: listUsingGET_4
2020-09-03 10:46:08.528 INFO  [main]s.d.s.w.readers.operation.CachingOperationNameGenerator.startingWith:40 -Generating unique operation named: removeUsingDELETE_3
2020-09-03 10:46:08.535 INFO  [main]s.d.s.w.readers.operation.CachingOperationNameGenerator.startingWith:40 -Generating unique operation named: addUsingPOST_5
2020-09-03 10:46:08.536 INFO  [main]s.d.s.w.readers.operation.CachingOperationNameGenerator.startingWith:40 -Generating unique operation named: editUsingPUT_5
2020-09-03 10:46:08.547 INFO  [main]s.d.s.w.readers.operation.CachingOperationNameGenerator.startingWith:40 -Generating unique operation named: getInfoUsingGET_5
2020-09-03 10:46:08.554 INFO  [main]s.d.s.w.readers.operation.CachingOperationNameGenerator.startingWith:40 -Generating unique operation named: listUsingGET_5
2020-09-03 10:46:08.558 INFO  [main]s.d.s.w.readers.operation.CachingOperationNameGenerator.startingWith:40 -Generating unique operation named: removeUsingDELETE_4
2020-09-03 10:46:08.570 INFO  [main]s.d.s.w.readers.operation.CachingOperationNameGenerator.startingWith:40 -Generating unique operation named: addUsingPOST_6
2020-09-03 10:46:08.576 INFO  [main]s.d.s.w.readers.operation.CachingOperationNameGenerator.startingWith:40 -Generating unique operation named: editUsingPUT_6
2020-09-03 10:46:08.581 INFO  [main]s.d.s.w.readers.operation.CachingOperationNameGenerator.startingWith:40 -Generating unique operation named: getInfoUsingGET_6
2020-09-03 10:46:08.587 INFO  [main]s.d.s.w.readers.operation.CachingOperationNameGenerator.startingWith:40 -Generating unique operation named: listUsingGET_6
2020-09-03 10:46:08.589 INFO  [main]s.d.s.w.readers.operation.CachingOperationNameGenerator.startingWith:40 -Generating unique operation named: removeUsingDELETE_5
2020-09-03 10:46:08.593 INFO  [main]s.d.s.w.readers.operation.CachingOperationNameGenerator.startingWith:40 -Generating unique operation named: addUsingPOST_7
2020-09-03 10:46:08.595 INFO  [main]s.d.s.w.readers.operation.CachingOperationNameGenerator.startingWith:40 -Generating unique operation named: clearCacheUsingDELETE_1
2020-09-03 10:46:08.596 INFO  [main]s.d.s.w.readers.operation.CachingOperationNameGenerator.startingWith:40 -Generating unique operation named: editUsingPUT_7
2020-09-03 10:46:08.600 INFO  [main]s.d.s.w.readers.operation.CachingOperationNameGenerator.startingWith:40 -Generating unique operation named: getInfoUsingGET_7
2020-09-03 10:46:08.606 INFO  [main]s.d.s.w.readers.operation.CachingOperationNameGenerator.startingWith:40 -Generating unique operation named: listUsingGET_7
2020-09-03 10:46:08.610 INFO  [main]s.d.s.w.readers.operation.CachingOperationNameGenerator.startingWith:40 -Generating unique operation named: removeUsingDELETE_6
2020-09-03 10:46:08.612 INFO  [main]s.d.s.w.readers.operation.CachingOperationNameGenerator.startingWith:40 -Generating unique operation named: getInfoUsingGET_8
2020-09-03 10:46:08.620 INFO  [main]s.d.s.w.readers.operation.CachingOperationNameGenerator.startingWith:40 -Generating unique operation named: addUsingPOST_8
2020-09-03 10:46:08.622 INFO  [main]s.d.s.w.readers.operation.CachingOperationNameGenerator.startingWith:40 -Generating unique operation named: editUsingPUT_8
2020-09-03 10:46:08.628 INFO  [main]s.d.s.w.readers.operation.CachingOperationNameGenerator.startingWith:40 -Generating unique operation named: getInfoUsingGET_9
2020-09-03 10:46:08.636 INFO  [main]s.d.s.w.readers.operation.CachingOperationNameGenerator.startingWith:40 -Generating unique operation named: listUsingGET_8
2020-09-03 10:46:08.639 INFO  [main]s.d.s.w.readers.operation.CachingOperationNameGenerator.startingWith:40 -Generating unique operation named: removeUsingDELETE_7
2020-09-03 10:46:08.645 INFO  [main]s.d.s.w.readers.operation.CachingOperationNameGenerator.startingWith:40 -Generating unique operation named: addUsingPOST_9
2020-09-03 10:46:08.647 INFO  [main]s.d.s.w.readers.operation.CachingOperationNameGenerator.startingWith:40 -Generating unique operation named: editUsingPUT_9
2020-09-03 10:46:08.653 INFO  [main]s.d.s.w.readers.operation.CachingOperationNameGenerator.startingWith:40 -Generating unique operation named: getInfoUsingGET_10
2020-09-03 10:46:08.666 INFO  [main]s.d.s.w.readers.operation.CachingOperationNameGenerator.startingWith:40 -Generating unique operation named: listUsingGET_9
2020-09-03 10:46:08.667 INFO  [main]s.d.s.w.readers.operation.CachingOperationNameGenerator.startingWith:40 -Generating unique operation named: removeUsingDELETE_8
2020-09-03 10:46:08.689 INFO  [main]s.d.s.w.readers.operation.CachingOperationNameGenerator.startingWith:40 -Generating unique operation named: addUsingPOST_10
2020-09-03 10:46:08.691 INFO  [main]s.d.s.w.readers.operation.CachingOperationNameGenerator.startingWith:40 -Generating unique operation named: changeStatusUsingPUT_1
2020-09-03 10:46:08.694 INFO  [main]s.d.s.w.readers.operation.CachingOperationNameGenerator.startingWith:40 -Generating unique operation named: editUsingPUT_10
2020-09-03 10:46:08.699 INFO  [main]s.d.s.w.readers.operation.CachingOperationNameGenerator.startingWith:40 -Generating unique operation named: getInfoUsingGET_11
2020-09-03 10:46:08.706 INFO  [main]s.d.s.w.readers.operation.CachingOperationNameGenerator.startingWith:40 -Generating unique operation named: listUsingGET_10
2020-09-03 10:46:08.708 INFO  [main]s.d.s.w.readers.operation.CachingOperationNameGenerator.startingWith:40 -Generating unique operation named: removeUsingDELETE_9
2020-09-03 10:46:08.712 INFO  [main]s.d.s.w.readers.operation.CachingOperationNameGenerator.startingWith:40 -Generating unique operation named: addUsingPOST_11
2020-09-03 10:46:08.716 INFO  [main]s.d.s.w.readers.operation.CachingOperationNameGenerator.startingWith:40 -Generating unique operation named: changeStatusUsingPUT_2
2020-09-03 10:46:08.718 INFO  [main]s.d.s.w.readers.operation.CachingOperationNameGenerator.startingWith:40 -Generating unique operation named: editUsingPUT_11
2020-09-03 10:46:08.720 INFO  [main]s.d.s.w.readers.operation.CachingOperationNameGenerator.startingWith:40 -Generating unique operation named: getInfoUsingGET_12
2020-09-03 10:46:08.722 INFO  [main]s.d.s.w.readers.operation.CachingOperationNameGenerator.startingWith:40 -Generating unique operation named: getInfoUsingGET_13
2020-09-03 10:46:08.743 INFO  [main]s.d.s.w.readers.operation.CachingOperationNameGenerator.startingWith:40 -Generating unique operation named: listUsingGET_11
2020-09-03 10:46:08.744 INFO  [main]s.d.s.w.readers.operation.CachingOperationNameGenerator.startingWith:40 -Generating unique operation named: removeUsingDELETE_10
2020-09-03 10:46:09.255 INFO  [main]com.linq.web.TestDemos.logStarted:61 -Started TestDemos in 12.532 seconds (JVM running for 14.2)
2020-09-03 10:46:10.390 INFO  [SpringContextShutdownHook]com.linq.framework.manager.ShutdownManager.shutdownAsyncManager:25 -====关闭后台任务任务线程池====
2020-09-03 10:46:10.397 INFO  [SpringContextShutdownHook]com.alibaba.druid.pool.DruidDataSource.close:2003 -{dataSource-1} closing ...
2020-09-03 10:46:10.405 INFO  [SpringContextShutdownHook]com.alibaba.druid.pool.DruidDataSource.close:2075 -{dataSource-1} closed
2020-09-03 11:03:29.744 INFO  [main]com.linq.web.TestDemos.logStarting:55 -Starting TestDemos on JaydeMacBook-Pro.local with PID 4996 (started by jay in /Users/jay/Desktop/Vue项目集合/新闻发布管理系统/linq/linq-web)
2020-09-03 11:03:29.746 INFO  [main]com.linq.web.TestDemos.logStartupProfileInfo:655 -The following profiles are active: druid,linq
2020-09-03 11:03:34.806 INFO  [main]c.a.d.s.boot.autoconfigure.DruidDataSourceAutoConfigure.dataSource:56 -Init DruidDataSource
2020-09-03 11:03:35.577 INFO  [main]com.alibaba.druid.pool.DruidDataSource.init:1010 -{dataSource-1} inited
2020-09-03 11:03:41.280 INFO  [main]s.d.s.web.PropertySourcedRequestMappingHandlerMapping.initHandlerMethods:69 -Mapped URL path [/v2/api-docs] onto method [springfox.documentation.swagger2.web.Swagger2Controller#getDocumentation(String, HttpServletRequest)]
2020-09-03 11:03:42.753 INFO  [main]s.d.spring.web.plugins.DocumentationPluginsBootstrapper.start:160 -Context refreshed
2020-09-03 11:03:42.771 INFO  [main]s.d.spring.web.plugins.DocumentationPluginsBootstrapper.start:163 -Found 1 custom documentation plugin(s)
2020-09-03 11:03:42.852 INFO  [main]s.d.spring.web.scanners.ApiListingReferenceScanner.scan:41 -Scanning for api listing references
2020-09-03 11:03:43.111 INFO  [main]s.d.s.w.readers.operation.CachingOperationNameGenerator.startingWith:40 -Generating unique operation named: addUsingPOST_1
2020-09-03 11:03:43.114 INFO  [main]s.d.s.w.readers.operation.CachingOperationNameGenerator.startingWith:40 -Generating unique operation named: editUsingPUT_1
2020-09-03 11:03:43.125 INFO  [main]s.d.s.w.readers.operation.CachingOperationNameGenerator.startingWith:40 -Generating unique operation named: getInfoUsingGET_1
2020-09-03 11:03:43.135 INFO  [main]s.d.s.w.readers.operation.CachingOperationNameGenerator.startingWith:40 -Generating unique operation named: listUsingGET_1
2020-09-03 11:03:43.140 INFO  [main]s.d.s.w.readers.operation.CachingOperationNameGenerator.startingWith:40 -Generating unique operation named: addUsingPOST_2
2020-09-03 11:03:43.142 INFO  [main]s.d.s.w.readers.operation.CachingOperationNameGenerator.startingWith:40 -Generating unique operation named: editUsingPUT_2
2020-09-03 11:03:43.147 INFO  [main]s.d.s.w.readers.operation.CachingOperationNameGenerator.startingWith:40 -Generating unique operation named: getInfoUsingGET_2
2020-09-03 11:03:43.153 INFO  [main]s.d.s.w.readers.operation.CachingOperationNameGenerator.startingWith:40 -Generating unique operation named: listUsingGET_2
2020-09-03 11:03:43.155 INFO  [main]s.d.s.w.readers.operation.CachingOperationNameGenerator.startingWith:40 -Generating unique operation named: removeUsingDELETE_1
2020-09-03 11:03:43.160 INFO  [main]s.d.s.w.readers.operation.CachingOperationNameGenerator.startingWith:40 -Generating unique operation named: addUsingPOST_3
2020-09-03 11:03:43.162 INFO  [main]s.d.s.w.readers.operation.CachingOperationNameGenerator.startingWith:40 -Generating unique operation named: editUsingPUT_3
2020-09-03 11:03:43.166 INFO  [main]s.d.s.w.readers.operation.CachingOperationNameGenerator.startingWith:40 -Generating unique operation named: getInfoUsingGET_3
2020-09-03 11:03:43.171 INFO  [main]s.d.s.w.readers.operation.CachingOperationNameGenerator.startingWith:40 -Generating unique operation named: listUsingGET_3
2020-09-03 11:03:43.174 INFO  [main]s.d.s.w.readers.operation.CachingOperationNameGenerator.startingWith:40 -Generating unique operation named: optionSelectUsingGET_1
2020-09-03 11:03:43.176 INFO  [main]s.d.s.w.readers.operation.CachingOperationNameGenerator.startingWith:40 -Generating unique operation named: removeUsingDELETE_2
2020-09-03 11:03:43.181 INFO  [main]s.d.s.w.readers.operation.CachingOperationNameGenerator.startingWith:40 -Generating unique operation named: addUsingPOST_4
2020-09-03 11:03:43.184 INFO  [main]s.d.s.w.readers.operation.CachingOperationNameGenerator.startingWith:40 -Generating unique operation named: editUsingPUT_4
2020-09-03 11:03:43.190 INFO  [main]s.d.s.w.readers.operation.CachingOperationNameGenerator.startingWith:40 -Generating unique operation named: getInfoUsingGET_4
2020-09-03 11:03:43.196 INFO  [main]s.d.s.w.readers.operation.CachingOperationNameGenerator.startingWith:40 -Generating unique operation named: listUsingGET_4
2020-09-03 11:03:43.198 INFO  [main]s.d.s.w.readers.operation.CachingOperationNameGenerator.startingWith:40 -Generating unique operation named: removeUsingDELETE_3
2020-09-03 11:03:43.205 INFO  [main]s.d.s.w.readers.operation.CachingOperationNameGenerator.startingWith:40 -Generating unique operation named: addUsingPOST_5
2020-09-03 11:03:43.207 INFO  [main]s.d.s.w.readers.operation.CachingOperationNameGenerator.startingWith:40 -Generating unique operation named: editUsingPUT_5
2020-09-03 11:03:43.217 INFO  [main]s.d.s.w.readers.operation.CachingOperationNameGenerator.startingWith:40 -Generating unique operation named: getInfoUsingGET_5
2020-09-03 11:03:43.225 INFO  [main]s.d.s.w.readers.operation.CachingOperationNameGenerator.startingWith:40 -Generating unique operation named: listUsingGET_5
2020-09-03 11:03:43.227 INFO  [main]s.d.s.w.readers.operation.CachingOperationNameGenerator.startingWith:40 -Generating unique operation named: removeUsingDELETE_4
2020-09-03 11:03:43.238 INFO  [main]s.d.s.w.readers.operation.CachingOperationNameGenerator.startingWith:40 -Generating unique operation named: addUsingPOST_6
2020-09-03 11:03:43.244 INFO  [main]s.d.s.w.readers.operation.CachingOperationNameGenerator.startingWith:40 -Generating unique operation named: editUsingPUT_6
2020-09-03 11:03:43.247 INFO  [main]s.d.s.w.readers.operation.CachingOperationNameGenerator.startingWith:40 -Generating unique operation named: getInfoUsingGET_6
2020-09-03 11:03:43.253 INFO  [main]s.d.s.w.readers.operation.CachingOperationNameGenerator.startingWith:40 -Generating unique operation named: listUsingGET_6
2020-09-03 11:03:43.254 INFO  [main]s.d.s.w.readers.operation.CachingOperationNameGenerator.startingWith:40 -Generating unique operation named: removeUsingDELETE_5
2020-09-03 11:03:43.258 INFO  [main]s.d.s.w.readers.operation.CachingOperationNameGenerator.startingWith:40 -Generating unique operation named: addUsingPOST_7
2020-09-03 11:03:43.259 INFO  [main]s.d.s.w.readers.operation.CachingOperationNameGenerator.startingWith:40 -Generating unique operation named: clearCacheUsingDELETE_1
2020-09-03 11:03:43.261 INFO  [main]s.d.s.w.readers.operation.CachingOperationNameGenerator.startingWith:40 -Generating unique operation named: editUsingPUT_7
2020-09-03 11:03:43.264 INFO  [main]s.d.s.w.readers.operation.CachingOperationNameGenerator.startingWith:40 -Generating unique operation named: getInfoUsingGET_7
2020-09-03 11:03:43.270 INFO  [main]s.d.s.w.readers.operation.CachingOperationNameGenerator.startingWith:40 -Generating unique operation named: listUsingGET_7
2020-09-03 11:03:43.273 INFO  [main]s.d.s.w.readers.operation.CachingOperationNameGenerator.startingWith:40 -Generating unique operation named: removeUsingDELETE_6
2020-09-03 11:03:43.275 INFO  [main]s.d.s.w.readers.operation.CachingOperationNameGenerator.startingWith:40 -Generating unique operation named: getInfoUsingGET_8
2020-09-03 11:03:43.283 INFO  [main]s.d.s.w.readers.operation.CachingOperationNameGenerator.startingWith:40 -Generating unique operation named: addUsingPOST_8
2020-09-03 11:03:43.284 INFO  [main]s.d.s.w.readers.operation.CachingOperationNameGenerator.startingWith:40 -Generating unique operation named: editUsingPUT_8
2020-09-03 11:03:43.289 INFO  [main]s.d.s.w.readers.operation.CachingOperationNameGenerator.startingWith:40 -Generating unique operation named: getInfoUsingGET_9
2020-09-03 11:03:43.295 INFO  [main]s.d.s.w.readers.operation.CachingOperationNameGenerator.startingWith:40 -Generating unique operation named: listUsingGET_8
2020-09-03 11:03:43.297 INFO  [main]s.d.s.w.readers.operation.CachingOperationNameGenerator.startingWith:40 -Generating unique operation named: removeUsingDELETE_7
2020-09-03 11:03:43.302 INFO  [main]s.d.s.w.readers.operation.CachingOperationNameGenerator.startingWith:40 -Generating unique operation named: addUsingPOST_9
2020-09-03 11:03:43.304 INFO  [main]s.d.s.w.readers.operation.CachingOperationNameGenerator.startingWith:40 -Generating unique operation named: editUsingPUT_9
2020-09-03 11:03:43.307 INFO  [main]s.d.s.w.readers.operation.CachingOperationNameGenerator.startingWith:40 -Generating unique operation named: getInfoUsingGET_10
2020-09-03 11:03:43.313 INFO  [main]s.d.s.w.readers.operation.CachingOperationNameGenerator.startingWith:40 -Generating unique operation named: listUsingGET_9
2020-09-03 11:03:43.314 INFO  [main]s.d.s.w.readers.operation.CachingOperationNameGenerator.startingWith:40 -Generating unique operation named: removeUsingDELETE_8
2020-09-03 11:03:43.333 INFO  [main]s.d.s.w.readers.operation.CachingOperationNameGenerator.startingWith:40 -Generating unique operation named: addUsingPOST_10
2020-09-03 11:03:43.336 INFO  [main]s.d.s.w.readers.operation.CachingOperationNameGenerator.startingWith:40 -Generating unique operation named: changeStatusUsingPUT_1
2020-09-03 11:03:43.338 INFO  [main]s.d.s.w.readers.operation.CachingOperationNameGenerator.startingWith:40 -Generating unique operation named: editUsingPUT_10
2020-09-03 11:03:43.345 INFO  [main]s.d.s.w.readers.operation.CachingOperationNameGenerator.startingWith:40 -Generating unique operation named: getInfoUsingGET_11
2020-09-03 11:03:43.355 INFO  [main]s.d.s.w.readers.operation.CachingOperationNameGenerator.startingWith:40 -Generating unique operation named: listUsingGET_10
2020-09-03 11:03:43.356 INFO  [main]s.d.s.w.readers.operation.CachingOperationNameGenerator.startingWith:40 -Generating unique operation named: removeUsingDELETE_9
2020-09-03 11:03:43.359 INFO  [main]s.d.s.w.readers.operation.CachingOperationNameGenerator.startingWith:40 -Generating unique operation named: addUsingPOST_11
2020-09-03 11:03:43.362 INFO  [main]s.d.s.w.readers.operation.CachingOperationNameGenerator.startingWith:40 -Generating unique operation named: changeStatusUsingPUT_2
2020-09-03 11:03:43.364 INFO  [main]s.d.s.w.readers.operation.CachingOperationNameGenerator.startingWith:40 -Generating unique operation named: editUsingPUT_11
2020-09-03 11:03:43.366 INFO  [main]s.d.s.w.readers.operation.CachingOperationNameGenerator.startingWith:40 -Generating unique operation named: getInfoUsingGET_12
2020-09-03 11:03:43.369 INFO  [main]s.d.s.w.readers.operation.CachingOperationNameGenerator.startingWith:40 -Generating unique operation named: getInfoUsingGET_13
2020-09-03 11:03:43.388 INFO  [main]s.d.s.w.readers.operation.CachingOperationNameGenerator.startingWith:40 -Generating unique operation named: listUsingGET_11
2020-09-03 11:03:43.389 INFO  [main]s.d.s.w.readers.operation.CachingOperationNameGenerator.startingWith:40 -Generating unique operation named: removeUsingDELETE_10
2020-09-03 11:03:43.839 INFO  [main]com.linq.web.TestDemos.logStarted:61 -Started TestDemos in 14.838 seconds (JVM running for 17.122)
2020-09-03 11:03:44.913 INFO  [SpringContextShutdownHook]com.linq.framework.manager.ShutdownManager.shutdownAsyncManager:25 -====关闭后台任务任务线程池====
2020-09-03 11:03:44.915 INFO  [SpringContextShutdownHook]com.alibaba.druid.pool.DruidDataSource.close:2003 -{dataSource-1} closing ...
2020-09-03 11:03:44.920 INFO  [SpringContextShutdownHook]com.alibaba.druid.pool.DruidDataSource.close:2075 -{dataSource-1} closed
2020-09-03 11:04:49.347 INFO  [main]com.linq.web.TestDemos.logStarting:55 -Starting TestDemos on JaydeMacBook-Pro.local with PID 5013 (started by jay in /Users/jay/Desktop/Vue项目集合/新闻发布管理系统/linq/linq-web)
2020-09-03 11:04:49.349 INFO  [main]com.linq.web.TestDemos.logStartupProfileInfo:655 -The following profiles are active: druid,linq
2020-09-03 11:04:53.214 INFO  [main]c.a.d.s.boot.autoconfigure.DruidDataSourceAutoConfigure.dataSource:56 -Init DruidDataSource
2020-09-03 11:04:53.970 INFO  [main]com.alibaba.druid.pool.DruidDataSource.init:1010 -{dataSource-1} inited
2020-09-03 11:04:59.876 INFO  [main]s.d.s.web.PropertySourcedRequestMappingHandlerMapping.initHandlerMethods:69 -Mapped URL path [/v2/api-docs] onto method [springfox.documentation.swagger2.web.Swagger2Controller#getDocumentation(String, HttpServletRequest)]
2020-09-03 11:05:01.294 INFO  [main]s.d.spring.web.plugins.DocumentationPluginsBootstrapper.start:160 -Context refreshed
2020-09-03 11:05:01.312 INFO  [main]s.d.spring.web.plugins.DocumentationPluginsBootstrapper.start:163 -Found 1 custom documentation plugin(s)
2020-09-03 11:05:01.381 INFO  [main]s.d.spring.web.scanners.ApiListingReferenceScanner.scan:41 -Scanning for api listing references
2020-09-03 11:05:01.651 INFO  [main]s.d.s.w.readers.operation.CachingOperationNameGenerator.startingWith:40 -Generating unique operation named: addUsingPOST_1
2020-09-03 11:05:01.654 INFO  [main]s.d.s.w.readers.operation.CachingOperationNameGenerator.startingWith:40 -Generating unique operation named: editUsingPUT_1
2020-09-03 11:05:01.691 INFO  [main]s.d.s.w.readers.operation.CachingOperationNameGenerator.startingWith:40 -Generating unique operation named: getInfoUsingGET_1
2020-09-03 11:05:01.730 INFO  [main]s.d.s.w.readers.operation.CachingOperationNameGenerator.startingWith:40 -Generating unique operation named: listUsingGET_1
2020-09-03 11:05:01.740 INFO  [main]s.d.s.w.readers.operation.CachingOperationNameGenerator.startingWith:40 -Generating unique operation named: addUsingPOST_2
2020-09-03 11:05:01.742 INFO  [main]s.d.s.w.readers.operation.CachingOperationNameGenerator.startingWith:40 -Generating unique operation named: editUsingPUT_2
2020-09-03 11:05:01.749 INFO  [main]s.d.s.w.readers.operation.CachingOperationNameGenerator.startingWith:40 -Generating unique operation named: getInfoUsingGET_2
2020-09-03 11:05:01.756 INFO  [main]s.d.s.w.readers.operation.CachingOperationNameGenerator.startingWith:40 -Generating unique operation named: listUsingGET_2
2020-09-03 11:05:01.759 INFO  [main]s.d.s.w.readers.operation.CachingOperationNameGenerator.startingWith:40 -Generating unique operation named: removeUsingDELETE_1
2020-09-03 11:05:01.764 INFO  [main]s.d.s.w.readers.operation.CachingOperationNameGenerator.startingWith:40 -Generating unique operation named: addUsingPOST_3
2020-09-03 11:05:01.767 INFO  [main]s.d.s.w.readers.operation.CachingOperationNameGenerator.startingWith:40 -Generating unique operation named: editUsingPUT_3
2020-09-03 11:05:01.771 INFO  [main]s.d.s.w.readers.operation.CachingOperationNameGenerator.startingWith:40 -Generating unique operation named: getInfoUsingGET_3
2020-09-03 11:05:01.777 INFO  [main]s.d.s.w.readers.operation.CachingOperationNameGenerator.startingWith:40 -Generating unique operation named: listUsingGET_3
2020-09-03 11:05:01.780 INFO  [main]s.d.s.w.readers.operation.CachingOperationNameGenerator.startingWith:40 -Generating unique operation named: optionSelectUsingGET_1
2020-09-03 11:05:01.782 INFO  [main]s.d.s.w.readers.operation.CachingOperationNameGenerator.startingWith:40 -Generating unique operation named: removeUsingDELETE_2
2020-09-03 11:05:01.789 INFO  [main]s.d.s.w.readers.operation.CachingOperationNameGenerator.startingWith:40 -Generating unique operation named: addUsingPOST_4
2020-09-03 11:05:01.793 INFO  [main]s.d.s.w.readers.operation.CachingOperationNameGenerator.startingWith:40 -Generating unique operation named: editUsingPUT_4
2020-09-03 11:05:01.799 INFO  [main]s.d.s.w.readers.operation.CachingOperationNameGenerator.startingWith:40 -Generating unique operation named: getInfoUsingGET_4
2020-09-03 11:05:01.806 INFO  [main]s.d.s.w.readers.operation.CachingOperationNameGenerator.startingWith:40 -Generating unique operation named: listUsingGET_4
2020-09-03 11:05:01.807 INFO  [main]s.d.s.w.readers.operation.CachingOperationNameGenerator.startingWith:40 -Generating unique operation named: removeUsingDELETE_3
2020-09-03 11:05:01.814 INFO  [main]s.d.s.w.readers.operation.CachingOperationNameGenerator.startingWith:40 -Generating unique operation named: addUsingPOST_5
2020-09-03 11:05:01.815 INFO  [main]s.d.s.w.readers.operation.CachingOperationNameGenerator.startingWith:40 -Generating unique operation named: editUsingPUT_5
2020-09-03 11:05:01.824 INFO  [main]s.d.s.w.readers.operation.CachingOperationNameGenerator.startingWith:40 -Generating unique operation named: getInfoUsingGET_5
2020-09-03 11:05:01.831 INFO  [main]s.d.s.w.readers.operation.CachingOperationNameGenerator.startingWith:40 -Generating unique operation named: listUsingGET_5
2020-09-03 11:05:01.836 INFO  [main]s.d.s.w.readers.operation.CachingOperationNameGenerator.startingWith:40 -Generating unique operation named: removeUsingDELETE_4
2020-09-03 11:05:01.850 INFO  [main]s.d.s.w.readers.operation.CachingOperationNameGenerator.startingWith:40 -Generating unique operation named: addUsingPOST_6
2020-09-03 11:05:01.858 INFO  [main]s.d.s.w.readers.operation.CachingOperationNameGenerator.startingWith:40 -Generating unique operation named: editUsingPUT_6
2020-09-03 11:05:01.863 INFO  [main]s.d.s.w.readers.operation.CachingOperationNameGenerator.startingWith:40 -Generating unique operation named: getInfoUsingGET_6
2020-09-03 11:05:01.874 INFO  [main]s.d.s.w.readers.operation.CachingOperationNameGenerator.startingWith:40 -Generating unique operation named: listUsingGET_6
2020-09-03 11:05:01.876 INFO  [main]s.d.s.w.readers.operation.CachingOperationNameGenerator.startingWith:40 -Generating unique operation named: removeUsingDELETE_5
2020-09-03 11:05:01.880 INFO  [main]s.d.s.w.readers.operation.CachingOperationNameGenerator.startingWith:40 -Generating unique operation named: addUsingPOST_7
2020-09-03 11:05:01.881 INFO  [main]s.d.s.w.readers.operation.CachingOperationNameGenerator.startingWith:40 -Generating unique operation named: clearCacheUsingDELETE_1
2020-09-03 11:05:01.883 INFO  [main]s.d.s.w.readers.operation.CachingOperationNameGenerator.startingWith:40 -Generating unique operation named: editUsingPUT_7
2020-09-03 11:05:01.891 INFO  [main]s.d.s.w.readers.operation.CachingOperationNameGenerator.startingWith:40 -Generating unique operation named: getInfoUsingGET_7
2020-09-03 11:05:01.901 INFO  [main]s.d.s.w.readers.operation.CachingOperationNameGenerator.startingWith:40 -Generating unique operation named: listUsingGET_7
2020-09-03 11:05:01.905 INFO  [main]s.d.s.w.readers.operation.CachingOperationNameGenerator.startingWith:40 -Generating unique operation named: removeUsingDELETE_6
2020-09-03 11:05:01.908 INFO  [main]s.d.s.w.readers.operation.CachingOperationNameGenerator.startingWith:40 -Generating unique operation named: getInfoUsingGET_8
2020-09-03 11:05:01.920 INFO  [main]s.d.s.w.readers.operation.CachingOperationNameGenerator.startingWith:40 -Generating unique operation named: addUsingPOST_8
2020-09-03 11:05:01.924 INFO  [main]s.d.s.w.readers.operation.CachingOperationNameGenerator.startingWith:40 -Generating unique operation named: editUsingPUT_8
2020-09-03 11:05:01.930 INFO  [main]s.d.s.w.readers.operation.CachingOperationNameGenerator.startingWith:40 -Generating unique operation named: getInfoUsingGET_9
2020-09-03 11:05:01.941 INFO  [main]s.d.s.w.readers.operation.CachingOperationNameGenerator.startingWith:40 -Generating unique operation named: listUsingGET_8
2020-09-03 11:05:01.945 INFO  [main]s.d.s.w.readers.operation.CachingOperationNameGenerator.startingWith:40 -Generating unique operation named: removeUsingDELETE_7
2020-09-03 11:05:01.953 INFO  [main]s.d.s.w.readers.operation.CachingOperationNameGenerator.startingWith:40 -Generating unique operation named: addUsingPOST_9
2020-09-03 11:05:01.954 INFO  [main]s.d.s.w.readers.operation.CachingOperationNameGenerator.startingWith:40 -Generating unique operation named: editUsingPUT_9
2020-09-03 11:05:01.959 INFO  [main]s.d.s.w.readers.operation.CachingOperationNameGenerator.startingWith:40 -Generating unique operation named: getInfoUsingGET_10
2020-09-03 11:05:01.967 INFO  [main]s.d.s.w.readers.operation.CachingOperationNameGenerator.startingWith:40 -Generating unique operation named: listUsingGET_9
2020-09-03 11:05:01.970 INFO  [main]s.d.s.w.readers.operation.CachingOperationNameGenerator.startingWith:40 -Generating unique operation named: removeUsingDELETE_8
2020-09-03 11:05:01.992 INFO  [main]s.d.s.w.readers.operation.CachingOperationNameGenerator.startingWith:40 -Generating unique operation named: addUsingPOST_10
2020-09-03 11:05:01.995 INFO  [main]s.d.s.w.readers.operation.CachingOperationNameGenerator.startingWith:40 -Generating unique operation named: changeStatusUsingPUT_1
2020-09-03 11:05:01.997 INFO  [main]s.d.s.w.readers.operation.CachingOperationNameGenerator.startingWith:40 -Generating unique operation named: editUsingPUT_10
2020-09-03 11:05:02.004 INFO  [main]s.d.s.w.readers.operation.CachingOperationNameGenerator.startingWith:40 -Generating unique operation named: getInfoUsingGET_11
2020-09-03 11:05:02.013 INFO  [main]s.d.s.w.readers.operation.CachingOperationNameGenerator.startingWith:40 -Generating unique operation named: listUsingGET_10
2020-09-03 11:05:02.015 INFO  [main]s.d.s.w.readers.operation.CachingOperationNameGenerator.startingWith:40 -Generating unique operation named: removeUsingDELETE_9
2020-09-03 11:05:02.018 INFO  [main]s.d.s.w.readers.operation.CachingOperationNameGenerator.startingWith:40 -Generating unique operation named: addUsingPOST_11
2020-09-03 11:05:02.021 INFO  [main]s.d.s.w.readers.operation.CachingOperationNameGenerator.startingWith:40 -Generating unique operation named: changeStatusUsingPUT_2
2020-09-03 11:05:02.023 INFO  [main]s.d.s.w.readers.operation.CachingOperationNameGenerator.startingWith:40 -Generating unique operation named: editUsingPUT_11
2020-09-03 11:05:02.026 INFO  [main]s.d.s.w.readers.operation.CachingOperationNameGenerator.startingWith:40 -Generating unique operation named: getInfoUsingGET_12
2020-09-03 11:05:02.028 INFO  [main]s.d.s.w.readers.operation.CachingOperationNameGenerator.startingWith:40 -Generating unique operation named: getInfoUsingGET_13
2020-09-03 11:05:02.049 INFO  [main]s.d.s.w.readers.operation.CachingOperationNameGenerator.startingWith:40 -Generating unique operation named: listUsingGET_11
2020-09-03 11:05:02.052 INFO  [main]s.d.s.w.readers.operation.CachingOperationNameGenerator.startingWith:40 -Generating unique operation named: removeUsingDELETE_10
2020-09-03 11:05:02.620 INFO  [main]com.linq.web.TestDemos.logStarted:61 -Started TestDemos in 14.129 seconds (JVM running for 16.493)
2020-09-03 11:05:03.742 INFO  [SpringContextShutdownHook]com.linq.framework.manager.ShutdownManager.shutdownAsyncManager:25 -====关闭后台任务任务线程池====
2020-09-03 11:05:03.745 INFO  [SpringContextShutdownHook]com.alibaba.druid.pool.DruidDataSource.close:2003 -{dataSource-1} closing ...
2020-09-03 11:05:03.750 INFO  [SpringContextShutdownHook]com.alibaba.druid.pool.DruidDataSource.close:2075 -{dataSource-1} closed
2020-09-03 11:05:20.036 INFO  [main]com.linq.web.TestDemos.logStarting:55 -Starting TestDemos on JaydeMacBook-Pro.local with PID 5022 (started by jay in /Users/jay/Desktop/Vue项目集合/新闻发布管理系统/linq/linq-web)
2020-09-03 11:05:20.038 INFO  [main]com.linq.web.TestDemos.logStartupProfileInfo:655 -The following profiles are active: druid,linq
2020-09-03 11:05:23.432 INFO  [main]c.a.d.s.boot.autoconfigure.DruidDataSourceAutoConfigure.dataSource:56 -Init DruidDataSource
2020-09-03 11:05:24.044 INFO  [main]com.alibaba.druid.pool.DruidDataSource.init:1010 -{dataSource-1} inited
2020-09-03 11:05:29.628 INFO  [main]s.d.s.web.PropertySourcedRequestMappingHandlerMapping.initHandlerMethods:69 -Mapped URL path [/v2/api-docs] onto method [springfox.documentation.swagger2.web.Swagger2Controller#getDocumentation(String, HttpServletRequest)]
2020-09-03 11:05:31.056 INFO  [main]s.d.spring.web.plugins.DocumentationPluginsBootstrapper.start:160 -Context refreshed
2020-09-03 11:05:31.073 INFO  [main]s.d.spring.web.plugins.DocumentationPluginsBootstrapper.start:163 -Found 1 custom documentation plugin(s)
2020-09-03 11:05:31.140 INFO  [main]s.d.spring.web.scanners.ApiListingReferenceScanner.scan:41 -Scanning for api listing references
2020-09-03 11:05:31.385 INFO  [main]s.d.s.w.readers.operation.CachingOperationNameGenerator.startingWith:40 -Generating unique operation named: addUsingPOST_1
2020-09-03 11:05:31.388 INFO  [main]s.d.s.w.readers.operation.CachingOperationNameGenerator.startingWith:40 -Generating unique operation named: editUsingPUT_1
2020-09-03 11:05:31.395 INFO  [main]s.d.s.w.readers.operation.CachingOperationNameGenerator.startingWith:40 -Generating unique operation named: getInfoUsingGET_1
2020-09-03 11:05:31.406 INFO  [main]s.d.s.w.readers.operation.CachingOperationNameGenerator.startingWith:40 -Generating unique operation named: listUsingGET_1
2020-09-03 11:05:31.411 INFO  [main]s.d.s.w.readers.operation.CachingOperationNameGenerator.startingWith:40 -Generating unique operation named: addUsingPOST_2
2020-09-03 11:05:31.413 INFO  [main]s.d.s.w.readers.operation.CachingOperationNameGenerator.startingWith:40 -Generating unique operation named: editUsingPUT_2
2020-09-03 11:05:31.418 INFO  [main]s.d.s.w.readers.operation.CachingOperationNameGenerator.startingWith:40 -Generating unique operation named: getInfoUsingGET_2
2020-09-03 11:05:31.425 INFO  [main]s.d.s.w.readers.operation.CachingOperationNameGenerator.startingWith:40 -Generating unique operation named: listUsingGET_2
2020-09-03 11:05:31.429 INFO  [main]s.d.s.w.readers.operation.CachingOperationNameGenerator.startingWith:40 -Generating unique operation named: removeUsingDELETE_1
2020-09-03 11:05:31.436 INFO  [main]s.d.s.w.readers.operation.CachingOperationNameGenerator.startingWith:40 -Generating unique operation named: addUsingPOST_3
2020-09-03 11:05:31.438 INFO  [main]s.d.s.w.readers.operation.CachingOperationNameGenerator.startingWith:40 -Generating unique operation named: editUsingPUT_3
2020-09-03 11:05:31.443 INFO  [main]s.d.s.w.readers.operation.CachingOperationNameGenerator.startingWith:40 -Generating unique operation named: getInfoUsingGET_3
2020-09-03 11:05:31.448 INFO  [main]s.d.s.w.readers.operation.CachingOperationNameGenerator.startingWith:40 -Generating unique operation named: listUsingGET_3
2020-09-03 11:05:31.451 INFO  [main]s.d.s.w.readers.operation.CachingOperationNameGenerator.startingWith:40 -Generating unique operation named: optionSelectUsingGET_1
2020-09-03 11:05:31.453 INFO  [main]s.d.s.w.readers.operation.CachingOperationNameGenerator.startingWith:40 -Generating unique operation named: removeUsingDELETE_2
2020-09-03 11:05:31.458 INFO  [main]s.d.s.w.readers.operation.CachingOperationNameGenerator.startingWith:40 -Generating unique operation named: addUsingPOST_4
2020-09-03 11:05:31.462 INFO  [main]s.d.s.w.readers.operation.CachingOperationNameGenerator.startingWith:40 -Generating unique operation named: editUsingPUT_4
2020-09-03 11:05:31.469 INFO  [main]s.d.s.w.readers.operation.CachingOperationNameGenerator.startingWith:40 -Generating unique operation named: getInfoUsingGET_4
2020-09-03 11:05:31.475 INFO  [main]s.d.s.w.readers.operation.CachingOperationNameGenerator.startingWith:40 -Generating unique operation named: listUsingGET_4
2020-09-03 11:05:31.477 INFO  [main]s.d.s.w.readers.operation.CachingOperationNameGenerator.startingWith:40 -Generating unique operation named: removeUsingDELETE_3
2020-09-03 11:05:31.483 INFO  [main]s.d.s.w.readers.operation.CachingOperationNameGenerator.startingWith:40 -Generating unique operation named: addUsingPOST_5
2020-09-03 11:05:31.485 INFO  [main]s.d.s.w.readers.operation.CachingOperationNameGenerator.startingWith:40 -Generating unique operation named: editUsingPUT_5
2020-09-03 11:05:31.493 INFO  [main]s.d.s.w.readers.operation.CachingOperationNameGenerator.startingWith:40 -Generating unique operation named: getInfoUsingGET_5
2020-09-03 11:05:31.499 INFO  [main]s.d.s.w.readers.operation.CachingOperationNameGenerator.startingWith:40 -Generating unique operation named: listUsingGET_5
2020-09-03 11:05:31.501 INFO  [main]s.d.s.w.readers.operation.CachingOperationNameGenerator.startingWith:40 -Generating unique operation named: removeUsingDELETE_4
2020-09-03 11:05:31.514 INFO  [main]s.d.s.w.readers.operation.CachingOperationNameGenerator.startingWith:40 -Generating unique operation named: addUsingPOST_6
2020-09-03 11:05:31.520 INFO  [main]s.d.s.w.readers.operation.CachingOperationNameGenerator.startingWith:40 -Generating unique operation named: editUsingPUT_6
2020-09-03 11:05:31.523 INFO  [main]s.d.s.w.readers.operation.CachingOperationNameGenerator.startingWith:40 -Generating unique operation named: getInfoUsingGET_6
2020-09-03 11:05:31.529 INFO  [main]s.d.s.w.readers.operation.CachingOperationNameGenerator.startingWith:40 -Generating unique operation named: listUsingGET_6
2020-09-03 11:05:31.531 INFO  [main]s.d.s.w.readers.operation.CachingOperationNameGenerator.startingWith:40 -Generating unique operation named: removeUsingDELETE_5
2020-09-03 11:05:31.535 INFO  [main]s.d.s.w.readers.operation.CachingOperationNameGenerator.startingWith:40 -Generating unique operation named: addUsingPOST_7
2020-09-03 11:05:31.536 INFO  [main]s.d.s.w.readers.operation.CachingOperationNameGenerator.startingWith:40 -Generating unique operation named: clearCacheUsingDELETE_1
2020-09-03 11:05:31.537 INFO  [main]s.d.s.w.readers.operation.CachingOperationNameGenerator.startingWith:40 -Generating unique operation named: editUsingPUT_7
2020-09-03 11:05:31.541 INFO  [main]s.d.s.w.readers.operation.CachingOperationNameGenerator.startingWith:40 -Generating unique operation named: getInfoUsingGET_7
2020-09-03 11:05:31.548 INFO  [main]s.d.s.w.readers.operation.CachingOperationNameGenerator.startingWith:40 -Generating unique operation named: listUsingGET_7
2020-09-03 11:05:31.552 INFO  [main]s.d.s.w.readers.operation.CachingOperationNameGenerator.startingWith:40 -Generating unique operation named: removeUsingDELETE_6
2020-09-03 11:05:31.554 INFO  [main]s.d.s.w.readers.operation.CachingOperationNameGenerator.startingWith:40 -Generating unique operation named: getInfoUsingGET_8
2020-09-03 11:05:31.565 INFO  [main]s.d.s.w.readers.operation.CachingOperationNameGenerator.startingWith:40 -Generating unique operation named: addUsingPOST_8
2020-09-03 11:05:31.567 INFO  [main]s.d.s.w.readers.operation.CachingOperationNameGenerator.startingWith:40 -Generating unique operation named: editUsingPUT_8
2020-09-03 11:05:31.574 INFO  [main]s.d.s.w.readers.operation.CachingOperationNameGenerator.startingWith:40 -Generating unique operation named: getInfoUsingGET_9
2020-09-03 11:05:31.581 INFO  [main]s.d.s.w.readers.operation.CachingOperationNameGenerator.startingWith:40 -Generating unique operation named: listUsingGET_8
2020-09-03 11:05:31.583 INFO  [main]s.d.s.w.readers.operation.CachingOperationNameGenerator.startingWith:40 -Generating unique operation named: removeUsingDELETE_7
2020-09-03 11:05:31.588 INFO  [main]s.d.s.w.readers.operation.CachingOperationNameGenerator.startingWith:40 -Generating unique operation named: addUsingPOST_9
2020-09-03 11:05:31.590 INFO  [main]s.d.s.w.readers.operation.CachingOperationNameGenerator.startingWith:40 -Generating unique operation named: editUsingPUT_9
2020-09-03 11:05:31.604 INFO  [main]s.d.s.w.readers.operation.CachingOperationNameGenerator.startingWith:40 -Generating unique operation named: getInfoUsingGET_10
2020-09-03 11:05:31.615 INFO  [main]s.d.s.w.readers.operation.CachingOperationNameGenerator.startingWith:40 -Generating unique operation named: listUsingGET_9
2020-09-03 11:05:31.618 INFO  [main]s.d.s.w.readers.operation.CachingOperationNameGenerator.startingWith:40 -Generating unique operation named: removeUsingDELETE_8
2020-09-03 11:05:31.636 INFO  [main]s.d.s.w.readers.operation.CachingOperationNameGenerator.startingWith:40 -Generating unique operation named: addUsingPOST_10
2020-09-03 11:05:31.639 INFO  [main]s.d.s.w.readers.operation.CachingOperationNameGenerator.startingWith:40 -Generating unique operation named: changeStatusUsingPUT_1
2020-09-03 11:05:31.642 INFO  [main]s.d.s.w.readers.operation.CachingOperationNameGenerator.startingWith:40 -Generating unique operation named: editUsingPUT_10
2020-09-03 11:05:31.647 INFO  [main]s.d.s.w.readers.operation.CachingOperationNameGenerator.startingWith:40 -Generating unique operation named: getInfoUsingGET_11
2020-09-03 11:05:31.657 INFO  [main]s.d.s.w.readers.operation.CachingOperationNameGenerator.startingWith:40 -Generating unique operation named: listUsingGET_10
2020-09-03 11:05:31.658 INFO  [main]s.d.s.w.readers.operation.CachingOperationNameGenerator.startingWith:40 -Generating unique operation named: removeUsingDELETE_9
2020-09-03 11:05:31.661 INFO  [main]s.d.s.w.readers.operation.CachingOperationNameGenerator.startingWith:40 -Generating unique operation named: addUsingPOST_11
2020-09-03 11:05:31.663 INFO  [main]s.d.s.w.readers.operation.CachingOperationNameGenerator.startingWith:40 -Generating unique operation named: changeStatusUsingPUT_2
2020-09-03 11:05:31.666 INFO  [main]s.d.s.w.readers.operation.CachingOperationNameGenerator.startingWith:40 -Generating unique operation named: editUsingPUT_11
2020-09-03 11:05:31.670 INFO  [main]s.d.s.w.readers.operation.CachingOperationNameGenerator.startingWith:40 -Generating unique operation named: getInfoUsingGET_12
2020-09-03 11:05:31.672 INFO  [main]s.d.s.w.readers.operation.CachingOperationNameGenerator.startingWith:40 -Generating unique operation named: getInfoUsingGET_13
2020-09-03 11:05:31.690 INFO  [main]s.d.s.w.readers.operation.CachingOperationNameGenerator.startingWith:40 -Generating unique operation named: listUsingGET_11
2020-09-03 11:05:31.694 INFO  [main]s.d.s.w.readers.operation.CachingOperationNameGenerator.startingWith:40 -Generating unique operation named: removeUsingDELETE_10
2020-09-03 11:05:32.178 INFO  [main]com.linq.web.TestDemos.logStarted:61 -Started TestDemos in 12.72 seconds (JVM running for 14.345)
2020-09-03 11:05:33.253 INFO  [SpringContextShutdownHook]com.linq.framework.manager.ShutdownManager.shutdownAsyncManager:25 -====关闭后台任务任务线程池====
2020-09-03 11:05:33.256 INFO  [SpringContextShutdownHook]com.alibaba.druid.pool.DruidDataSource.close:2003 -{dataSource-1} closing ...
2020-09-03 11:05:33.262 INFO  [SpringContextShutdownHook]com.alibaba.druid.pool.DruidDataSource.close:2075 -{dataSource-1} closed
2020-09-03 11:09:52.134 INFO  [main]com.linq.web.TestDemos.logStarting:55 -Starting TestDemos on JaydeMacBook-Pro.local with PID 5063 (started by jay in /Users/jay/Desktop/Vue项目集合/新闻发布管理系统/linq/linq-web)
2020-09-03 11:09:52.137 INFO  [main]com.linq.web.TestDemos.logStartupProfileInfo:655 -The following profiles are active: druid,linq
2020-09-03 11:09:56.692 INFO  [main]c.a.d.s.boot.autoconfigure.DruidDataSourceAutoConfigure.dataSource:56 -Init DruidDataSource
2020-09-03 11:09:57.411 INFO  [main]com.alibaba.druid.pool.DruidDataSource.init:1010 -{dataSource-1} inited
2020-09-03 11:10:04.578 INFO  [main]s.d.s.web.PropertySourcedRequestMappingHandlerMapping.initHandlerMethods:69 -Mapped URL path [/v2/api-docs] onto method [springfox.documentation.swagger2.web.Swagger2Controller#getDocumentation(String, HttpServletRequest)]
2020-09-03 11:10:05.954 INFO  [main]s.d.spring.web.plugins.DocumentationPluginsBootstrapper.start:160 -Context refreshed
2020-09-03 11:10:05.973 INFO  [main]s.d.spring.web.plugins.DocumentationPluginsBootstrapper.start:163 -Found 1 custom documentation plugin(s)
2020-09-03 11:10:06.040 INFO  [main]s.d.spring.web.scanners.ApiListingReferenceScanner.scan:41 -Scanning for api listing references
2020-09-03 11:10:06.276 INFO  [main]s.d.s.w.readers.operation.CachingOperationNameGenerator.startingWith:40 -Generating unique operation named: addUsingPOST_1
2020-09-03 11:10:06.278 INFO  [main]s.d.s.w.readers.operation.CachingOperationNameGenerator.startingWith:40 -Generating unique operation named: editUsingPUT_1
2020-09-03 11:10:06.286 INFO  [main]s.d.s.w.readers.operation.CachingOperationNameGenerator.startingWith:40 -Generating unique operation named: getInfoUsingGET_1
2020-09-03 11:10:06.295 INFO  [main]s.d.s.w.readers.operation.CachingOperationNameGenerator.startingWith:40 -Generating unique operation named: listUsingGET_1
2020-09-03 11:10:06.300 INFO  [main]s.d.s.w.readers.operation.CachingOperationNameGenerator.startingWith:40 -Generating unique operation named: addUsingPOST_2
2020-09-03 11:10:06.302 INFO  [main]s.d.s.w.readers.operation.CachingOperationNameGenerator.startingWith:40 -Generating unique operation named: editUsingPUT_2
2020-09-03 11:10:06.307 INFO  [main]s.d.s.w.readers.operation.CachingOperationNameGenerator.startingWith:40 -Generating unique operation named: getInfoUsingGET_2
2020-09-03 11:10:06.316 INFO  [main]s.d.s.w.readers.operation.CachingOperationNameGenerator.startingWith:40 -Generating unique operation named: listUsingGET_2
2020-09-03 11:10:06.318 INFO  [main]s.d.s.w.readers.operation.CachingOperationNameGenerator.startingWith:40 -Generating unique operation named: removeUsingDELETE_1
2020-09-03 11:10:06.324 INFO  [main]s.d.s.w.readers.operation.CachingOperationNameGenerator.startingWith:40 -Generating unique operation named: addUsingPOST_3
2020-09-03 11:10:06.326 INFO  [main]s.d.s.w.readers.operation.CachingOperationNameGenerator.startingWith:40 -Generating unique operation named: editUsingPUT_3
2020-09-03 11:10:06.330 INFO  [main]s.d.s.w.readers.operation.CachingOperationNameGenerator.startingWith:40 -Generating unique operation named: getInfoUsingGET_3
2020-09-03 11:10:06.335 INFO  [main]s.d.s.w.readers.operation.CachingOperationNameGenerator.startingWith:40 -Generating unique operation named: listUsingGET_3
2020-09-03 11:10:06.339 INFO  [main]s.d.s.w.readers.operation.CachingOperationNameGenerator.startingWith:40 -Generating unique operation named: optionSelectUsingGET_1
2020-09-03 11:10:06.341 INFO  [main]s.d.s.w.readers.operation.CachingOperationNameGenerator.startingWith:40 -Generating unique operation named: removeUsingDELETE_2
2020-09-03 11:10:06.346 INFO  [main]s.d.s.w.readers.operation.CachingOperationNameGenerator.startingWith:40 -Generating unique operation named: addUsingPOST_4
2020-09-03 11:10:06.349 INFO  [main]s.d.s.w.readers.operation.CachingOperationNameGenerator.startingWith:40 -Generating unique operation named: editUsingPUT_4
2020-09-03 11:10:06.357 INFO  [main]s.d.s.w.readers.operation.CachingOperationNameGenerator.startingWith:40 -Generating unique operation named: getInfoUsingGET_4
2020-09-03 11:10:06.364 INFO  [main]s.d.s.w.readers.operation.CachingOperationNameGenerator.startingWith:40 -Generating unique operation named: listUsingGET_4
2020-09-03 11:10:06.366 INFO  [main]s.d.s.w.readers.operation.CachingOperationNameGenerator.startingWith:40 -Generating unique operation named: removeUsingDELETE_3
2020-09-03 11:10:06.374 INFO  [main]s.d.s.w.readers.operation.CachingOperationNameGenerator.startingWith:40 -Generating unique operation named: addUsingPOST_5
2020-09-03 11:10:06.376 INFO  [main]s.d.s.w.readers.operation.CachingOperationNameGenerator.startingWith:40 -Generating unique operation named: editUsingPUT_5
2020-09-03 11:10:06.386 INFO  [main]s.d.s.w.readers.operation.CachingOperationNameGenerator.startingWith:40 -Generating unique operation named: getInfoUsingGET_5
2020-09-03 11:10:06.395 INFO  [main]s.d.s.w.readers.operation.CachingOperationNameGenerator.startingWith:40 -Generating unique operation named: listUsingGET_5
2020-09-03 11:10:06.398 INFO  [main]s.d.s.w.readers.operation.CachingOperationNameGenerator.startingWith:40 -Generating unique operation named: removeUsingDELETE_4
2020-09-03 11:10:06.412 INFO  [main]s.d.s.w.readers.operation.CachingOperationNameGenerator.startingWith:40 -Generating unique operation named: addUsingPOST_6
2020-09-03 11:10:06.419 INFO  [main]s.d.s.w.readers.operation.CachingOperationNameGenerator.startingWith:40 -Generating unique operation named: editUsingPUT_6
2020-09-03 11:10:06.422 INFO  [main]s.d.s.w.readers.operation.CachingOperationNameGenerator.startingWith:40 -Generating unique operation named: getInfoUsingGET_6
2020-09-03 11:10:06.429 INFO  [main]s.d.s.w.readers.operation.CachingOperationNameGenerator.startingWith:40 -Generating unique operation named: listUsingGET_6
2020-09-03 11:10:06.431 INFO  [main]s.d.s.w.readers.operation.CachingOperationNameGenerator.startingWith:40 -Generating unique operation named: removeUsingDELETE_5
2020-09-03 11:10:06.435 INFO  [main]s.d.s.w.readers.operation.CachingOperationNameGenerator.startingWith:40 -Generating unique operation named: addUsingPOST_7
2020-09-03 11:10:06.436 INFO  [main]s.d.s.w.readers.operation.CachingOperationNameGenerator.startingWith:40 -Generating unique operation named: clearCacheUsingDELETE_1
2020-09-03 11:10:06.439 INFO  [main]s.d.s.w.readers.operation.CachingOperationNameGenerator.startingWith:40 -Generating unique operation named: editUsingPUT_7
2020-09-03 11:10:06.443 INFO  [main]s.d.s.w.readers.operation.CachingOperationNameGenerator.startingWith:40 -Generating unique operation named: getInfoUsingGET_7
2020-09-03 11:10:06.450 INFO  [main]s.d.s.w.readers.operation.CachingOperationNameGenerator.startingWith:40 -Generating unique operation named: listUsingGET_7
2020-09-03 11:10:06.453 INFO  [main]s.d.s.w.readers.operation.CachingOperationNameGenerator.startingWith:40 -Generating unique operation named: removeUsingDELETE_6
2020-09-03 11:10:06.457 INFO  [main]s.d.s.w.readers.operation.CachingOperationNameGenerator.startingWith:40 -Generating unique operation named: getInfoUsingGET_8
2020-09-03 11:10:06.466 INFO  [main]s.d.s.w.readers.operation.CachingOperationNameGenerator.startingWith:40 -Generating unique operation named: addUsingPOST_8
2020-09-03 11:10:06.468 INFO  [main]s.d.s.w.readers.operation.CachingOperationNameGenerator.startingWith:40 -Generating unique operation named: editUsingPUT_8
2020-09-03 11:10:06.475 INFO  [main]s.d.s.w.readers.operation.CachingOperationNameGenerator.startingWith:40 -Generating unique operation named: getInfoUsingGET_9
2020-09-03 11:10:06.481 INFO  [main]s.d.s.w.readers.operation.CachingOperationNameGenerator.startingWith:40 -Generating unique operation named: listUsingGET_8
2020-09-03 11:10:06.483 INFO  [main]s.d.s.w.readers.operation.CachingOperationNameGenerator.startingWith:40 -Generating unique operation named: removeUsingDELETE_7
2020-09-03 11:10:06.489 INFO  [main]s.d.s.w.readers.operation.CachingOperationNameGenerator.startingWith:40 -Generating unique operation named: addUsingPOST_9
2020-09-03 11:10:06.492 INFO  [main]s.d.s.w.readers.operation.CachingOperationNameGenerator.startingWith:40 -Generating unique operation named: editUsingPUT_9
2020-09-03 11:10:06.496 INFO  [main]s.d.s.w.readers.operation.CachingOperationNameGenerator.startingWith:40 -Generating unique operation named: getInfoUsingGET_10
2020-09-03 11:10:06.503 INFO  [main]s.d.s.w.readers.operation.CachingOperationNameGenerator.startingWith:40 -Generating unique operation named: listUsingGET_9
2020-09-03 11:10:06.507 INFO  [main]s.d.s.w.readers.operation.CachingOperationNameGenerator.startingWith:40 -Generating unique operation named: removeUsingDELETE_8
2020-09-03 11:10:06.529 INFO  [main]s.d.s.w.readers.operation.CachingOperationNameGenerator.startingWith:40 -Generating unique operation named: addUsingPOST_10
2020-09-03 11:10:06.531 INFO  [main]s.d.s.w.readers.operation.CachingOperationNameGenerator.startingWith:40 -Generating unique operation named: changeStatusUsingPUT_1
2020-09-03 11:10:06.534 INFO  [main]s.d.s.w.readers.operation.CachingOperationNameGenerator.startingWith:40 -Generating unique operation named: editUsingPUT_10
2020-09-03 11:10:06.542 INFO  [main]s.d.s.w.readers.operation.CachingOperationNameGenerator.startingWith:40 -Generating unique operation named: getInfoUsingGET_11
2020-09-03 11:10:06.551 INFO  [main]s.d.s.w.readers.operation.CachingOperationNameGenerator.startingWith:40 -Generating unique operation named: listUsingGET_10
2020-09-03 11:10:06.556 INFO  [main]s.d.s.w.readers.operation.CachingOperationNameGenerator.startingWith:40 -Generating unique operation named: removeUsingDELETE_9
2020-09-03 11:10:06.559 INFO  [main]s.d.s.w.readers.operation.CachingOperationNameGenerator.startingWith:40 -Generating unique operation named: addUsingPOST_11
2020-09-03 11:10:06.564 INFO  [main]s.d.s.w.readers.operation.CachingOperationNameGenerator.startingWith:40 -Generating unique operation named: changeStatusUsingPUT_2
2020-09-03 11:10:06.567 INFO  [main]s.d.s.w.readers.operation.CachingOperationNameGenerator.startingWith:40 -Generating unique operation named: editUsingPUT_11
2020-09-03 11:10:06.569 INFO  [main]s.d.s.w.readers.operation.CachingOperationNameGenerator.startingWith:40 -Generating unique operation named: getInfoUsingGET_12
2020-09-03 11:10:06.573 INFO  [main]s.d.s.w.readers.operation.CachingOperationNameGenerator.startingWith:40 -Generating unique operation named: getInfoUsingGET_13
2020-09-03 11:10:06.594 INFO  [main]s.d.s.w.readers.operation.CachingOperationNameGenerator.startingWith:40 -Generating unique operation named: listUsingGET_11
2020-09-03 11:10:06.596 INFO  [main]s.d.s.w.readers.operation.CachingOperationNameGenerator.startingWith:40 -Generating unique operation named: removeUsingDELETE_10
2020-09-03 11:10:07.096 INFO  [main]com.linq.web.TestDemos.logStarted:61 -Started TestDemos in 15.658 seconds (JVM running for 17.179)
2020-09-03 11:10:08.140 INFO  [SpringContextShutdownHook]com.linq.framework.manager.ShutdownManager.shutdownAsyncManager:25 -====关闭后台任务任务线程池====
2020-09-03 11:10:08.143 INFO  [SpringContextShutdownHook]com.alibaba.druid.pool.DruidDataSource.close:2003 -{dataSource-1} closing ...
2020-09-03 11:10:08.148 INFO  [SpringContextShutdownHook]com.alibaba.druid.pool.DruidDataSource.close:2075 -{dataSource-1} closed
2020-09-03 11:10:15.830 INFO  [main]com.linq.web.TestDemos.logStarting:55 -Starting TestDemos on JaydeMacBook-Pro.local with PID 5069 (started by jay in /Users/jay/Desktop/Vue项目集合/新闻发布管理系统/linq/linq-web)
2020-09-03 11:10:15.834 INFO  [main]com.linq.web.TestDemos.logStartupProfileInfo:655 -The following profiles are active: druid,linq
2020-09-03 11:10:19.423 INFO  [main]c.a.d.s.boot.autoconfigure.DruidDataSourceAutoConfigure.dataSource:56 -Init DruidDataSource
2020-09-03 11:10:20.063 INFO  [main]com.alibaba.druid.pool.DruidDataSource.init:1010 -{dataSource-1} inited
2020-09-03 11:10:24.753 INFO  [main]s.d.s.web.PropertySourcedRequestMappingHandlerMapping.initHandlerMethods:69 -Mapped URL path [/v2/api-docs] onto method [springfox.documentation.swagger2.web.Swagger2Controller#getDocumentation(String, HttpServletRequest)]
2020-09-03 11:10:26.136 INFO  [main]s.d.spring.web.plugins.DocumentationPluginsBootstrapper.start:160 -Context refreshed
2020-09-03 11:10:26.157 INFO  [main]s.d.spring.web.plugins.DocumentationPluginsBootstrapper.start:163 -Found 1 custom documentation plugin(s)
2020-09-03 11:10:26.220 INFO  [main]s.d.spring.web.scanners.ApiListingReferenceScanner.scan:41 -Scanning for api listing references
2020-09-03 11:10:26.466 INFO  [main]s.d.s.w.readers.operation.CachingOperationNameGenerator.startingWith:40 -Generating unique operation named: addUsingPOST_1
2020-09-03 11:10:26.468 INFO  [main]s.d.s.w.readers.operation.CachingOperationNameGenerator.startingWith:40 -Generating unique operation named: editUsingPUT_1
2020-09-03 11:10:26.475 INFO  [main]s.d.s.w.readers.operation.CachingOperationNameGenerator.startingWith:40 -Generating unique operation named: getInfoUsingGET_1
2020-09-03 11:10:26.484 INFO  [main]s.d.s.w.readers.operation.CachingOperationNameGenerator.startingWith:40 -Generating unique operation named: listUsingGET_1
2020-09-03 11:10:26.489 INFO  [main]s.d.s.w.readers.operation.CachingOperationNameGenerator.startingWith:40 -Generating unique operation named: addUsingPOST_2
2020-09-03 11:10:26.491 INFO  [main]s.d.s.w.readers.operation.CachingOperationNameGenerator.startingWith:40 -Generating unique operation named: editUsingPUT_2
2020-09-03 11:10:26.497 INFO  [main]s.d.s.w.readers.operation.CachingOperationNameGenerator.startingWith:40 -Generating unique operation named: getInfoUsingGET_2
2020-09-03 11:10:26.504 INFO  [main]s.d.s.w.readers.operation.CachingOperationNameGenerator.startingWith:40 -Generating unique operation named: listUsingGET_2
2020-09-03 11:10:26.506 INFO  [main]s.d.s.w.readers.operation.CachingOperationNameGenerator.startingWith:40 -Generating unique operation named: removeUsingDELETE_1
2020-09-03 11:10:26.514 INFO  [main]s.d.s.w.readers.operation.CachingOperationNameGenerator.startingWith:40 -Generating unique operation named: addUsingPOST_3
2020-09-03 11:10:26.516 INFO  [main]s.d.s.w.readers.operation.CachingOperationNameGenerator.startingWith:40 -Generating unique operation named: editUsingPUT_3
2020-09-03 11:10:26.520 INFO  [main]s.d.s.w.readers.operation.CachingOperationNameGenerator.startingWith:40 -Generating unique operation named: getInfoUsingGET_3
2020-09-03 11:10:26.533 INFO  [main]s.d.s.w.readers.operation.CachingOperationNameGenerator.startingWith:40 -Generating unique operation named: listUsingGET_3
2020-09-03 11:10:26.536 INFO  [main]s.d.s.w.readers.operation.CachingOperationNameGenerator.startingWith:40 -Generating unique operation named: optionSelectUsingGET_1
2020-09-03 11:10:26.538 INFO  [main]s.d.s.w.readers.operation.CachingOperationNameGenerator.startingWith:40 -Generating unique operation named: removeUsingDELETE_2
2020-09-03 11:10:26.546 INFO  [main]s.d.s.w.readers.operation.CachingOperationNameGenerator.startingWith:40 -Generating unique operation named: addUsingPOST_4
2020-09-03 11:10:26.557 INFO  [main]s.d.s.w.readers.operation.CachingOperationNameGenerator.startingWith:40 -Generating unique operation named: editUsingPUT_4
2020-09-03 11:10:26.563 INFO  [main]s.d.s.w.readers.operation.CachingOperationNameGenerator.startingWith:40 -Generating unique operation named: getInfoUsingGET_4
2020-09-03 11:10:26.569 INFO  [main]s.d.s.w.readers.operation.CachingOperationNameGenerator.startingWith:40 -Generating unique operation named: listUsingGET_4
2020-09-03 11:10:26.571 INFO  [main]s.d.s.w.readers.operation.CachingOperationNameGenerator.startingWith:40 -Generating unique operation named: removeUsingDELETE_3
2020-09-03 11:10:26.578 INFO  [main]s.d.s.w.readers.operation.CachingOperationNameGenerator.startingWith:40 -Generating unique operation named: addUsingPOST_5
2020-09-03 11:10:26.582 INFO  [main]s.d.s.w.readers.operation.CachingOperationNameGenerator.startingWith:40 -Generating unique operation named: editUsingPUT_5
2020-09-03 11:10:26.598 INFO  [main]s.d.s.w.readers.operation.CachingOperationNameGenerator.startingWith:40 -Generating unique operation named: getInfoUsingGET_5
2020-09-03 11:10:26.606 INFO  [main]s.d.s.w.readers.operation.CachingOperationNameGenerator.startingWith:40 -Generating unique operation named: listUsingGET_5
2020-09-03 11:10:26.608 INFO  [main]s.d.s.w.readers.operation.CachingOperationNameGenerator.startingWith:40 -Generating unique operation named: removeUsingDELETE_4
2020-09-03 11:10:26.620 INFO  [main]s.d.s.w.readers.operation.CachingOperationNameGenerator.startingWith:40 -Generating unique operation named: addUsingPOST_6
2020-09-03 11:10:26.627 INFO  [main]s.d.s.w.readers.operation.CachingOperationNameGenerator.startingWith:40 -Generating unique operation named: editUsingPUT_6
2020-09-03 11:10:26.630 INFO  [main]s.d.s.w.readers.operation.CachingOperationNameGenerator.startingWith:40 -Generating unique operation named: getInfoUsingGET_6
2020-09-03 11:10:26.638 INFO  [main]s.d.s.w.readers.operation.CachingOperationNameGenerator.startingWith:40 -Generating unique operation named: listUsingGET_6
2020-09-03 11:10:26.641 INFO  [main]s.d.s.w.readers.operation.CachingOperationNameGenerator.startingWith:40 -Generating unique operation named: removeUsingDELETE_5
2020-09-03 11:10:26.646 INFO  [main]s.d.s.w.readers.operation.CachingOperationNameGenerator.startingWith:40 -Generating unique operation named: addUsingPOST_7
2020-09-03 11:10:26.647 INFO  [main]s.d.s.w.readers.operation.CachingOperationNameGenerator.startingWith:40 -Generating unique operation named: clearCacheUsingDELETE_1
2020-09-03 11:10:26.649 INFO  [main]s.d.s.w.readers.operation.CachingOperationNameGenerator.startingWith:40 -Generating unique operation named: editUsingPUT_7
2020-09-03 11:10:26.653 INFO  [main]s.d.s.w.readers.operation.CachingOperationNameGenerator.startingWith:40 -Generating unique operation named: getInfoUsingGET_7
2020-09-03 11:10:26.665 INFO  [main]s.d.s.w.readers.operation.CachingOperationNameGenerator.startingWith:40 -Generating unique operation named: listUsingGET_7
2020-09-03 11:10:26.669 INFO  [main]s.d.s.w.readers.operation.CachingOperationNameGenerator.startingWith:40 -Generating unique operation named: removeUsingDELETE_6
2020-09-03 11:10:26.675 INFO  [main]s.d.s.w.readers.operation.CachingOperationNameGenerator.startingWith:40 -Generating unique operation named: getInfoUsingGET_8
2020-09-03 11:10:26.691 INFO  [main]s.d.s.w.readers.operation.CachingOperationNameGenerator.startingWith:40 -Generating unique operation named: addUsingPOST_8
2020-09-03 11:10:26.693 INFO  [main]s.d.s.w.readers.operation.CachingOperationNameGenerator.startingWith:40 -Generating unique operation named: editUsingPUT_8
2020-09-03 11:10:26.699 INFO  [main]s.d.s.w.readers.operation.CachingOperationNameGenerator.startingWith:40 -Generating unique operation named: getInfoUsingGET_9
2020-09-03 11:10:26.707 INFO  [main]s.d.s.w.readers.operation.CachingOperationNameGenerator.startingWith:40 -Generating unique operation named: listUsingGET_8
2020-09-03 11:10:26.709 INFO  [main]s.d.s.w.readers.operation.CachingOperationNameGenerator.startingWith:40 -Generating unique operation named: removeUsingDELETE_7
2020-09-03 11:10:26.717 INFO  [main]s.d.s.w.readers.operation.CachingOperationNameGenerator.startingWith:40 -Generating unique operation named: addUsingPOST_9
2020-09-03 11:10:26.718 INFO  [main]s.d.s.w.readers.operation.CachingOperationNameGenerator.startingWith:40 -Generating unique operation named: editUsingPUT_9
2020-09-03 11:10:26.727 INFO  [main]s.d.s.w.readers.operation.CachingOperationNameGenerator.startingWith:40 -Generating unique operation named: getInfoUsingGET_10
2020-09-03 11:10:26.733 INFO  [main]s.d.s.w.readers.operation.CachingOperationNameGenerator.startingWith:40 -Generating unique operation named: listUsingGET_9
2020-09-03 11:10:26.735 INFO  [main]s.d.s.w.readers.operation.CachingOperationNameGenerator.startingWith:40 -Generating unique operation named: removeUsingDELETE_8
2020-09-03 11:10:26.756 INFO  [main]s.d.s.w.readers.operation.CachingOperationNameGenerator.startingWith:40 -Generating unique operation named: addUsingPOST_10
2020-09-03 11:10:26.758 INFO  [main]s.d.s.w.readers.operation.CachingOperationNameGenerator.startingWith:40 -Generating unique operation named: changeStatusUsingPUT_1
2020-09-03 11:10:26.760 INFO  [main]s.d.s.w.readers.operation.CachingOperationNameGenerator.startingWith:40 -Generating unique operation named: editUsingPUT_10
2020-09-03 11:10:26.768 INFO  [main]s.d.s.w.readers.operation.CachingOperationNameGenerator.startingWith:40 -Generating unique operation named: getInfoUsingGET_11
2020-09-03 11:10:26.776 INFO  [main]s.d.s.w.readers.operation.CachingOperationNameGenerator.startingWith:40 -Generating unique operation named: listUsingGET_10
2020-09-03 11:10:26.778 INFO  [main]s.d.s.w.readers.operation.CachingOperationNameGenerator.startingWith:40 -Generating unique operation named: removeUsingDELETE_9
2020-09-03 11:10:26.781 INFO  [main]s.d.s.w.readers.operation.CachingOperationNameGenerator.startingWith:40 -Generating unique operation named: addUsingPOST_11
2020-09-03 11:10:26.782 INFO  [main]s.d.s.w.readers.operation.CachingOperationNameGenerator.startingWith:40 -Generating unique operation named: changeStatusUsingPUT_2
2020-09-03 11:10:26.785 INFO  [main]s.d.s.w.readers.operation.CachingOperationNameGenerator.startingWith:40 -Generating unique operation named: editUsingPUT_11
2020-09-03 11:10:26.787 INFO  [main]s.d.s.w.readers.operation.CachingOperationNameGenerator.startingWith:40 -Generating unique operation named: getInfoUsingGET_12
2020-09-03 11:10:26.789 INFO  [main]s.d.s.w.readers.operation.CachingOperationNameGenerator.startingWith:40 -Generating unique operation named: getInfoUsingGET_13
2020-09-03 11:10:26.805 INFO  [main]s.d.s.w.readers.operation.CachingOperationNameGenerator.startingWith:40 -Generating unique operation named: listUsingGET_11
2020-09-03 11:10:26.809 INFO  [main]s.d.s.w.readers.operation.CachingOperationNameGenerator.startingWith:40 -Generating unique operation named: removeUsingDELETE_10
2020-09-03 11:10:27.241 INFO  [main]com.linq.web.TestDemos.logStarted:61 -Started TestDemos in 12.228 seconds (JVM running for 14.114)
2020-09-03 11:10:28.567 INFO  [SpringContextShutdownHook]com.linq.framework.manager.ShutdownManager.shutdownAsyncManager:25 -====关闭后台任务任务线程池====
2020-09-03 11:10:28.570 INFO  [SpringContextShutdownHook]com.alibaba.druid.pool.DruidDataSource.close:2003 -{dataSource-1} closing ...
2020-09-03 11:10:28.575 INFO  [SpringContextShutdownHook]com.alibaba.druid.pool.DruidDataSource.close:2075 -{dataSource-1} closed
2020-09-03 11:40:10.330 INFO  [main]com.linq.web.TestDemos.logStarting:55 -Starting TestDemos on JaydeMacBook-Pro.local with PID 5403 (started by jay in /Users/jay/Desktop/Vue项目集合/新闻发布管理系统/linq/linq-web)
2020-09-03 11:40:10.333 INFO  [main]com.linq.web.TestDemos.logStartupProfileInfo:655 -The following profiles are active: druid,linq
2020-09-03 11:40:13.973 INFO  [main]c.a.d.s.boot.autoconfigure.DruidDataSourceAutoConfigure.dataSource:56 -Init DruidDataSource
2020-09-03 11:40:14.608 INFO  [main]com.alibaba.druid.pool.DruidDataSource.init:1010 -{dataSource-1} inited
2020-09-03 11:40:20.369 INFO  [main]s.d.s.web.PropertySourcedRequestMappingHandlerMapping.initHandlerMethods:69 -Mapped URL path [/v2/api-docs] onto method [springfox.documentation.swagger2.web.Swagger2Controller#getDocumentation(String, HttpServletRequest)]
2020-09-03 11:40:21.840 INFO  [main]s.d.spring.web.plugins.DocumentationPluginsBootstrapper.start:160 -Context refreshed
2020-09-03 11:40:21.857 INFO  [main]s.d.spring.web.plugins.DocumentationPluginsBootstrapper.start:163 -Found 1 custom documentation plugin(s)
2020-09-03 11:40:21.926 INFO  [main]s.d.spring.web.scanners.ApiListingReferenceScanner.scan:41 -Scanning for api listing references
2020-09-03 11:40:22.191 INFO  [main]s.d.s.w.readers.operation.CachingOperationNameGenerator.startingWith:40 -Generating unique operation named: addUsingPOST_1
2020-09-03 11:40:22.194 INFO  [main]s.d.s.w.readers.operation.CachingOperationNameGenerator.startingWith:40 -Generating unique operation named: editUsingPUT_1
2020-09-03 11:40:22.201 INFO  [main]s.d.s.w.readers.operation.CachingOperationNameGenerator.startingWith:40 -Generating unique operation named: getInfoUsingGET_1
2020-09-03 11:40:22.212 INFO  [main]s.d.s.w.readers.operation.CachingOperationNameGenerator.startingWith:40 -Generating unique operation named: listUsingGET_1
2020-09-03 11:40:22.218 INFO  [main]s.d.s.w.readers.operation.CachingOperationNameGenerator.startingWith:40 -Generating unique operation named: addUsingPOST_2
2020-09-03 11:40:22.219 INFO  [main]s.d.s.w.readers.operation.CachingOperationNameGenerator.startingWith:40 -Generating unique operation named: editUsingPUT_2
2020-09-03 11:40:22.226 INFO  [main]s.d.s.w.readers.operation.CachingOperationNameGenerator.startingWith:40 -Generating unique operation named: getInfoUsingGET_2
2020-09-03 11:40:22.234 INFO  [main]s.d.s.w.readers.operation.CachingOperationNameGenerator.startingWith:40 -Generating unique operation named: listUsingGET_2
2020-09-03 11:40:22.237 INFO  [main]s.d.s.w.readers.operation.CachingOperationNameGenerator.startingWith:40 -Generating unique operation named: removeUsingDELETE_1
2020-09-03 11:40:22.241 INFO  [main]s.d.s.w.readers.operation.CachingOperationNameGenerator.startingWith:40 -Generating unique operation named: addUsingPOST_3
2020-09-03 11:40:22.243 INFO  [main]s.d.s.w.readers.operation.CachingOperationNameGenerator.startingWith:40 -Generating unique operation named: editUsingPUT_3
2020-09-03 11:40:22.248 INFO  [main]s.d.s.w.readers.operation.CachingOperationNameGenerator.startingWith:40 -Generating unique operation named: getInfoUsingGET_3
2020-09-03 11:40:22.254 INFO  [main]s.d.s.w.readers.operation.CachingOperationNameGenerator.startingWith:40 -Generating unique operation named: listUsingGET_3
2020-09-03 11:40:22.257 INFO  [main]s.d.s.w.readers.operation.CachingOperationNameGenerator.startingWith:40 -Generating unique operation named: optionSelectUsingGET_1
2020-09-03 11:40:22.259 INFO  [main]s.d.s.w.readers.operation.CachingOperationNameGenerator.startingWith:40 -Generating unique operation named: removeUsingDELETE_2
2020-09-03 11:40:22.264 INFO  [main]s.d.s.w.readers.operation.CachingOperationNameGenerator.startingWith:40 -Generating unique operation named: addUsingPOST_4
2020-09-03 11:40:22.268 INFO  [main]s.d.s.w.readers.operation.CachingOperationNameGenerator.startingWith:40 -Generating unique operation named: editUsingPUT_4
2020-09-03 11:40:22.275 INFO  [main]s.d.s.w.readers.operation.CachingOperationNameGenerator.startingWith:40 -Generating unique operation named: getInfoUsingGET_4
2020-09-03 11:40:22.282 INFO  [main]s.d.s.w.readers.operation.CachingOperationNameGenerator.startingWith:40 -Generating unique operation named: listUsingGET_4
2020-09-03 11:40:22.284 INFO  [main]s.d.s.w.readers.operation.CachingOperationNameGenerator.startingWith:40 -Generating unique operation named: removeUsingDELETE_3
2020-09-03 11:40:22.291 INFO  [main]s.d.s.w.readers.operation.CachingOperationNameGenerator.startingWith:40 -Generating unique operation named: addUsingPOST_5
2020-09-03 11:40:22.293 INFO  [main]s.d.s.w.readers.operation.CachingOperationNameGenerator.startingWith:40 -Generating unique operation named: editUsingPUT_5
2020-09-03 11:40:22.304 INFO  [main]s.d.s.w.readers.operation.CachingOperationNameGenerator.startingWith:40 -Generating unique operation named: getInfoUsingGET_5
2020-09-03 11:40:22.311 INFO  [main]s.d.s.w.readers.operation.CachingOperationNameGenerator.startingWith:40 -Generating unique operation named: listUsingGET_5
2020-09-03 11:40:22.313 INFO  [main]s.d.s.w.readers.operation.CachingOperationNameGenerator.startingWith:40 -Generating unique operation named: removeUsingDELETE_4
2020-09-03 11:40:22.328 INFO  [main]s.d.s.w.readers.operation.CachingOperationNameGenerator.startingWith:40 -Generating unique operation named: addUsingPOST_6
2020-09-03 11:40:22.336 INFO  [main]s.d.s.w.readers.operation.CachingOperationNameGenerator.startingWith:40 -Generating unique operation named: editUsingPUT_6
2020-09-03 11:40:22.339 INFO  [main]s.d.s.w.readers.operation.CachingOperationNameGenerator.startingWith:40 -Generating unique operation named: getInfoUsingGET_6
2020-09-03 11:40:22.347 INFO  [main]s.d.s.w.readers.operation.CachingOperationNameGenerator.startingWith:40 -Generating unique operation named: listUsingGET_6
2020-09-03 11:40:22.349 INFO  [main]s.d.s.w.readers.operation.CachingOperationNameGenerator.startingWith:40 -Generating unique operation named: removeUsingDELETE_5
2020-09-03 11:40:22.354 INFO  [main]s.d.s.w.readers.operation.CachingOperationNameGenerator.startingWith:40 -Generating unique operation named: addUsingPOST_7
2020-09-03 11:40:22.355 INFO  [main]s.d.s.w.readers.operation.CachingOperationNameGenerator.startingWith:40 -Generating unique operation named: clearCacheUsingDELETE_1
2020-09-03 11:40:22.357 INFO  [main]s.d.s.w.readers.operation.CachingOperationNameGenerator.startingWith:40 -Generating unique operation named: editUsingPUT_7
2020-09-03 11:40:22.361 INFO  [main]s.d.s.w.readers.operation.CachingOperationNameGenerator.startingWith:40 -Generating unique operation named: getInfoUsingGET_7
2020-09-03 11:40:22.368 INFO  [main]s.d.s.w.readers.operation.CachingOperationNameGenerator.startingWith:40 -Generating unique operation named: listUsingGET_7
2020-09-03 11:40:22.402 INFO  [main]s.d.s.w.readers.operation.CachingOperationNameGenerator.startingWith:40 -Generating unique operation named: removeUsingDELETE_6
2020-09-03 11:40:22.405 INFO  [main]s.d.s.w.readers.operation.CachingOperationNameGenerator.startingWith:40 -Generating unique operation named: getInfoUsingGET_8
2020-09-03 11:40:22.413 INFO  [main]s.d.s.w.readers.operation.CachingOperationNameGenerator.startingWith:40 -Generating unique operation named: addUsingPOST_8
2020-09-03 11:40:22.415 INFO  [main]s.d.s.w.readers.operation.CachingOperationNameGenerator.startingWith:40 -Generating unique operation named: editUsingPUT_8
2020-09-03 11:40:22.421 INFO  [main]s.d.s.w.readers.operation.CachingOperationNameGenerator.startingWith:40 -Generating unique operation named: getInfoUsingGET_9
2020-09-03 11:40:22.430 INFO  [main]s.d.s.w.readers.operation.CachingOperationNameGenerator.startingWith:40 -Generating unique operation named: listUsingGET_8
2020-09-03 11:40:22.431 INFO  [main]s.d.s.w.readers.operation.CachingOperationNameGenerator.startingWith:40 -Generating unique operation named: removeUsingDELETE_7
2020-09-03 11:40:22.439 INFO  [main]s.d.s.w.readers.operation.CachingOperationNameGenerator.startingWith:40 -Generating unique operation named: addUsingPOST_9
2020-09-03 11:40:22.442 INFO  [main]s.d.s.w.readers.operation.CachingOperationNameGenerator.startingWith:40 -Generating unique operation named: editUsingPUT_9
2020-09-03 11:40:22.446 INFO  [main]s.d.s.w.readers.operation.CachingOperationNameGenerator.startingWith:40 -Generating unique operation named: getInfoUsingGET_10
2020-09-03 11:40:22.455 INFO  [main]s.d.s.w.readers.operation.CachingOperationNameGenerator.startingWith:40 -Generating unique operation named: listUsingGET_9
2020-09-03 11:40:22.457 INFO  [main]s.d.s.w.readers.operation.CachingOperationNameGenerator.startingWith:40 -Generating unique operation named: removeUsingDELETE_8
2020-09-03 11:40:22.477 INFO  [main]s.d.s.w.readers.operation.CachingOperationNameGenerator.startingWith:40 -Generating unique operation named: addUsingPOST_10
2020-09-03 11:40:22.481 INFO  [main]s.d.s.w.readers.operation.CachingOperationNameGenerator.startingWith:40 -Generating unique operation named: changeStatusUsingPUT_1
2020-09-03 11:40:22.485 INFO  [main]s.d.s.w.readers.operation.CachingOperationNameGenerator.startingWith:40 -Generating unique operation named: editUsingPUT_10
2020-09-03 11:40:22.493 INFO  [main]s.d.s.w.readers.operation.CachingOperationNameGenerator.startingWith:40 -Generating unique operation named: getInfoUsingGET_11
2020-09-03 11:40:22.501 INFO  [main]s.d.s.w.readers.operation.CachingOperationNameGenerator.startingWith:40 -Generating unique operation named: listUsingGET_10
2020-09-03 11:40:22.505 INFO  [main]s.d.s.w.readers.operation.CachingOperationNameGenerator.startingWith:40 -Generating unique operation named: removeUsingDELETE_9
2020-09-03 11:40:22.508 INFO  [main]s.d.s.w.readers.operation.CachingOperationNameGenerator.startingWith:40 -Generating unique operation named: addUsingPOST_11
2020-09-03 11:40:22.510 INFO  [main]s.d.s.w.readers.operation.CachingOperationNameGenerator.startingWith:40 -Generating unique operation named: changeStatusUsingPUT_2
2020-09-03 11:40:22.512 INFO  [main]s.d.s.w.readers.operation.CachingOperationNameGenerator.startingWith:40 -Generating unique operation named: editUsingPUT_11
2020-09-03 11:40:22.517 INFO  [main]s.d.s.w.readers.operation.CachingOperationNameGenerator.startingWith:40 -Generating unique operation named: getInfoUsingGET_12
2020-09-03 11:40:22.519 INFO  [main]s.d.s.w.readers.operation.CachingOperationNameGenerator.startingWith:40 -Generating unique operation named: getInfoUsingGET_13
2020-09-03 11:40:22.536 INFO  [main]s.d.s.w.readers.operation.CachingOperationNameGenerator.startingWith:40 -Generating unique operation named: listUsingGET_11
2020-09-03 11:40:22.538 INFO  [main]s.d.s.w.readers.operation.CachingOperationNameGenerator.startingWith:40 -Generating unique operation named: removeUsingDELETE_10
2020-09-03 11:40:23.033 INFO  [main]com.linq.web.TestDemos.logStarted:61 -Started TestDemos in 13.389 seconds (JVM running for 15.061)
2020-09-03 11:40:24.097 INFO  [SpringContextShutdownHook]com.linq.framework.manager.ShutdownManager.shutdownAsyncManager:25 -====关闭后台任务任务线程池====
2020-09-03 11:40:24.102 INFO  [SpringContextShutdownHook]com.alibaba.druid.pool.DruidDataSource.close:2003 -{dataSource-1} closing ...
2020-09-03 11:40:24.109 INFO  [SpringContextShutdownHook]com.alibaba.druid.pool.DruidDataSource.close:2075 -{dataSource-1} closed
2020-09-03 11:41:52.561 INFO  [main]com.linq.web.TestDemos.logStarting:55 -Starting TestDemos on JaydeMacBook-Pro.local with PID 5422 (started by jay in /Users/jay/Desktop/Vue项目集合/新闻发布管理系统/linq/linq-web)
2020-09-03 11:41:52.564 INFO  [main]com.linq.web.TestDemos.logStartupProfileInfo:655 -The following profiles are active: druid,linq
2020-09-03 11:41:56.668 INFO  [main]c.a.d.s.boot.autoconfigure.DruidDataSourceAutoConfigure.dataSource:56 -Init DruidDataSource
2020-09-03 11:41:57.251 INFO  [main]com.alibaba.druid.pool.DruidDataSource.init:1010 -{dataSource-1} inited
2020-09-03 11:42:02.069 INFO  [main]s.d.s.web.PropertySourcedRequestMappingHandlerMapping.initHandlerMethods:69 -Mapped URL path [/v2/api-docs] onto method [springfox.documentation.swagger2.web.Swagger2Controller#getDocumentation(String, HttpServletRequest)]
2020-09-03 11:42:03.576 INFO  [main]s.d.spring.web.plugins.DocumentationPluginsBootstrapper.start:160 -Context refreshed
2020-09-03 11:42:03.596 INFO  [main]s.d.spring.web.plugins.DocumentationPluginsBootstrapper.start:163 -Found 1 custom documentation plugin(s)
2020-09-03 11:42:03.673 INFO  [main]s.d.spring.web.scanners.ApiListingReferenceScanner.scan:41 -Scanning for api listing references
2020-09-03 11:42:03.945 INFO  [main]s.d.s.w.readers.operation.CachingOperationNameGenerator.startingWith:40 -Generating unique operation named: addUsingPOST_1
2020-09-03 11:42:03.947 INFO  [main]s.d.s.w.readers.operation.CachingOperationNameGenerator.startingWith:40 -Generating unique operation named: editUsingPUT_1
2020-09-03 11:42:03.954 INFO  [main]s.d.s.w.readers.operation.CachingOperationNameGenerator.startingWith:40 -Generating unique operation named: getInfoUsingGET_1
2020-09-03 11:42:03.965 INFO  [main]s.d.s.w.readers.operation.CachingOperationNameGenerator.startingWith:40 -Generating unique operation named: listUsingGET_1
2020-09-03 11:42:03.973 INFO  [main]s.d.s.w.readers.operation.CachingOperationNameGenerator.startingWith:40 -Generating unique operation named: addUsingPOST_2
2020-09-03 11:42:03.975 INFO  [main]s.d.s.w.readers.operation.CachingOperationNameGenerator.startingWith:40 -Generating unique operation named: editUsingPUT_2
2020-09-03 11:42:03.982 INFO  [main]s.d.s.w.readers.operation.CachingOperationNameGenerator.startingWith:40 -Generating unique operation named: getInfoUsingGET_2
2020-09-03 11:42:03.989 INFO  [main]s.d.s.w.readers.operation.CachingOperationNameGenerator.startingWith:40 -Generating unique operation named: listUsingGET_2
2020-09-03 11:42:03.991 INFO  [main]s.d.s.w.readers.operation.CachingOperationNameGenerator.startingWith:40 -Generating unique operation named: removeUsingDELETE_1
2020-09-03 11:42:03.995 INFO  [main]s.d.s.w.readers.operation.CachingOperationNameGenerator.startingWith:40 -Generating unique operation named: addUsingPOST_3
2020-09-03 11:42:03.997 INFO  [main]s.d.s.w.readers.operation.CachingOperationNameGenerator.startingWith:40 -Generating unique operation named: editUsingPUT_3
2020-09-03 11:42:04.001 INFO  [main]s.d.s.w.readers.operation.CachingOperationNameGenerator.startingWith:40 -Generating unique operation named: getInfoUsingGET_3
2020-09-03 11:42:04.005 INFO  [main]s.d.s.w.readers.operation.CachingOperationNameGenerator.startingWith:40 -Generating unique operation named: listUsingGET_3
2020-09-03 11:42:04.008 INFO  [main]s.d.s.w.readers.operation.CachingOperationNameGenerator.startingWith:40 -Generating unique operation named: optionSelectUsingGET_1
2020-09-03 11:42:04.010 INFO  [main]s.d.s.w.readers.operation.CachingOperationNameGenerator.startingWith:40 -Generating unique operation named: removeUsingDELETE_2
2020-09-03 11:42:04.015 INFO  [main]s.d.s.w.readers.operation.CachingOperationNameGenerator.startingWith:40 -Generating unique operation named: addUsingPOST_4
2020-09-03 11:42:04.018 INFO  [main]s.d.s.w.readers.operation.CachingOperationNameGenerator.startingWith:40 -Generating unique operation named: editUsingPUT_4
2020-09-03 11:42:04.026 INFO  [main]s.d.s.w.readers.operation.CachingOperationNameGenerator.startingWith:40 -Generating unique operation named: getInfoUsingGET_4
2020-09-03 11:42:04.033 INFO  [main]s.d.s.w.readers.operation.CachingOperationNameGenerator.startingWith:40 -Generating unique operation named: listUsingGET_4
2020-09-03 11:42:04.035 INFO  [main]s.d.s.w.readers.operation.CachingOperationNameGenerator.startingWith:40 -Generating unique operation named: removeUsingDELETE_3
2020-09-03 11:42:04.042 INFO  [main]s.d.s.w.readers.operation.CachingOperationNameGenerator.startingWith:40 -Generating unique operation named: addUsingPOST_5
2020-09-03 11:42:04.044 INFO  [main]s.d.s.w.readers.operation.CachingOperationNameGenerator.startingWith:40 -Generating unique operation named: editUsingPUT_5
2020-09-03 11:42:04.055 INFO  [main]s.d.s.w.readers.operation.CachingOperationNameGenerator.startingWith:40 -Generating unique operation named: getInfoUsingGET_5
2020-09-03 11:42:04.062 INFO  [main]s.d.s.w.readers.operation.CachingOperationNameGenerator.startingWith:40 -Generating unique operation named: listUsingGET_5
2020-09-03 11:42:04.063 INFO  [main]s.d.s.w.readers.operation.CachingOperationNameGenerator.startingWith:40 -Generating unique operation named: removeUsingDELETE_4
2020-09-03 11:42:04.077 INFO  [main]s.d.s.w.readers.operation.CachingOperationNameGenerator.startingWith:40 -Generating unique operation named: addUsingPOST_6
2020-09-03 11:42:04.085 INFO  [main]s.d.s.w.readers.operation.CachingOperationNameGenerator.startingWith:40 -Generating unique operation named: editUsingPUT_6
2020-09-03 11:42:04.088 INFO  [main]s.d.s.w.readers.operation.CachingOperationNameGenerator.startingWith:40 -Generating unique operation named: getInfoUsingGET_6
2020-09-03 11:42:04.099 INFO  [main]s.d.s.w.readers.operation.CachingOperationNameGenerator.startingWith:40 -Generating unique operation named: listUsingGET_6
2020-09-03 11:42:04.102 INFO  [main]s.d.s.w.readers.operation.CachingOperationNameGenerator.startingWith:40 -Generating unique operation named: removeUsingDELETE_5
2020-09-03 11:42:04.111 INFO  [main]s.d.s.w.readers.operation.CachingOperationNameGenerator.startingWith:40 -Generating unique operation named: addUsingPOST_7
2020-09-03 11:42:04.112 INFO  [main]s.d.s.w.readers.operation.CachingOperationNameGenerator.startingWith:40 -Generating unique operation named: clearCacheUsingDELETE_1
2020-09-03 11:42:04.114 INFO  [main]s.d.s.w.readers.operation.CachingOperationNameGenerator.startingWith:40 -Generating unique operation named: editUsingPUT_7
2020-09-03 11:42:04.119 INFO  [main]s.d.s.w.readers.operation.CachingOperationNameGenerator.startingWith:40 -Generating unique operation named: getInfoUsingGET_7
2020-09-03 11:42:04.126 INFO  [main]s.d.s.w.readers.operation.CachingOperationNameGenerator.startingWith:40 -Generating unique operation named: listUsingGET_7
2020-09-03 11:42:04.129 INFO  [main]s.d.s.w.readers.operation.CachingOperationNameGenerator.startingWith:40 -Generating unique operation named: removeUsingDELETE_6
2020-09-03 11:42:04.131 INFO  [main]s.d.s.w.readers.operation.CachingOperationNameGenerator.startingWith:40 -Generating unique operation named: getInfoUsingGET_8
2020-09-03 11:42:04.140 INFO  [main]s.d.s.w.readers.operation.CachingOperationNameGenerator.startingWith:40 -Generating unique operation named: addUsingPOST_8
2020-09-03 11:42:04.142 INFO  [main]s.d.s.w.readers.operation.CachingOperationNameGenerator.startingWith:40 -Generating unique operation named: editUsingPUT_8
2020-09-03 11:42:04.149 INFO  [main]s.d.s.w.readers.operation.CachingOperationNameGenerator.startingWith:40 -Generating unique operation named: getInfoUsingGET_9
2020-09-03 11:42:04.158 INFO  [main]s.d.s.w.readers.operation.CachingOperationNameGenerator.startingWith:40 -Generating unique operation named: listUsingGET_8
2020-09-03 11:42:04.160 INFO  [main]s.d.s.w.readers.operation.CachingOperationNameGenerator.startingWith:40 -Generating unique operation named: removeUsingDELETE_7
2020-09-03 11:42:04.165 INFO  [main]s.d.s.w.readers.operation.CachingOperationNameGenerator.startingWith:40 -Generating unique operation named: addUsingPOST_9
2020-09-03 11:42:04.167 INFO  [main]s.d.s.w.readers.operation.CachingOperationNameGenerator.startingWith:40 -Generating unique operation named: editUsingPUT_9
2020-09-03 11:42:04.174 INFO  [main]s.d.s.w.readers.operation.CachingOperationNameGenerator.startingWith:40 -Generating unique operation named: getInfoUsingGET_10
2020-09-03 11:42:04.183 INFO  [main]s.d.s.w.readers.operation.CachingOperationNameGenerator.startingWith:40 -Generating unique operation named: listUsingGET_9
2020-09-03 11:42:04.186 INFO  [main]s.d.s.w.readers.operation.CachingOperationNameGenerator.startingWith:40 -Generating unique operation named: removeUsingDELETE_8
2020-09-03 11:42:04.216 INFO  [main]s.d.s.w.readers.operation.CachingOperationNameGenerator.startingWith:40 -Generating unique operation named: addUsingPOST_10
2020-09-03 11:42:04.219 INFO  [main]s.d.s.w.readers.operation.CachingOperationNameGenerator.startingWith:40 -Generating unique operation named: changeStatusUsingPUT_1
2020-09-03 11:42:04.225 INFO  [main]s.d.s.w.readers.operation.CachingOperationNameGenerator.startingWith:40 -Generating unique operation named: editUsingPUT_10
2020-09-03 11:42:04.232 INFO  [main]s.d.s.w.readers.operation.CachingOperationNameGenerator.startingWith:40 -Generating unique operation named: getInfoUsingGET_11
2020-09-03 11:42:04.244 INFO  [main]s.d.s.w.readers.operation.CachingOperationNameGenerator.startingWith:40 -Generating unique operation named: listUsingGET_10
2020-09-03 11:42:04.246 INFO  [main]s.d.s.w.readers.operation.CachingOperationNameGenerator.startingWith:40 -Generating unique operation named: removeUsingDELETE_9
2020-09-03 11:42:04.250 INFO  [main]s.d.s.w.readers.operation.CachingOperationNameGenerator.startingWith:40 -Generating unique operation named: addUsingPOST_11
2020-09-03 11:42:04.254 INFO  [main]s.d.s.w.readers.operation.CachingOperationNameGenerator.startingWith:40 -Generating unique operation named: changeStatusUsingPUT_2
2020-09-03 11:42:04.258 INFO  [main]s.d.s.w.readers.operation.CachingOperationNameGenerator.startingWith:40 -Generating unique operation named: editUsingPUT_11
2020-09-03 11:42:04.260 INFO  [main]s.d.s.w.readers.operation.CachingOperationNameGenerator.startingWith:40 -Generating unique operation named: getInfoUsingGET_12
2020-09-03 11:42:04.261 INFO  [main]s.d.s.w.readers.operation.CachingOperationNameGenerator.startingWith:40 -Generating unique operation named: getInfoUsingGET_13
2020-09-03 11:42:04.276 INFO  [main]s.d.s.w.readers.operation.CachingOperationNameGenerator.startingWith:40 -Generating unique operation named: listUsingGET_11
2020-09-03 11:42:04.277 INFO  [main]s.d.s.w.readers.operation.CachingOperationNameGenerator.startingWith:40 -Generating unique operation named: removeUsingDELETE_10
2020-09-03 11:42:04.735 INFO  [main]com.linq.web.TestDemos.logStarted:61 -Started TestDemos in 12.861 seconds (JVM running for 14.574)
2020-09-03 11:42:34.877 INFO  [SpringContextShutdownHook]com.linq.framework.manager.ShutdownManager.shutdownAsyncManager:25 -====关闭后台任务任务线程池====
2020-09-03 11:42:34.880 INFO  [SpringContextShutdownHook]com.alibaba.druid.pool.DruidDataSource.close:2003 -{dataSource-1} closing ...
2020-09-03 11:42:34.885 INFO  [SpringContextShutdownHook]com.alibaba.druid.pool.DruidDataSource.close:2075 -{dataSource-1} closed
