2020-09-02 14:36:44.273 WARN  [main]org.springframework.data.convert.CustomConversions.register:273 -Registering converter from class org.springframework.data.geo.Point to interface java.util.Map as writing converter although it doesn't convert to a store-supported type! You might want to check your annotation setup at the converter implementation.
2020-09-02 14:36:44.274 WARN  [main]org.springframework.data.convert.CustomConversions.register:263 -Registering converter from interface java.util.Map to class org.springframework.data.geo.Point as reading converter although it doesn't convert from a store-supported type! You might want to check your annotation setup at the converter implementation.
2020-09-02 14:36:44.275 WARN  [main]org.springframework.data.convert.CustomConversions.register:273 -Registering converter from class org.springframework.data.elasticsearch.core.geo.GeoPoint to interface java.util.Map as writing converter although it doesn't convert to a store-supported type! You might want to check your annotation setup at the converter implementation.
2020-09-02 14:36:44.275 WARN  [main]org.springframework.data.convert.CustomConversions.register:263 -Registering converter from interface java.util.Map to class org.springframework.data.elasticsearch.core.geo.GeoPoint as reading converter although it doesn't convert from a store-supported type! You might want to check your annotation setup at the converter implementation.
2020-09-02 14:37:10.731 WARN  [pool-5-thread-10]org.apache.http.client.protocol.ResponseProcessCookies.processCookies:130 -Invalid cookie header: "Set-Cookie: dc_sid=86a19cbc9cd2f2a30174c1566eeacb5c; Expires=Session; Path=/; Domain=.csdn.net;". Invalid 'expires' attribute: Session
2020-09-02 14:37:10.793 WARN  [pool-5-thread-1]org.apache.http.client.protocol.ResponseProcessCookies.processCookies:130 -Invalid cookie header: "Set-Cookie: dc_sid=9285bbff47736d793317df1b1590f468; Expires=Session; Path=/; Domain=.csdn.net;". Invalid 'expires' attribute: Session
2020-09-02 14:37:11.104 WARN  [pool-5-thread-2]org.apache.http.client.protocol.ResponseProcessCookies.processCookies:130 -Invalid cookie header: "Set-Cookie: dc_sid=46ae520e290d65c95743a4f66d3b1058; Expires=Session; Path=/; Domain=.csdn.net;". Invalid 'expires' attribute: Session
2020-09-02 14:37:11.474 WARN  [pool-5-thread-8]org.apache.http.client.protocol.ResponseProcessCookies.processCookies:130 -Invalid cookie header: "Set-Cookie: dc_sid=50f1ce1467a527eb88330daf6fc45521; Expires=Session; Path=/; Domain=.csdn.net;". Invalid 'expires' attribute: Session
2020-09-02 14:37:11.494 WARN  [pool-5-thread-9]org.apache.http.client.protocol.ResponseProcessCookies.processCookies:130 -Invalid cookie header: "Set-Cookie: dc_sid=1cd00a04443367ef0e07ec9a1aeb2e7d; Expires=Session; Path=/; Domain=.csdn.net;". Invalid 'expires' attribute: Session
2020-09-02 14:37:11.520 WARN  [pool-5-thread-6]org.apache.http.client.protocol.ResponseProcessCookies.processCookies:130 -Invalid cookie header: "Set-Cookie: dc_sid=516033a0d1308145e674b3ce9f936a12; Expires=Session; Path=/; Domain=.csdn.net;". Invalid 'expires' attribute: Session
2020-09-02 14:37:11.537 WARN  [pool-5-thread-4]org.apache.http.client.protocol.ResponseProcessCookies.processCookies:130 -Invalid cookie header: "Set-Cookie: dc_sid=4e4caae797c40da37a4cff21f19e388e; Expires=Session; Path=/; Domain=.csdn.net;". Invalid 'expires' attribute: Session
2020-09-02 14:37:11.575 WARN  [pool-5-thread-7]org.apache.http.client.protocol.ResponseProcessCookies.processCookies:130 -Invalid cookie header: "Set-Cookie: dc_sid=5ba5bd4966b4caf8362e3f871614dee3; Expires=Session; Path=/; Domain=.csdn.net;". Invalid 'expires' attribute: Session
2020-09-02 14:37:11.643 WARN  [pool-5-thread-3]org.apache.http.client.protocol.ResponseProcessCookies.processCookies:130 -Invalid cookie header: "Set-Cookie: dc_sid=a5ee56823f25a9976c49a8fadfb0d3d8; Expires=Session; Path=/; Domain=.csdn.net;". Invalid 'expires' attribute: Session
2020-09-02 14:37:11.752 WARN  [pool-5-thread-5]org.apache.http.client.protocol.ResponseProcessCookies.processCookies:130 -Invalid cookie header: "Set-Cookie: dc_sid=b06849e6dc7d1187fd7bf223c9fa9298; Expires=Session; Path=/; Domain=.csdn.net;". Invalid 'expires' attribute: Session
2020-09-02 14:37:30.953 WARN  [pool-5-thread-10]org.apache.http.client.protocol.ResponseProcessCookies.processCookies:130 -Invalid cookie header: "Set-Cookie: dc_sid=f5bd166ec755c49aed4b0073a297990b; Expires=Session; Path=/; Domain=.csdn.net;". Invalid 'expires' attribute: Session
2020-09-02 14:37:31.134 WARN  [pool-5-thread-1]org.apache.http.client.protocol.ResponseProcessCookies.processCookies:130 -Invalid cookie header: "Set-Cookie: dc_sid=bb46bf4a9e392f65d45937acbece0de9; Expires=Session; Path=/; Domain=.csdn.net;". Invalid 'expires' attribute: Session
2020-09-02 14:37:31.599 WARN  [pool-5-thread-2]org.apache.http.client.protocol.ResponseProcessCookies.processCookies:130 -Invalid cookie header: "Set-Cookie: dc_sid=1b1e1242f7e7564bb2915ef64b3ee18c; Expires=Session; Path=/; Domain=.csdn.net;". Invalid 'expires' attribute: Session
2020-09-02 14:37:31.717 WARN  [pool-5-thread-4]org.apache.http.client.protocol.ResponseProcessCookies.processCookies:130 -Invalid cookie header: "Set-Cookie: dc_sid=4a475b86d936807e3b1f580704e9c0e9; Expires=Session; Path=/; Domain=.csdn.net;". Invalid 'expires' attribute: Session
2020-09-02 14:37:31.778 WARN  [pool-5-thread-9]org.apache.http.client.protocol.ResponseProcessCookies.processCookies:130 -Invalid cookie header: "Set-Cookie: dc_sid=4a2e120ca57039ac39442e17ed27cb5a; Expires=Session; Path=/; Domain=.csdn.net;". Invalid 'expires' attribute: Session
2020-09-02 14:37:31.864 WARN  [pool-5-thread-3]org.apache.http.client.protocol.ResponseProcessCookies.processCookies:130 -Invalid cookie header: "Set-Cookie: dc_sid=f2172e62f56ca025a887416667fae8e6; Expires=Session; Path=/; Domain=.csdn.net;". Invalid 'expires' attribute: Session
2020-09-02 14:37:31.942 WARN  [pool-5-thread-8]org.apache.http.client.protocol.ResponseProcessCookies.processCookies:130 -Invalid cookie header: "Set-Cookie: dc_sid=254fc91602297518df14e3502413a401; Expires=Session; Path=/; Domain=.csdn.net;". Invalid 'expires' attribute: Session
2020-09-02 14:37:31.950 WARN  [pool-5-thread-6]org.apache.http.client.protocol.ResponseProcessCookies.processCookies:130 -Invalid cookie header: "Set-Cookie: dc_sid=1fc5849da288d1f0b080315a03844adc; Expires=Session; Path=/; Domain=.csdn.net;". Invalid 'expires' attribute: Session
2020-09-02 14:37:32.010 WARN  [pool-5-thread-5]org.apache.http.client.protocol.ResponseProcessCookies.processCookies:130 -Invalid cookie header: "Set-Cookie: dc_sid=0116ec96bdc129dee0fe2352606f4a6c; Expires=Session; Path=/; Domain=.csdn.net;". Invalid 'expires' attribute: Session
2020-09-02 14:37:32.751 WARN  [pool-5-thread-7]org.apache.http.client.protocol.ResponseProcessCookies.processCookies:130 -Invalid cookie header: "Set-Cookie: dc_sid=5539570d054e261664e1a823210703a6; Expires=Session; Path=/; Domain=.csdn.net;". Invalid 'expires' attribute: Session
2020-09-02 14:37:50.582 WARN  [SpringContextShutdownHook]o.s.context.annotation.CommonAnnotationBeanPostProcessor.postProcessBeforeDestruction:185 -Destroy method on bean with name 'shutdownManager' threw an exception: java.lang.ExceptionInInitializerError
2020-09-02 14:55:45.284 WARN  [main]org.springframework.data.convert.CustomConversions.register:273 -Registering converter from class org.springframework.data.geo.Point to interface java.util.Map as writing converter although it doesn't convert to a store-supported type! You might want to check your annotation setup at the converter implementation.
2020-09-02 14:55:45.286 WARN  [main]org.springframework.data.convert.CustomConversions.register:263 -Registering converter from interface java.util.Map to class org.springframework.data.geo.Point as reading converter although it doesn't convert from a store-supported type! You might want to check your annotation setup at the converter implementation.
2020-09-02 14:55:45.286 WARN  [main]org.springframework.data.convert.CustomConversions.register:273 -Registering converter from class org.springframework.data.elasticsearch.core.geo.GeoPoint to interface java.util.Map as writing converter although it doesn't convert to a store-supported type! You might want to check your annotation setup at the converter implementation.
2020-09-02 14:55:45.287 WARN  [main]org.springframework.data.convert.CustomConversions.register:263 -Registering converter from interface java.util.Map to class org.springframework.data.elasticsearch.core.geo.GeoPoint as reading converter although it doesn't convert from a store-supported type! You might want to check your annotation setup at the converter implementation.
2020-09-02 14:56:09.208 WARN  [pool-5-thread-7]org.apache.http.client.protocol.ResponseProcessCookies.processCookies:130 -Invalid cookie header: "Set-Cookie: dc_sid=1c0c19f960d90d068e4b65955281ad26; Expires=Session; Path=/; Domain=.csdn.net;". Invalid 'expires' attribute: Session
2020-09-02 14:56:09.218 WARN  [pool-5-thread-10]org.apache.http.client.protocol.ResponseProcessCookies.processCookies:130 -Invalid cookie header: "Set-Cookie: dc_sid=401bfaf41ba4b4ed09a689d4f0771508; Expires=Session; Path=/; Domain=.csdn.net;". Invalid 'expires' attribute: Session
2020-09-02 14:56:09.227 WARN  [pool-5-thread-5]org.apache.http.client.protocol.ResponseProcessCookies.processCookies:130 -Invalid cookie header: "Set-Cookie: dc_sid=6e6e6e9bc1852e7ad002b579b799abad; Expires=Session; Path=/; Domain=.csdn.net;". Invalid 'expires' attribute: Session
2020-09-02 14:56:09.342 WARN  [pool-5-thread-3]org.apache.http.client.protocol.ResponseProcessCookies.processCookies:130 -Invalid cookie header: "Set-Cookie: dc_sid=5c63221de14ac4a7e5b2a6cb12e3c7ef; Expires=Session; Path=/; Domain=.csdn.net;". Invalid 'expires' attribute: Session
2020-09-02 14:56:09.348 WARN  [pool-5-thread-2]org.apache.http.client.protocol.ResponseProcessCookies.processCookies:130 -Invalid cookie header: "Set-Cookie: dc_sid=0a3fc650c0ed9897fd4f4e0c4cec338d; Expires=Session; Path=/; Domain=.csdn.net;". Invalid 'expires' attribute: Session
2020-09-02 14:56:09.808 WARN  [pool-5-thread-1]org.apache.http.client.protocol.ResponseProcessCookies.processCookies:130 -Invalid cookie header: "Set-Cookie: dc_sid=f043bcd54c2924b4ac3955814ac27eaf; Expires=Session; Path=/; Domain=.csdn.net;". Invalid 'expires' attribute: Session
2020-09-02 14:56:09.893 WARN  [pool-5-thread-6]org.apache.http.client.protocol.ResponseProcessCookies.processCookies:130 -Invalid cookie header: "Set-Cookie: dc_sid=82b06b1900cd162914b848e275d561b5; Expires=Session; Path=/; Domain=.csdn.net;". Invalid 'expires' attribute: Session
2020-09-02 14:56:10.025 WARN  [pool-5-thread-4]org.apache.http.client.protocol.ResponseProcessCookies.processCookies:130 -Invalid cookie header: "Set-Cookie: dc_sid=1ca42882b33ca829db5e67170e63cd35; Expires=Session; Path=/; Domain=.csdn.net;". Invalid 'expires' attribute: Session
2020-09-02 14:56:10.093 WARN  [pool-5-thread-9]org.apache.http.client.protocol.ResponseProcessCookies.processCookies:130 -Invalid cookie header: "Set-Cookie: dc_sid=ee1c3a64087ba68c272bdbc21712c502; Expires=Session; Path=/; Domain=.csdn.net;". Invalid 'expires' attribute: Session
2020-09-02 14:56:10.198 WARN  [pool-5-thread-8]org.apache.http.client.protocol.ResponseProcessCookies.processCookies:130 -Invalid cookie header: "Set-Cookie: dc_sid=29219ce2447a1dffef6558279e1b8c4e; Expires=Session; Path=/; Domain=.csdn.net;". Invalid 'expires' attribute: Session
2020-09-02 14:56:29.373 WARN  [pool-5-thread-10]org.apache.http.client.protocol.ResponseProcessCookies.processCookies:130 -Invalid cookie header: "Set-Cookie: dc_sid=34c9a4cc4b9132df3d8785a250829da3; Expires=Session; Path=/; Domain=.csdn.net;". Invalid 'expires' attribute: Session
2020-09-02 14:56:29.409 WARN  [pool-5-thread-7]org.apache.http.client.protocol.ResponseProcessCookies.processCookies:130 -Invalid cookie header: "Set-Cookie: dc_sid=763c565d148f8cff6ad420541541d6a3; Expires=Session; Path=/; Domain=.csdn.net;". Invalid 'expires' attribute: Session
2020-09-02 14:56:29.640 WARN  [pool-5-thread-5]org.apache.http.client.protocol.ResponseProcessCookies.processCookies:130 -Invalid cookie header: "Set-Cookie: dc_sid=bbc9ad38b19015b787ffd5afced4a1ea; Expires=Session; Path=/; Domain=.csdn.net;". Invalid 'expires' attribute: Session
2020-09-02 14:56:29.680 WARN  [pool-5-thread-3]org.apache.http.client.protocol.ResponseProcessCookies.processCookies:130 -Invalid cookie header: "Set-Cookie: dc_sid=98bf013baa39cb74ec5c68b30e2eca31; Expires=Session; Path=/; Domain=.csdn.net;". Invalid 'expires' attribute: Session
2020-09-02 14:56:29.779 WARN  [pool-5-thread-2]org.apache.http.client.protocol.ResponseProcessCookies.processCookies:130 -Invalid cookie header: "Set-Cookie: dc_sid=674592234594a8c35f3f49019938dd29; Expires=Session; Path=/; Domain=.csdn.net;". Invalid 'expires' attribute: Session
2020-09-02 14:56:29.945 WARN  [pool-5-thread-1]org.apache.http.client.protocol.ResponseProcessCookies.processCookies:130 -Invalid cookie header: "Set-Cookie: dc_sid=8c96d1d6c65a0cef31c4daa1f575f3bc; Expires=Session; Path=/; Domain=.csdn.net;". Invalid 'expires' attribute: Session
2020-09-02 14:56:30.185 WARN  [pool-5-thread-4]org.apache.http.client.protocol.ResponseProcessCookies.processCookies:130 -Invalid cookie header: "Set-Cookie: dc_sid=f793a2545c3c9deb53045c14a09b380f; Expires=Session; Path=/; Domain=.csdn.net;". Invalid 'expires' attribute: Session
2020-09-02 14:56:30.200 WARN  [pool-5-thread-6]org.apache.http.client.protocol.ResponseProcessCookies.processCookies:130 -Invalid cookie header: "Set-Cookie: dc_sid=2f47a1a5e0414ca8b921e21f32981c06; Expires=Session; Path=/; Domain=.csdn.net;". Invalid 'expires' attribute: Session
2020-09-02 14:56:30.335 WARN  [pool-5-thread-8]org.apache.http.client.protocol.ResponseProcessCookies.processCookies:130 -Invalid cookie header: "Set-Cookie: dc_sid=034a75c941af2801b49e6e57eb25ee8e; Expires=Session; Path=/; Domain=.csdn.net;". Invalid 'expires' attribute: Session
2020-09-02 14:56:30.476 WARN  [pool-5-thread-9]org.apache.http.client.protocol.ResponseProcessCookies.processCookies:130 -Invalid cookie header: "Set-Cookie: dc_sid=5f722febb03d159c32027e8ae42ff33a; Expires=Session; Path=/; Domain=.csdn.net;". Invalid 'expires' attribute: Session
