2020-09-02 14:36:34.287 INFO  [main]com.linq.web.TestDemos.logStarting:55 -Starting TestDemos on JaydeMacBook-Pro.local with PID 3452 (started by jay in /Users/jay/Desktop/Vue项目集合/新闻发布管理系统/linq/linq-web)
2020-09-02 14:36:34.290 DEBUG [main]com.linq.web.TestDemos.logStarting:56 -Running with Spring Boot v2.3.0.RELEASE, Spring v5.2.6.RELEASE
2020-09-02 14:36:34.291 INFO  [main]com.linq.web.TestDemos.logStartupProfileInfo:655 -The following profiles are active: druid,linq
2020-09-02 14:36:37.985 INFO  [main]c.a.d.s.boot.autoconfigure.DruidDataSourceAutoConfigure.dataSource:56 -Init DruidDataSource
2020-09-02 14:36:38.805 INFO  [main]com.alibaba.druid.pool.DruidDataSource.init:1010 -{dataSource-1} inited
2020-09-02 14:36:42.879 INFO  [main]s.d.s.web.PropertySourcedRequestMappingHandlerMapping.initHandlerMethods:69 -Mapped URL path [/v2/api-docs] onto method [springfox.documentation.swagger2.web.Swagger2Controller#getDocumentation(String, HttpServletRequest)]
2020-09-02 14:36:44.273 WARN  [main]org.springframework.data.convert.CustomConversions.register:273 -Registering converter from class org.springframework.data.geo.Point to interface java.util.Map as writing converter although it doesn't convert to a store-supported type! You might want to check your annotation setup at the converter implementation.
2020-09-02 14:36:44.274 WARN  [main]org.springframework.data.convert.CustomConversions.register:263 -Registering converter from interface java.util.Map to class org.springframework.data.geo.Point as reading converter although it doesn't convert from a store-supported type! You might want to check your annotation setup at the converter implementation.
2020-09-02 14:36:44.275 WARN  [main]org.springframework.data.convert.CustomConversions.register:273 -Registering converter from class org.springframework.data.elasticsearch.core.geo.GeoPoint to interface java.util.Map as writing converter although it doesn't convert to a store-supported type! You might want to check your annotation setup at the converter implementation.
2020-09-02 14:36:44.275 WARN  [main]org.springframework.data.convert.CustomConversions.register:263 -Registering converter from interface java.util.Map to class org.springframework.data.elasticsearch.core.geo.GeoPoint as reading converter although it doesn't convert from a store-supported type! You might want to check your annotation setup at the converter implementation.
2020-09-02 14:36:45.070 INFO  [main]s.d.spring.web.plugins.DocumentationPluginsBootstrapper.start:160 -Context refreshed
2020-09-02 14:36:45.092 INFO  [main]s.d.spring.web.plugins.DocumentationPluginsBootstrapper.start:163 -Found 1 custom documentation plugin(s)
2020-09-02 14:36:45.168 INFO  [main]s.d.spring.web.scanners.ApiListingReferenceScanner.scan:41 -Scanning for api listing references
2020-09-02 14:36:45.437 INFO  [main]s.d.s.w.readers.operation.CachingOperationNameGenerator.startingWith:40 -Generating unique operation named: addUsingPOST_1
2020-09-02 14:36:45.442 INFO  [main]s.d.s.w.readers.operation.CachingOperationNameGenerator.startingWith:40 -Generating unique operation named: editUsingPUT_1
2020-09-02 14:36:45.451 INFO  [main]s.d.s.w.readers.operation.CachingOperationNameGenerator.startingWith:40 -Generating unique operation named: getInfoUsingGET_1
2020-09-02 14:36:45.463 INFO  [main]s.d.s.w.readers.operation.CachingOperationNameGenerator.startingWith:40 -Generating unique operation named: listUsingGET_1
2020-09-02 14:36:45.470 INFO  [main]s.d.s.w.readers.operation.CachingOperationNameGenerator.startingWith:40 -Generating unique operation named: addUsingPOST_2
2020-09-02 14:36:45.473 INFO  [main]s.d.s.w.readers.operation.CachingOperationNameGenerator.startingWith:40 -Generating unique operation named: editUsingPUT_2
2020-09-02 14:36:45.483 INFO  [main]s.d.s.w.readers.operation.CachingOperationNameGenerator.startingWith:40 -Generating unique operation named: getInfoUsingGET_2
2020-09-02 14:36:45.495 INFO  [main]s.d.s.w.readers.operation.CachingOperationNameGenerator.startingWith:40 -Generating unique operation named: listUsingGET_2
2020-09-02 14:36:45.497 INFO  [main]s.d.s.w.readers.operation.CachingOperationNameGenerator.startingWith:40 -Generating unique operation named: removeUsingDELETE_1
2020-09-02 14:36:45.501 INFO  [main]s.d.s.w.readers.operation.CachingOperationNameGenerator.startingWith:40 -Generating unique operation named: addUsingPOST_3
2020-09-02 14:36:45.506 INFO  [main]s.d.s.w.readers.operation.CachingOperationNameGenerator.startingWith:40 -Generating unique operation named: editUsingPUT_3
2020-09-02 14:36:45.513 INFO  [main]s.d.s.w.readers.operation.CachingOperationNameGenerator.startingWith:40 -Generating unique operation named: getInfoUsingGET_3
2020-09-02 14:36:45.528 INFO  [main]s.d.s.w.readers.operation.CachingOperationNameGenerator.startingWith:40 -Generating unique operation named: listUsingGET_3
2020-09-02 14:36:45.536 INFO  [main]s.d.s.w.readers.operation.CachingOperationNameGenerator.startingWith:40 -Generating unique operation named: optionSelectUsingGET_1
2020-09-02 14:36:45.540 INFO  [main]s.d.s.w.readers.operation.CachingOperationNameGenerator.startingWith:40 -Generating unique operation named: removeUsingDELETE_2
2020-09-02 14:36:45.549 INFO  [main]s.d.s.w.readers.operation.CachingOperationNameGenerator.startingWith:40 -Generating unique operation named: addUsingPOST_4
2020-09-02 14:36:45.554 INFO  [main]s.d.s.w.readers.operation.CachingOperationNameGenerator.startingWith:40 -Generating unique operation named: editUsingPUT_4
2020-09-02 14:36:45.562 INFO  [main]s.d.s.w.readers.operation.CachingOperationNameGenerator.startingWith:40 -Generating unique operation named: getInfoUsingGET_4
2020-09-02 14:36:45.570 INFO  [main]s.d.s.w.readers.operation.CachingOperationNameGenerator.startingWith:40 -Generating unique operation named: listUsingGET_4
2020-09-02 14:36:45.572 INFO  [main]s.d.s.w.readers.operation.CachingOperationNameGenerator.startingWith:40 -Generating unique operation named: removeUsingDELETE_3
2020-09-02 14:36:45.580 INFO  [main]s.d.s.w.readers.operation.CachingOperationNameGenerator.startingWith:40 -Generating unique operation named: addUsingPOST_5
2020-09-02 14:36:45.582 INFO  [main]s.d.s.w.readers.operation.CachingOperationNameGenerator.startingWith:40 -Generating unique operation named: editUsingPUT_5
2020-09-02 14:36:45.594 INFO  [main]s.d.s.w.readers.operation.CachingOperationNameGenerator.startingWith:40 -Generating unique operation named: getInfoUsingGET_5
2020-09-02 14:36:45.602 INFO  [main]s.d.s.w.readers.operation.CachingOperationNameGenerator.startingWith:40 -Generating unique operation named: listUsingGET_5
2020-09-02 14:36:45.605 INFO  [main]s.d.s.w.readers.operation.CachingOperationNameGenerator.startingWith:40 -Generating unique operation named: removeUsingDELETE_4
2020-09-02 14:36:45.625 INFO  [main]s.d.s.w.readers.operation.CachingOperationNameGenerator.startingWith:40 -Generating unique operation named: addUsingPOST_6
2020-09-02 14:36:45.638 INFO  [main]s.d.s.w.readers.operation.CachingOperationNameGenerator.startingWith:40 -Generating unique operation named: editUsingPUT_6
2020-09-02 14:36:45.642 INFO  [main]s.d.s.w.readers.operation.CachingOperationNameGenerator.startingWith:40 -Generating unique operation named: getInfoUsingGET_6
2020-09-02 14:36:45.652 INFO  [main]s.d.s.w.readers.operation.CachingOperationNameGenerator.startingWith:40 -Generating unique operation named: listUsingGET_6
2020-09-02 14:36:45.654 INFO  [main]s.d.s.w.readers.operation.CachingOperationNameGenerator.startingWith:40 -Generating unique operation named: removeUsingDELETE_5
2020-09-02 14:36:45.662 INFO  [main]s.d.s.w.readers.operation.CachingOperationNameGenerator.startingWith:40 -Generating unique operation named: addUsingPOST_7
2020-09-02 14:36:45.663 INFO  [main]s.d.s.w.readers.operation.CachingOperationNameGenerator.startingWith:40 -Generating unique operation named: clearCacheUsingDELETE_1
2020-09-02 14:36:45.665 INFO  [main]s.d.s.w.readers.operation.CachingOperationNameGenerator.startingWith:40 -Generating unique operation named: editUsingPUT_7
2020-09-02 14:36:45.676 INFO  [main]s.d.s.w.readers.operation.CachingOperationNameGenerator.startingWith:40 -Generating unique operation named: getInfoUsingGET_7
2020-09-02 14:36:45.686 INFO  [main]s.d.s.w.readers.operation.CachingOperationNameGenerator.startingWith:40 -Generating unique operation named: listUsingGET_7
2020-09-02 14:36:45.690 INFO  [main]s.d.s.w.readers.operation.CachingOperationNameGenerator.startingWith:40 -Generating unique operation named: removeUsingDELETE_6
2020-09-02 14:36:45.693 INFO  [main]s.d.s.w.readers.operation.CachingOperationNameGenerator.startingWith:40 -Generating unique operation named: getInfoUsingGET_8
2020-09-02 14:36:45.709 INFO  [main]s.d.s.w.readers.operation.CachingOperationNameGenerator.startingWith:40 -Generating unique operation named: addUsingPOST_8
2020-09-02 14:36:45.712 INFO  [main]s.d.s.w.readers.operation.CachingOperationNameGenerator.startingWith:40 -Generating unique operation named: editUsingPUT_8
2020-09-02 14:36:45.720 INFO  [main]s.d.s.w.readers.operation.CachingOperationNameGenerator.startingWith:40 -Generating unique operation named: getInfoUsingGET_9
2020-09-02 14:36:45.729 INFO  [main]s.d.s.w.readers.operation.CachingOperationNameGenerator.startingWith:40 -Generating unique operation named: listUsingGET_8
2020-09-02 14:36:45.732 INFO  [main]s.d.s.w.readers.operation.CachingOperationNameGenerator.startingWith:40 -Generating unique operation named: removeUsingDELETE_7
2020-09-02 14:36:45.743 INFO  [main]s.d.s.w.readers.operation.CachingOperationNameGenerator.startingWith:40 -Generating unique operation named: addUsingPOST_9
2020-09-02 14:36:45.750 INFO  [main]s.d.s.w.readers.operation.CachingOperationNameGenerator.startingWith:40 -Generating unique operation named: editUsingPUT_9
2020-09-02 14:36:45.757 INFO  [main]s.d.s.w.readers.operation.CachingOperationNameGenerator.startingWith:40 -Generating unique operation named: getInfoUsingGET_10
2020-09-02 14:36:45.769 INFO  [main]s.d.s.w.readers.operation.CachingOperationNameGenerator.startingWith:40 -Generating unique operation named: listUsingGET_9
2020-09-02 14:36:45.772 INFO  [main]s.d.s.w.readers.operation.CachingOperationNameGenerator.startingWith:40 -Generating unique operation named: removeUsingDELETE_8
2020-09-02 14:36:45.790 INFO  [main]s.d.s.w.readers.operation.CachingOperationNameGenerator.startingWith:40 -Generating unique operation named: addUsingPOST_10
2020-09-02 14:36:45.793 INFO  [main]s.d.s.w.readers.operation.CachingOperationNameGenerator.startingWith:40 -Generating unique operation named: changeStatusUsingPUT_1
2020-09-02 14:36:45.796 INFO  [main]s.d.s.w.readers.operation.CachingOperationNameGenerator.startingWith:40 -Generating unique operation named: editUsingPUT_10
2020-09-02 14:36:45.802 INFO  [main]s.d.s.w.readers.operation.CachingOperationNameGenerator.startingWith:40 -Generating unique operation named: getInfoUsingGET_11
2020-09-02 14:36:45.809 INFO  [main]s.d.s.w.readers.operation.CachingOperationNameGenerator.startingWith:40 -Generating unique operation named: listUsingGET_10
2020-09-02 14:36:45.811 INFO  [main]s.d.s.w.readers.operation.CachingOperationNameGenerator.startingWith:40 -Generating unique operation named: removeUsingDELETE_9
2020-09-02 14:36:45.813 INFO  [main]s.d.s.w.readers.operation.CachingOperationNameGenerator.startingWith:40 -Generating unique operation named: addUsingPOST_11
2020-09-02 14:36:45.816 INFO  [main]s.d.s.w.readers.operation.CachingOperationNameGenerator.startingWith:40 -Generating unique operation named: changeStatusUsingPUT_2
2020-09-02 14:36:45.818 INFO  [main]s.d.s.w.readers.operation.CachingOperationNameGenerator.startingWith:40 -Generating unique operation named: editUsingPUT_11
2020-09-02 14:36:45.821 INFO  [main]s.d.s.w.readers.operation.CachingOperationNameGenerator.startingWith:40 -Generating unique operation named: getInfoUsingGET_12
2020-09-02 14:36:45.823 INFO  [main]s.d.s.w.readers.operation.CachingOperationNameGenerator.startingWith:40 -Generating unique operation named: getInfoUsingGET_13
2020-09-02 14:36:45.841 INFO  [main]s.d.s.w.readers.operation.CachingOperationNameGenerator.startingWith:40 -Generating unique operation named: listUsingGET_11
2020-09-02 14:36:45.845 INFO  [main]s.d.s.w.readers.operation.CachingOperationNameGenerator.startingWith:40 -Generating unique operation named: removeUsingDELETE_10
2020-09-02 14:36:46.323 INFO  [main]com.linq.web.TestDemos.logStarted:61 -Started TestDemos in 12.732 seconds (JVM running for 14.537)
2020-09-02 14:36:46.876 INFO  [main]us.codecraft.webmagic.Spider.run:306 -Spider blog.csdn.net started!
2020-09-02 14:36:50.238 INFO  [pool-5-thread-10]us.codecraft.webmagic.downloader.HttpClientDownloader.download:88 -downloading page success https://blog.csdn.net/nav/sec
2020-09-02 14:36:50.242 INFO  [pool-5-thread-5]us.codecraft.webmagic.downloader.HttpClientDownloader.download:88 -downloading page success https://blog.csdn.net/nav/5g
2020-09-02 14:36:50.252 INFO  [pool-5-thread-1]us.codecraft.webmagic.downloader.HttpClientDownloader.download:88 -downloading page success https://blog.csdn.net/nav/java
2020-09-02 14:36:50.470 INFO  [pool-5-thread-2]us.codecraft.webmagic.downloader.HttpClientDownloader.download:88 -downloading page success https://blog.csdn.net/nav/python
2020-09-02 14:36:51.172 INFO  [pool-5-thread-8]us.codecraft.webmagic.downloader.HttpClientDownloader.download:88 -downloading page success https://blog.csdn.net/nav/mobile
2020-09-02 14:36:51.175 INFO  [pool-5-thread-4]us.codecraft.webmagic.downloader.HttpClientDownloader.download:88 -downloading page success https://blog.csdn.net/nav/arch
2020-09-02 14:36:51.183 INFO  [pool-5-thread-6]us.codecraft.webmagic.downloader.HttpClientDownloader.download:88 -downloading page success https://blog.csdn.net/nav/db
2020-09-02 14:36:51.197 INFO  [pool-5-thread-7]us.codecraft.webmagic.downloader.HttpClientDownloader.download:88 -downloading page success https://blog.csdn.net/nav/game
2020-09-02 14:36:51.203 INFO  [pool-5-thread-9]us.codecraft.webmagic.downloader.HttpClientDownloader.download:88 -downloading page success https://blog.csdn.net/nav/ops
2020-09-02 14:36:51.265 INFO  [pool-5-thread-3]us.codecraft.webmagic.downloader.HttpClientDownloader.download:88 -downloading page success https://blog.csdn.net/nav/web
2020-09-02 14:37:10.731 WARN  [pool-5-thread-10]org.apache.http.client.protocol.ResponseProcessCookies.processCookies:130 -Invalid cookie header: "Set-Cookie: dc_sid=86a19cbc9cd2f2a30174c1566eeacb5c; Expires=Session; Path=/; Domain=.csdn.net;". Invalid 'expires' attribute: Session
2020-09-02 14:37:10.735 INFO  [pool-5-thread-10]us.codecraft.webmagic.downloader.HttpClientDownloader.download:88 -downloading page success https://blog.csdn.net/nav/engineering
2020-09-02 14:37:10.793 WARN  [pool-5-thread-1]org.apache.http.client.protocol.ResponseProcessCookies.processCookies:130 -Invalid cookie header: "Set-Cookie: dc_sid=9285bbff47736d793317df1b1590f468; Expires=Session; Path=/; Domain=.csdn.net;". Invalid 'expires' attribute: Session
2020-09-02 14:37:10.799 INFO  [pool-5-thread-1]us.codecraft.webmagic.downloader.HttpClientDownloader.download:88 -downloading page success https://blog.csdn.net/nav/fund
2020-09-02 14:37:11.104 WARN  [pool-5-thread-2]org.apache.http.client.protocol.ResponseProcessCookies.processCookies:130 -Invalid cookie header: "Set-Cookie: dc_sid=46ae520e290d65c95743a4f66d3b1058; Expires=Session; Path=/; Domain=.csdn.net;". Invalid 'expires' attribute: Session
2020-09-02 14:37:11.106 INFO  [pool-5-thread-2]us.codecraft.webmagic.downloader.HttpClientDownloader.download:88 -downloading page success https://blog.csdn.net/nav/avi
2020-09-02 14:37:11.474 WARN  [pool-5-thread-8]org.apache.http.client.protocol.ResponseProcessCookies.processCookies:130 -Invalid cookie header: "Set-Cookie: dc_sid=50f1ce1467a527eb88330daf6fc45521; Expires=Session; Path=/; Domain=.csdn.net;". Invalid 'expires' attribute: Session
2020-09-02 14:37:11.489 INFO  [pool-5-thread-8]us.codecraft.webmagic.downloader.HttpClientDownloader.download:88 -downloading page success https://blog.csdn.net/weixin_42227482/article/details/108314335
2020-09-02 14:37:11.494 WARN  [pool-5-thread-9]org.apache.http.client.protocol.ResponseProcessCookies.processCookies:130 -Invalid cookie header: "Set-Cookie: dc_sid=1cd00a04443367ef0e07ec9a1aeb2e7d; Expires=Session; Path=/; Domain=.csdn.net;". Invalid 'expires' attribute: Session
2020-09-02 14:37:11.503 INFO  [pool-5-thread-9]us.codecraft.webmagic.downloader.HttpClientDownloader.download:88 -downloading page success https://blog.csdn.net/hihell/article/details/108325969
2020-09-02 14:37:11.520 WARN  [pool-5-thread-6]org.apache.http.client.protocol.ResponseProcessCookies.processCookies:130 -Invalid cookie header: "Set-Cookie: dc_sid=516033a0d1308145e674b3ce9f936a12; Expires=Session; Path=/; Domain=.csdn.net;". Invalid 'expires' attribute: Session
2020-09-02 14:37:11.537 WARN  [pool-5-thread-4]org.apache.http.client.protocol.ResponseProcessCookies.processCookies:130 -Invalid cookie header: "Set-Cookie: dc_sid=4e4caae797c40da37a4cff21f19e388e; Expires=Session; Path=/; Domain=.csdn.net;". Invalid 'expires' attribute: Session
2020-09-02 14:37:11.539 INFO  [pool-5-thread-4]us.codecraft.webmagic.downloader.HttpClientDownloader.download:88 -downloading page success https://blog.csdn.net/wk_beicai/article/details/101262897
2020-09-02 14:37:11.537 INFO  [pool-5-thread-9]com.linq.news.task.processor.CsdnNewsProcessor.lambda$process$1:51 -正在使用的详情页链接->https://blog.csdn.net/hihell
2020-09-02 14:37:11.542 INFO  [pool-5-thread-8]com.linq.news.task.processor.CsdnNewsProcessor.lambda$process$1:51 -正在使用的详情页链接->https://blog.csdn.net/weixin_42227482
2020-09-02 14:37:11.555 INFO  [pool-5-thread-8]com.linq.news.task.processor.CsdnNewsProcessor.lambda$null$0:73 -获取到的标签元素->>>>>>>> python3
2020-09-02 14:37:11.556 INFO  [pool-5-thread-8]com.linq.news.task.processor.CsdnNewsProcessor.lambda$null$0:73 -获取到的标签元素->>>>>>>> Alitianchi
2020-09-02 14:37:11.556 INFO  [pool-5-thread-8]com.linq.news.task.processor.CsdnNewsProcessor.lambda$null$0:73 -获取到的标签元素->>>>>>>> Tianchi周赛
2020-09-02 14:37:11.560 INFO  [pool-5-thread-9]com.linq.news.task.processor.CsdnNewsProcessor.lambda$null$0:73 -获取到的标签元素->>>>>>>> 爬虫100例教程
2020-09-02 14:37:11.560 INFO  [pool-5-thread-9]com.linq.news.task.processor.CsdnNewsProcessor.lambda$null$0:73 -获取到的标签元素->>>>>>>> python
2020-09-02 14:37:11.560 INFO  [pool-5-thread-9]com.linq.news.task.processor.CsdnNewsProcessor.lambda$null$0:73 -获取到的标签元素->>>>>>>> python爬虫100例
2020-09-02 14:37:11.560 INFO  [pool-5-thread-9]com.linq.news.task.processor.CsdnNewsProcessor.lambda$null$0:73 -获取到的标签元素->>>>>>>> python爬虫百例
2020-09-02 14:37:11.560 INFO  [pool-5-thread-9]com.linq.news.task.processor.CsdnNewsProcessor.lambda$null$0:73 -获取到的标签元素->>>>>>>> python爬虫入门教程
2020-09-02 14:37:11.560 INFO  [pool-5-thread-9]com.linq.news.task.processor.CsdnNewsProcessor.lambda$null$0:73 -获取到的标签元素->>>>>>>> python爬虫入门
2020-09-02 14:37:11.560 INFO  [pool-5-thread-4]com.linq.news.task.processor.CsdnNewsProcessor.lambda$process$1:51 -正在使用的详情页链接->https://blog.csdn.net/wk_beicai
2020-09-02 14:37:11.561 INFO  [pool-5-thread-9]com.linq.news.task.processor.CsdnNewsProcessor.lambda$process$1:81 -src->>>>>>>>https://profile.csdnimg.cn/6/E/2/3_hihell
2020-09-02 14:37:11.564 INFO  [pool-5-thread-4]com.linq.news.task.processor.CsdnNewsProcessor.lambda$null$0:73 -获取到的标签元素->>>>>>>> android面试题
2020-09-02 14:37:11.566 INFO  [pool-5-thread-4]com.linq.news.task.processor.CsdnNewsProcessor.lambda$process$1:81 -src->>>>>>>>https://profile.csdnimg.cn/3/4/4/3_wk_beicai
2020-09-02 14:37:11.572 INFO  [pool-5-thread-6]us.codecraft.webmagic.downloader.HttpClientDownloader.download:88 -downloading page success https://blog.csdn.net/nav/other
2020-09-02 14:37:11.575 WARN  [pool-5-thread-7]org.apache.http.client.protocol.ResponseProcessCookies.processCookies:130 -Invalid cookie header: "Set-Cookie: dc_sid=5ba5bd4966b4caf8362e3f871614dee3; Expires=Session; Path=/; Domain=.csdn.net;". Invalid 'expires' attribute: Session
2020-09-02 14:37:11.575 INFO  [pool-5-thread-7]us.codecraft.webmagic.downloader.HttpClientDownloader.download:88 -downloading page success https://blog.csdn.net/weixin_42227482
2020-09-02 14:37:11.576 INFO  [pool-5-thread-8]com.linq.news.task.processor.CsdnNewsProcessor.lambda$process$1:81 -src->>>>>>>>https://profile.csdnimg.cn/0/3/B/3_weixin_42227482
2020-09-02 14:37:11.643 WARN  [pool-5-thread-3]org.apache.http.client.protocol.ResponseProcessCookies.processCookies:130 -Invalid cookie header: "Set-Cookie: dc_sid=a5ee56823f25a9976c49a8fadfb0d3d8; Expires=Session; Path=/; Domain=.csdn.net;". Invalid 'expires' attribute: Session
2020-09-02 14:37:11.644 INFO  [pool-5-thread-3]us.codecraft.webmagic.downloader.HttpClientDownloader.download:88 -downloading page success https://blog.csdn.net/hihell
2020-09-02 14:37:11.752 WARN  [pool-5-thread-5]org.apache.http.client.protocol.ResponseProcessCookies.processCookies:130 -Invalid cookie header: "Set-Cookie: dc_sid=b06849e6dc7d1187fd7bf223c9fa9298; Expires=Session; Path=/; Domain=.csdn.net;". Invalid 'expires' attribute: Session
2020-09-02 14:37:11.757 INFO  [pool-5-thread-5]us.codecraft.webmagic.downloader.HttpClientDownloader.download:88 -downloading page success https://blog.csdn.net/nav/iot
2020-09-02 14:37:30.953 WARN  [pool-5-thread-10]org.apache.http.client.protocol.ResponseProcessCookies.processCookies:130 -Invalid cookie header: "Set-Cookie: dc_sid=f5bd166ec755c49aed4b0073a297990b; Expires=Session; Path=/; Domain=.csdn.net;". Invalid 'expires' attribute: Session
2020-09-02 14:37:30.955 INFO  [pool-5-thread-10]us.codecraft.webmagic.downloader.HttpClientDownloader.download:88 -downloading page success https://blog.csdn.net/wk_beicai
2020-09-02 14:37:31.134 WARN  [pool-5-thread-1]org.apache.http.client.protocol.ResponseProcessCookies.processCookies:130 -Invalid cookie header: "Set-Cookie: dc_sid=bb46bf4a9e392f65d45937acbece0de9; Expires=Session; Path=/; Domain=.csdn.net;". Invalid 'expires' attribute: Session
2020-09-02 14:37:31.154 INFO  [pool-5-thread-1]us.codecraft.webmagic.downloader.HttpClientDownloader.download:88 -downloading page success https://blog.csdn.net/qq_41185868/article/details/108306822
2020-09-02 14:37:31.179 INFO  [pool-5-thread-1]com.linq.news.task.processor.CsdnNewsProcessor.lambda$process$1:51 -正在使用的详情页链接->https://blog.csdn.net/qq_41185868
2020-09-02 14:37:31.185 INFO  [pool-5-thread-1]com.linq.news.task.processor.CsdnNewsProcessor.lambda$null$0:73 -获取到的标签元素->>>>>>>> CV
2020-09-02 14:37:31.187 INFO  [pool-5-thread-1]com.linq.news.task.processor.CsdnNewsProcessor.lambda$process$1:81 -src->>>>>>>>https://profile.csdnimg.cn/B/4/2/3_qq_41185868
2020-09-02 14:37:31.599 WARN  [pool-5-thread-2]org.apache.http.client.protocol.ResponseProcessCookies.processCookies:130 -Invalid cookie header: "Set-Cookie: dc_sid=1b1e1242f7e7564bb2915ef64b3ee18c; Expires=Session; Path=/; Domain=.csdn.net;". Invalid 'expires' attribute: Session
2020-09-02 14:37:31.603 INFO  [pool-5-thread-2]us.codecraft.webmagic.downloader.HttpClientDownloader.download:88 -downloading page success https://blog.csdn.net/qq_26923265/article/details/88895067
2020-09-02 14:37:31.613 INFO  [pool-5-thread-2]com.linq.news.task.processor.CsdnNewsProcessor.lambda$process$1:51 -正在使用的详情页链接->https://blog.csdn.net/qq_26923265
2020-09-02 14:37:31.617 INFO  [pool-5-thread-2]com.linq.news.task.processor.CsdnNewsProcessor.lambda$null$0:73 -获取到的标签元素->>>>>>>> 大疆SDK
2020-09-02 14:37:31.617 INFO  [pool-5-thread-2]com.linq.news.task.processor.CsdnNewsProcessor.lambda$null$0:73 -获取到的标签元素->>>>>>>> 安卓
2020-09-02 14:37:31.617 INFO  [pool-5-thread-2]com.linq.news.task.processor.CsdnNewsProcessor.lambda$null$0:73 -获取到的标签元素->>>>>>>> 大疆安卓sdk
2020-09-02 14:37:31.618 INFO  [pool-5-thread-2]com.linq.news.task.processor.CsdnNewsProcessor.lambda$process$1:81 -src->>>>>>>>https://profile.csdnimg.cn/4/2/2/3_qq_26923265
2020-09-02 14:37:31.717 WARN  [pool-5-thread-4]org.apache.http.client.protocol.ResponseProcessCookies.processCookies:130 -Invalid cookie header: "Set-Cookie: dc_sid=4a475b86d936807e3b1f580704e9c0e9; Expires=Session; Path=/; Domain=.csdn.net;". Invalid 'expires' attribute: Session
2020-09-02 14:37:31.718 INFO  [pool-5-thread-4]us.codecraft.webmagic.downloader.HttpClientDownloader.download:88 -downloading page success https://blog.csdn.net/qq_26923265
2020-09-02 14:37:31.778 WARN  [pool-5-thread-9]org.apache.http.client.protocol.ResponseProcessCookies.processCookies:130 -Invalid cookie header: "Set-Cookie: dc_sid=4a2e120ca57039ac39442e17ed27cb5a; Expires=Session; Path=/; Domain=.csdn.net;". Invalid 'expires' attribute: Session
2020-09-02 14:37:31.782 INFO  [pool-5-thread-9]us.codecraft.webmagic.downloader.HttpClientDownloader.download:88 -downloading page success https://blog.csdn.net/qq_41185868
2020-09-02 14:37:31.864 WARN  [pool-5-thread-3]org.apache.http.client.protocol.ResponseProcessCookies.processCookies:130 -Invalid cookie header: "Set-Cookie: dc_sid=f2172e62f56ca025a887416667fae8e6; Expires=Session; Path=/; Domain=.csdn.net;". Invalid 'expires' attribute: Session
2020-09-02 14:37:31.942 WARN  [pool-5-thread-8]org.apache.http.client.protocol.ResponseProcessCookies.processCookies:130 -Invalid cookie header: "Set-Cookie: dc_sid=254fc91602297518df14e3502413a401; Expires=Session; Path=/; Domain=.csdn.net;". Invalid 'expires' attribute: Session
2020-09-02 14:37:31.942 INFO  [pool-5-thread-3]us.codecraft.webmagic.downloader.HttpClientDownloader.download:88 -downloading page success https://blog.csdn.net/Bluechalk/article/details/101280560
2020-09-02 14:37:31.948 INFO  [pool-5-thread-8]us.codecraft.webmagic.downloader.HttpClientDownloader.download:88 -downloading page success https://blog.csdn.net/qq_41185868/article/details/108306822#commentBox
2020-09-02 14:37:31.950 WARN  [pool-5-thread-6]org.apache.http.client.protocol.ResponseProcessCookies.processCookies:130 -Invalid cookie header: "Set-Cookie: dc_sid=1fc5849da288d1f0b080315a03844adc; Expires=Session; Path=/; Domain=.csdn.net;". Invalid 'expires' attribute: Session
2020-09-02 14:37:31.952 INFO  [pool-5-thread-6]us.codecraft.webmagic.downloader.HttpClientDownloader.download:88 -downloading page success https://blog.csdn.net/qq_26923265/article/details/88895067#commentBox
2020-09-02 14:37:31.957 INFO  [pool-5-thread-3]com.linq.news.task.processor.CsdnNewsProcessor.lambda$process$1:51 -正在使用的详情页链接->https://blog.csdn.net/Bluechalk
2020-09-02 14:37:31.962 INFO  [pool-5-thread-3]com.linq.news.task.processor.CsdnNewsProcessor.lambda$null$0:73 -获取到的标签元素->>>>>>>> 移动开发
2020-09-02 14:37:31.963 INFO  [pool-5-thread-3]com.linq.news.task.processor.CsdnNewsProcessor.lambda$null$0:73 -获取到的标签元素->>>>>>>> # Android
2020-09-02 14:37:31.965 INFO  [pool-5-thread-3]com.linq.news.task.processor.CsdnNewsProcessor.lambda$process$1:81 -src->>>>>>>>https://profile.csdnimg.cn/C/1/6/3_bluechalk
2020-09-02 14:37:31.965 INFO  [pool-5-thread-6]com.linq.news.task.processor.CsdnNewsProcessor.lambda$process$1:51 -正在使用的详情页链接->https://blog.csdn.net/qq_26923265
2020-09-02 14:37:31.966 INFO  [pool-5-thread-8]com.linq.news.task.processor.CsdnNewsProcessor.lambda$process$1:51 -正在使用的详情页链接->https://blog.csdn.net/qq_41185868
2020-09-02 14:37:31.970 INFO  [pool-5-thread-6]com.linq.news.task.processor.CsdnNewsProcessor.lambda$null$0:73 -获取到的标签元素->>>>>>>> 大疆SDK
2020-09-02 14:37:31.971 INFO  [pool-5-thread-6]com.linq.news.task.processor.CsdnNewsProcessor.lambda$null$0:73 -获取到的标签元素->>>>>>>> 安卓
2020-09-02 14:37:31.971 INFO  [pool-5-thread-6]com.linq.news.task.processor.CsdnNewsProcessor.lambda$null$0:73 -获取到的标签元素->>>>>>>> 大疆安卓sdk
2020-09-02 14:37:31.971 INFO  [pool-5-thread-8]com.linq.news.task.processor.CsdnNewsProcessor.lambda$null$0:73 -获取到的标签元素->>>>>>>> CV
2020-09-02 14:37:31.971 INFO  [pool-5-thread-6]com.linq.news.task.processor.CsdnNewsProcessor.lambda$process$1:81 -src->>>>>>>>https://profile.csdnimg.cn/4/2/2/3_qq_26923265
2020-09-02 14:37:31.971 INFO  [pool-5-thread-8]com.linq.news.task.processor.CsdnNewsProcessor.lambda$process$1:81 -src->>>>>>>>https://profile.csdnimg.cn/B/4/2/3_qq_41185868
2020-09-02 14:37:32.010 WARN  [pool-5-thread-5]org.apache.http.client.protocol.ResponseProcessCookies.processCookies:130 -Invalid cookie header: "Set-Cookie: dc_sid=0116ec96bdc129dee0fe2352606f4a6c; Expires=Session; Path=/; Domain=.csdn.net;". Invalid 'expires' attribute: Session
2020-09-02 14:37:32.012 INFO  [pool-5-thread-5]us.codecraft.webmagic.downloader.HttpClientDownloader.download:88 -downloading page success https://blog.csdn.net/CUFEECR
2020-09-02 14:37:32.751 WARN  [pool-5-thread-7]org.apache.http.client.protocol.ResponseProcessCookies.processCookies:130 -Invalid cookie header: "Set-Cookie: dc_sid=5539570d054e261664e1a823210703a6; Expires=Session; Path=/; Domain=.csdn.net;". Invalid 'expires' attribute: Session
2020-09-02 14:37:32.850 INFO  [pool-5-thread-7]us.codecraft.webmagic.downloader.HttpClientDownloader.download:88 -downloading page success https://blog.csdn.net/CUFEECR/article/details/108299720
2020-09-02 14:37:32.873 INFO  [pool-5-thread-7]com.linq.news.task.processor.CsdnNewsProcessor.lambda$process$1:51 -正在使用的详情页链接->https://blog.csdn.net/CUFEECR
2020-09-02 14:37:32.879 INFO  [pool-5-thread-7]com.linq.news.task.processor.CsdnNewsProcessor.lambda$null$0:73 -获取到的标签元素->>>>>>>> 数据分析
2020-09-02 14:37:32.879 INFO  [pool-5-thread-7]com.linq.news.task.processor.CsdnNewsProcessor.lambda$null$0:73 -获取到的标签元素->>>>>>>> Python
2020-09-02 14:37:32.879 INFO  [pool-5-thread-7]com.linq.news.task.processor.CsdnNewsProcessor.lambda$null$0:73 -获取到的标签元素->>>>>>>> 数据分析实战
2020-09-02 14:37:32.879 INFO  [pool-5-thread-7]com.linq.news.task.processor.CsdnNewsProcessor.lambda$null$0:73 -获取到的标签元素->>>>>>>> Python实现数据可视化
2020-09-02 14:37:32.885 INFO  [pool-5-thread-7]com.linq.news.task.processor.CsdnNewsProcessor.lambda$process$1:81 -src->>>>>>>>https://profile.csdnimg.cn/6/E/0/3_cufeecr
2020-09-02 14:37:50.581 INFO  [SpringContextShutdownHook]com.linq.framework.manager.ShutdownManager.shutdownAsyncManager:25 -====关闭后台任务任务线程池====
2020-09-02 14:37:50.582 WARN  [SpringContextShutdownHook]o.s.context.annotation.CommonAnnotationBeanPostProcessor.postProcessBeforeDestruction:185 -Destroy method on bean with name 'shutdownManager' threw an exception: java.lang.ExceptionInInitializerError
2020-09-02 14:37:50.584 INFO  [SpringContextShutdownHook]com.alibaba.druid.pool.DruidDataSource.close:2003 -{dataSource-1} closing ...
2020-09-02 14:37:50.592 INFO  [SpringContextShutdownHook]com.alibaba.druid.pool.DruidDataSource.close:2075 -{dataSource-1} closed
2020-09-02 14:55:34.090 INFO  [main]com.linq.web.TestDemos.logStarting:55 -Starting TestDemos on JaydeMacBook-Pro.local with PID 3592 (started by jay in /Users/jay/Desktop/Vue项目集合/新闻发布管理系统/linq/linq-web)
2020-09-02 14:55:34.096 DEBUG [main]com.linq.web.TestDemos.logStarting:56 -Running with Spring Boot v2.3.0.RELEASE, Spring v5.2.6.RELEASE
2020-09-02 14:55:34.097 INFO  [main]com.linq.web.TestDemos.logStartupProfileInfo:655 -The following profiles are active: druid,linq
2020-09-02 14:55:39.116 INFO  [main]c.a.d.s.boot.autoconfigure.DruidDataSourceAutoConfigure.dataSource:56 -Init DruidDataSource
2020-09-02 14:55:39.853 INFO  [main]com.alibaba.druid.pool.DruidDataSource.init:1010 -{dataSource-1} inited
2020-09-02 14:55:43.754 INFO  [main]s.d.s.web.PropertySourcedRequestMappingHandlerMapping.initHandlerMethods:69 -Mapped URL path [/v2/api-docs] onto method [springfox.documentation.swagger2.web.Swagger2Controller#getDocumentation(String, HttpServletRequest)]
2020-09-02 14:55:45.284 WARN  [main]org.springframework.data.convert.CustomConversions.register:273 -Registering converter from class org.springframework.data.geo.Point to interface java.util.Map as writing converter although it doesn't convert to a store-supported type! You might want to check your annotation setup at the converter implementation.
2020-09-02 14:55:45.286 WARN  [main]org.springframework.data.convert.CustomConversions.register:263 -Registering converter from interface java.util.Map to class org.springframework.data.geo.Point as reading converter although it doesn't convert from a store-supported type! You might want to check your annotation setup at the converter implementation.
2020-09-02 14:55:45.286 WARN  [main]org.springframework.data.convert.CustomConversions.register:273 -Registering converter from class org.springframework.data.elasticsearch.core.geo.GeoPoint to interface java.util.Map as writing converter although it doesn't convert to a store-supported type! You might want to check your annotation setup at the converter implementation.
2020-09-02 14:55:45.287 WARN  [main]org.springframework.data.convert.CustomConversions.register:263 -Registering converter from interface java.util.Map to class org.springframework.data.elasticsearch.core.geo.GeoPoint as reading converter although it doesn't convert from a store-supported type! You might want to check your annotation setup at the converter implementation.
2020-09-02 14:55:46.087 INFO  [main]s.d.spring.web.plugins.DocumentationPluginsBootstrapper.start:160 -Context refreshed
2020-09-02 14:55:46.112 INFO  [main]s.d.spring.web.plugins.DocumentationPluginsBootstrapper.start:163 -Found 1 custom documentation plugin(s)
2020-09-02 14:55:46.201 INFO  [main]s.d.spring.web.scanners.ApiListingReferenceScanner.scan:41 -Scanning for api listing references
2020-09-02 14:55:46.542 INFO  [main]s.d.s.w.readers.operation.CachingOperationNameGenerator.startingWith:40 -Generating unique operation named: addUsingPOST_1
2020-09-02 14:55:46.545 INFO  [main]s.d.s.w.readers.operation.CachingOperationNameGenerator.startingWith:40 -Generating unique operation named: editUsingPUT_1
2020-09-02 14:55:46.554 INFO  [main]s.d.s.w.readers.operation.CachingOperationNameGenerator.startingWith:40 -Generating unique operation named: getInfoUsingGET_1
2020-09-02 14:55:46.575 INFO  [main]s.d.s.w.readers.operation.CachingOperationNameGenerator.startingWith:40 -Generating unique operation named: listUsingGET_1
2020-09-02 14:55:46.586 INFO  [main]s.d.s.w.readers.operation.CachingOperationNameGenerator.startingWith:40 -Generating unique operation named: addUsingPOST_2
2020-09-02 14:55:46.588 INFO  [main]s.d.s.w.readers.operation.CachingOperationNameGenerator.startingWith:40 -Generating unique operation named: editUsingPUT_2
2020-09-02 14:55:46.598 INFO  [main]s.d.s.w.readers.operation.CachingOperationNameGenerator.startingWith:40 -Generating unique operation named: getInfoUsingGET_2
2020-09-02 14:55:46.610 INFO  [main]s.d.s.w.readers.operation.CachingOperationNameGenerator.startingWith:40 -Generating unique operation named: listUsingGET_2
2020-09-02 14:55:46.614 INFO  [main]s.d.s.w.readers.operation.CachingOperationNameGenerator.startingWith:40 -Generating unique operation named: removeUsingDELETE_1
2020-09-02 14:55:46.620 INFO  [main]s.d.s.w.readers.operation.CachingOperationNameGenerator.startingWith:40 -Generating unique operation named: addUsingPOST_3
2020-09-02 14:55:46.622 INFO  [main]s.d.s.w.readers.operation.CachingOperationNameGenerator.startingWith:40 -Generating unique operation named: editUsingPUT_3
2020-09-02 14:55:46.627 INFO  [main]s.d.s.w.readers.operation.CachingOperationNameGenerator.startingWith:40 -Generating unique operation named: getInfoUsingGET_3
2020-09-02 14:55:46.635 INFO  [main]s.d.s.w.readers.operation.CachingOperationNameGenerator.startingWith:40 -Generating unique operation named: listUsingGET_3
2020-09-02 14:55:46.639 INFO  [main]s.d.s.w.readers.operation.CachingOperationNameGenerator.startingWith:40 -Generating unique operation named: optionSelectUsingGET_1
2020-09-02 14:55:46.642 INFO  [main]s.d.s.w.readers.operation.CachingOperationNameGenerator.startingWith:40 -Generating unique operation named: removeUsingDELETE_2
2020-09-02 14:55:46.648 INFO  [main]s.d.s.w.readers.operation.CachingOperationNameGenerator.startingWith:40 -Generating unique operation named: addUsingPOST_4
2020-09-02 14:55:46.652 INFO  [main]s.d.s.w.readers.operation.CachingOperationNameGenerator.startingWith:40 -Generating unique operation named: editUsingPUT_4
2020-09-02 14:55:46.660 INFO  [main]s.d.s.w.readers.operation.CachingOperationNameGenerator.startingWith:40 -Generating unique operation named: getInfoUsingGET_4
2020-09-02 14:55:46.668 INFO  [main]s.d.s.w.readers.operation.CachingOperationNameGenerator.startingWith:40 -Generating unique operation named: listUsingGET_4
2020-09-02 14:55:46.670 INFO  [main]s.d.s.w.readers.operation.CachingOperationNameGenerator.startingWith:40 -Generating unique operation named: removeUsingDELETE_3
2020-09-02 14:55:46.681 INFO  [main]s.d.s.w.readers.operation.CachingOperationNameGenerator.startingWith:40 -Generating unique operation named: addUsingPOST_5
2020-09-02 14:55:46.683 INFO  [main]s.d.s.w.readers.operation.CachingOperationNameGenerator.startingWith:40 -Generating unique operation named: editUsingPUT_5
2020-09-02 14:55:46.705 INFO  [main]s.d.s.w.readers.operation.CachingOperationNameGenerator.startingWith:40 -Generating unique operation named: getInfoUsingGET_5
2020-09-02 14:55:46.717 INFO  [main]s.d.s.w.readers.operation.CachingOperationNameGenerator.startingWith:40 -Generating unique operation named: listUsingGET_5
2020-09-02 14:55:46.721 INFO  [main]s.d.s.w.readers.operation.CachingOperationNameGenerator.startingWith:40 -Generating unique operation named: removeUsingDELETE_4
2020-09-02 14:55:46.761 INFO  [main]s.d.s.w.readers.operation.CachingOperationNameGenerator.startingWith:40 -Generating unique operation named: addUsingPOST_6
2020-09-02 14:55:46.790 INFO  [main]s.d.s.w.readers.operation.CachingOperationNameGenerator.startingWith:40 -Generating unique operation named: editUsingPUT_6
2020-09-02 14:55:46.805 INFO  [main]s.d.s.w.readers.operation.CachingOperationNameGenerator.startingWith:40 -Generating unique operation named: getInfoUsingGET_6
2020-09-02 14:55:46.816 INFO  [main]s.d.s.w.readers.operation.CachingOperationNameGenerator.startingWith:40 -Generating unique operation named: listUsingGET_6
2020-09-02 14:55:46.819 INFO  [main]s.d.s.w.readers.operation.CachingOperationNameGenerator.startingWith:40 -Generating unique operation named: removeUsingDELETE_5
2020-09-02 14:55:46.826 INFO  [main]s.d.s.w.readers.operation.CachingOperationNameGenerator.startingWith:40 -Generating unique operation named: addUsingPOST_7
2020-09-02 14:55:46.827 INFO  [main]s.d.s.w.readers.operation.CachingOperationNameGenerator.startingWith:40 -Generating unique operation named: clearCacheUsingDELETE_1
2020-09-02 14:55:46.831 INFO  [main]s.d.s.w.readers.operation.CachingOperationNameGenerator.startingWith:40 -Generating unique operation named: editUsingPUT_7
2020-09-02 14:55:46.840 INFO  [main]s.d.s.w.readers.operation.CachingOperationNameGenerator.startingWith:40 -Generating unique operation named: getInfoUsingGET_7
2020-09-02 14:55:46.855 INFO  [main]s.d.s.w.readers.operation.CachingOperationNameGenerator.startingWith:40 -Generating unique operation named: listUsingGET_7
2020-09-02 14:55:46.858 INFO  [main]s.d.s.w.readers.operation.CachingOperationNameGenerator.startingWith:40 -Generating unique operation named: removeUsingDELETE_6
2020-09-02 14:55:46.861 INFO  [main]s.d.s.w.readers.operation.CachingOperationNameGenerator.startingWith:40 -Generating unique operation named: getInfoUsingGET_8
2020-09-02 14:55:46.874 INFO  [main]s.d.s.w.readers.operation.CachingOperationNameGenerator.startingWith:40 -Generating unique operation named: addUsingPOST_8
2020-09-02 14:55:46.877 INFO  [main]s.d.s.w.readers.operation.CachingOperationNameGenerator.startingWith:40 -Generating unique operation named: editUsingPUT_8
2020-09-02 14:55:46.886 INFO  [main]s.d.s.w.readers.operation.CachingOperationNameGenerator.startingWith:40 -Generating unique operation named: getInfoUsingGET_9
2020-09-02 14:55:46.895 INFO  [main]s.d.s.w.readers.operation.CachingOperationNameGenerator.startingWith:40 -Generating unique operation named: listUsingGET_8
2020-09-02 14:55:46.897 INFO  [main]s.d.s.w.readers.operation.CachingOperationNameGenerator.startingWith:40 -Generating unique operation named: removeUsingDELETE_7
2020-09-02 14:55:46.903 INFO  [main]s.d.s.w.readers.operation.CachingOperationNameGenerator.startingWith:40 -Generating unique operation named: addUsingPOST_9
2020-09-02 14:55:46.905 INFO  [main]s.d.s.w.readers.operation.CachingOperationNameGenerator.startingWith:40 -Generating unique operation named: editUsingPUT_9
2020-09-02 14:55:46.911 INFO  [main]s.d.s.w.readers.operation.CachingOperationNameGenerator.startingWith:40 -Generating unique operation named: getInfoUsingGET_10
2020-09-02 14:55:46.918 INFO  [main]s.d.s.w.readers.operation.CachingOperationNameGenerator.startingWith:40 -Generating unique operation named: listUsingGET_9
2020-09-02 14:55:46.920 INFO  [main]s.d.s.w.readers.operation.CachingOperationNameGenerator.startingWith:40 -Generating unique operation named: removeUsingDELETE_8
2020-09-02 14:55:46.940 INFO  [main]s.d.s.w.readers.operation.CachingOperationNameGenerator.startingWith:40 -Generating unique operation named: addUsingPOST_10
2020-09-02 14:55:46.942 INFO  [main]s.d.s.w.readers.operation.CachingOperationNameGenerator.startingWith:40 -Generating unique operation named: changeStatusUsingPUT_1
2020-09-02 14:55:46.945 INFO  [main]s.d.s.w.readers.operation.CachingOperationNameGenerator.startingWith:40 -Generating unique operation named: editUsingPUT_10
2020-09-02 14:55:46.950 INFO  [main]s.d.s.w.readers.operation.CachingOperationNameGenerator.startingWith:40 -Generating unique operation named: getInfoUsingGET_11
2020-09-02 14:55:46.959 INFO  [main]s.d.s.w.readers.operation.CachingOperationNameGenerator.startingWith:40 -Generating unique operation named: listUsingGET_10
2020-09-02 14:55:46.962 INFO  [main]s.d.s.w.readers.operation.CachingOperationNameGenerator.startingWith:40 -Generating unique operation named: removeUsingDELETE_9
2020-09-02 14:55:46.965 INFO  [main]s.d.s.w.readers.operation.CachingOperationNameGenerator.startingWith:40 -Generating unique operation named: addUsingPOST_11
2020-09-02 14:55:46.967 INFO  [main]s.d.s.w.readers.operation.CachingOperationNameGenerator.startingWith:40 -Generating unique operation named: changeStatusUsingPUT_2
2020-09-02 14:55:46.969 INFO  [main]s.d.s.w.readers.operation.CachingOperationNameGenerator.startingWith:40 -Generating unique operation named: editUsingPUT_11
2020-09-02 14:55:46.971 INFO  [main]s.d.s.w.readers.operation.CachingOperationNameGenerator.startingWith:40 -Generating unique operation named: getInfoUsingGET_12
2020-09-02 14:55:46.975 INFO  [main]s.d.s.w.readers.operation.CachingOperationNameGenerator.startingWith:40 -Generating unique operation named: getInfoUsingGET_13
2020-09-02 14:55:47.004 INFO  [main]s.d.s.w.readers.operation.CachingOperationNameGenerator.startingWith:40 -Generating unique operation named: listUsingGET_11
2020-09-02 14:55:47.006 INFO  [main]s.d.s.w.readers.operation.CachingOperationNameGenerator.startingWith:40 -Generating unique operation named: removeUsingDELETE_10
2020-09-02 14:55:47.632 INFO  [main]com.linq.web.TestDemos.logStarted:61 -Started TestDemos in 14.44 seconds (JVM running for 15.955)
2020-09-02 14:55:47.950 INFO  [main]us.codecraft.webmagic.Spider.run:306 -Spider blog.csdn.net started!
2020-09-02 14:55:48.639 INFO  [pool-5-thread-10]us.codecraft.webmagic.downloader.HttpClientDownloader.download:88 -downloading page success https://blog.csdn.net/nav/sec
2020-09-02 14:55:48.639 INFO  [pool-5-thread-8]us.codecraft.webmagic.downloader.HttpClientDownloader.download:88 -downloading page success https://blog.csdn.net/nav/mobile
2020-09-02 14:55:48.663 INFO  [pool-5-thread-7]us.codecraft.webmagic.downloader.HttpClientDownloader.download:88 -downloading page success https://blog.csdn.net/nav/game
2020-09-02 14:55:48.838 INFO  [pool-5-thread-5]us.codecraft.webmagic.downloader.HttpClientDownloader.download:88 -downloading page success https://blog.csdn.net/nav/5g
2020-09-02 14:55:48.882 INFO  [pool-5-thread-3]us.codecraft.webmagic.downloader.HttpClientDownloader.download:88 -downloading page success https://blog.csdn.net/nav/web
2020-09-02 14:55:49.209 INFO  [pool-5-thread-2]us.codecraft.webmagic.downloader.HttpClientDownloader.download:88 -downloading page success https://blog.csdn.net/nav/python
2020-09-02 14:55:49.652 INFO  [pool-5-thread-9]us.codecraft.webmagic.downloader.HttpClientDownloader.download:88 -downloading page success https://blog.csdn.net/nav/ops
2020-09-02 14:55:49.655 INFO  [pool-5-thread-6]us.codecraft.webmagic.downloader.HttpClientDownloader.download:88 -downloading page success https://blog.csdn.net/nav/db
2020-09-02 14:55:49.665 INFO  [pool-5-thread-1]us.codecraft.webmagic.downloader.HttpClientDownloader.download:88 -downloading page success https://blog.csdn.net/nav/java
2020-09-02 14:55:49.669 INFO  [pool-5-thread-4]us.codecraft.webmagic.downloader.HttpClientDownloader.download:88 -downloading page success https://blog.csdn.net/nav/arch
2020-09-02 14:56:09.208 WARN  [pool-5-thread-7]org.apache.http.client.protocol.ResponseProcessCookies.processCookies:130 -Invalid cookie header: "Set-Cookie: dc_sid=1c0c19f960d90d068e4b65955281ad26; Expires=Session; Path=/; Domain=.csdn.net;". Invalid 'expires' attribute: Session
2020-09-02 14:56:09.215 INFO  [pool-5-thread-7]us.codecraft.webmagic.downloader.HttpClientDownloader.download:88 -downloading page success https://blog.csdn.net/nav/avi
2020-09-02 14:56:09.218 WARN  [pool-5-thread-10]org.apache.http.client.protocol.ResponseProcessCookies.processCookies:130 -Invalid cookie header: "Set-Cookie: dc_sid=401bfaf41ba4b4ed09a689d4f0771508; Expires=Session; Path=/; Domain=.csdn.net;". Invalid 'expires' attribute: Session
2020-09-02 14:56:09.221 INFO  [pool-5-thread-10]us.codecraft.webmagic.downloader.HttpClientDownloader.download:88 -downloading page success https://blog.csdn.net/nav/engineering
2020-09-02 14:56:09.227 WARN  [pool-5-thread-5]org.apache.http.client.protocol.ResponseProcessCookies.processCookies:130 -Invalid cookie header: "Set-Cookie: dc_sid=6e6e6e9bc1852e7ad002b579b799abad; Expires=Session; Path=/; Domain=.csdn.net;". Invalid 'expires' attribute: Session
2020-09-02 14:56:09.342 WARN  [pool-5-thread-3]org.apache.http.client.protocol.ResponseProcessCookies.processCookies:130 -Invalid cookie header: "Set-Cookie: dc_sid=5c63221de14ac4a7e5b2a6cb12e3c7ef; Expires=Session; Path=/; Domain=.csdn.net;". Invalid 'expires' attribute: Session
2020-09-02 14:56:09.344 INFO  [pool-5-thread-3]us.codecraft.webmagic.downloader.HttpClientDownloader.download:88 -downloading page success https://blog.csdn.net/nav/other
2020-09-02 14:56:09.348 WARN  [pool-5-thread-2]org.apache.http.client.protocol.ResponseProcessCookies.processCookies:130 -Invalid cookie header: "Set-Cookie: dc_sid=0a3fc650c0ed9897fd4f4e0c4cec338d; Expires=Session; Path=/; Domain=.csdn.net;". Invalid 'expires' attribute: Session
2020-09-02 14:56:09.400 INFO  [pool-5-thread-2]us.codecraft.webmagic.downloader.HttpClientDownloader.download:88 -downloading page success https://blog.csdn.net/u013491829/article/details/108315927
2020-09-02 14:56:09.425 INFO  [pool-5-thread-2]com.linq.news.task.processor.CsdnNewsProcessor.lambda$process$2:54 -正在使用的详情页链接->https://blog.csdn.net/u013491829
2020-09-02 14:56:09.433 INFO  [pool-5-thread-5]us.codecraft.webmagic.downloader.HttpClientDownloader.download:88 -downloading page success https://blog.csdn.net/nav/fund
2020-09-02 14:56:09.441 INFO  [pool-5-thread-2]com.linq.news.task.processor.CsdnNewsProcessor.lambda$process$2:85 -获取到的标签元素字符串->>>>>>>> Flutter
2020-09-02 14:56:09.457 INFO  [pool-5-thread-2]com.linq.news.task.processor.CsdnNewsProcessor.lambda$process$2:90 -src->>>>>>>>https://profile.csdnimg.cn/F/F/9/3_u013491829
2020-09-02 14:56:09.808 WARN  [pool-5-thread-1]org.apache.http.client.protocol.ResponseProcessCookies.processCookies:130 -Invalid cookie header: "Set-Cookie: dc_sid=f043bcd54c2924b4ac3955814ac27eaf; Expires=Session; Path=/; Domain=.csdn.net;". Invalid 'expires' attribute: Session
2020-09-02 14:56:09.808 INFO  [pool-5-thread-1]us.codecraft.webmagic.downloader.HttpClientDownloader.download:88 -downloading page success https://blog.csdn.net/IPFS_Union
2020-09-02 14:56:09.893 WARN  [pool-5-thread-6]org.apache.http.client.protocol.ResponseProcessCookies.processCookies:130 -Invalid cookie header: "Set-Cookie: dc_sid=82b06b1900cd162914b848e275d561b5; Expires=Session; Path=/; Domain=.csdn.net;". Invalid 'expires' attribute: Session
2020-09-02 14:56:09.894 INFO  [pool-5-thread-6]us.codecraft.webmagic.downloader.HttpClientDownloader.download:88 -downloading page success https://blog.csdn.net/u013491829
2020-09-02 14:56:10.025 WARN  [pool-5-thread-4]org.apache.http.client.protocol.ResponseProcessCookies.processCookies:130 -Invalid cookie header: "Set-Cookie: dc_sid=1ca42882b33ca829db5e67170e63cd35; Expires=Session; Path=/; Domain=.csdn.net;". Invalid 'expires' attribute: Session
2020-09-02 14:56:10.026 INFO  [pool-5-thread-4]us.codecraft.webmagic.downloader.HttpClientDownloader.download:88 -downloading page success https://blog.csdn.net/weixin_49795899/article/details/108273199
2020-09-02 14:56:10.037 INFO  [pool-5-thread-4]com.linq.news.task.processor.CsdnNewsProcessor.lambda$process$2:54 -正在使用的详情页链接->https://blog.csdn.net/weixin_49795899
2020-09-02 14:56:10.040 INFO  [pool-5-thread-4]com.linq.news.task.processor.CsdnNewsProcessor.lambda$process$2:85 -获取到的标签元素字符串->>>>>>>> ipfs,区块链
2020-09-02 14:56:10.042 INFO  [pool-5-thread-4]com.linq.news.task.processor.CsdnNewsProcessor.lambda$process$2:90 -src->>>>>>>>https://profile.csdnimg.cn/D/D/E/3_weixin_49795899
2020-09-02 14:56:10.093 WARN  [pool-5-thread-9]org.apache.http.client.protocol.ResponseProcessCookies.processCookies:130 -Invalid cookie header: "Set-Cookie: dc_sid=ee1c3a64087ba68c272bdbc21712c502; Expires=Session; Path=/; Domain=.csdn.net;". Invalid 'expires' attribute: Session
2020-09-02 14:56:10.141 INFO  [pool-5-thread-9]us.codecraft.webmagic.downloader.HttpClientDownloader.download:88 -downloading page success https://blog.csdn.net/IPFS_Union/article/details/108334947
2020-09-02 14:56:10.150 INFO  [pool-5-thread-9]com.linq.news.task.processor.CsdnNewsProcessor.lambda$process$2:54 -正在使用的详情页链接->https://blog.csdn.net/IPFS_Union
2020-09-02 14:56:10.154 INFO  [pool-5-thread-9]com.linq.news.task.processor.CsdnNewsProcessor.lambda$process$2:85 -获取到的标签元素字符串->>>>>>>> 经验分享,区块链,分布式,ipfs,数字货币
2020-09-02 14:56:10.156 INFO  [pool-5-thread-9]com.linq.news.task.processor.CsdnNewsProcessor.lambda$process$2:90 -src->>>>>>>>https://profile.csdnimg.cn/0/0/8/3_ipfs_union
2020-09-02 14:56:10.198 WARN  [pool-5-thread-8]org.apache.http.client.protocol.ResponseProcessCookies.processCookies:130 -Invalid cookie header: "Set-Cookie: dc_sid=29219ce2447a1dffef6558279e1b8c4e; Expires=Session; Path=/; Domain=.csdn.net;". Invalid 'expires' attribute: Session
2020-09-02 14:56:10.200 INFO  [pool-5-thread-8]us.codecraft.webmagic.downloader.HttpClientDownloader.download:88 -downloading page success https://blog.csdn.net/nav/iot
2020-09-02 14:56:29.373 WARN  [pool-5-thread-10]org.apache.http.client.protocol.ResponseProcessCookies.processCookies:130 -Invalid cookie header: "Set-Cookie: dc_sid=34c9a4cc4b9132df3d8785a250829da3; Expires=Session; Path=/; Domain=.csdn.net;". Invalid 'expires' attribute: Session
2020-09-02 14:56:29.385 INFO  [pool-5-thread-10]us.codecraft.webmagic.downloader.HttpClientDownloader.download:88 -downloading page success https://blog.csdn.net/weixin_49795899/article/details/108273199#commentBox
2020-09-02 14:56:29.394 INFO  [pool-5-thread-10]com.linq.news.task.processor.CsdnNewsProcessor.lambda$process$2:54 -正在使用的详情页链接->https://blog.csdn.net/weixin_49795899
2020-09-02 14:56:29.397 INFO  [pool-5-thread-10]com.linq.news.task.processor.CsdnNewsProcessor.lambda$process$2:85 -获取到的标签元素字符串->>>>>>>> ipfs,区块链
2020-09-02 14:56:29.398 INFO  [pool-5-thread-10]com.linq.news.task.processor.CsdnNewsProcessor.lambda$process$2:90 -src->>>>>>>>https://profile.csdnimg.cn/D/D/E/3_weixin_49795899
2020-09-02 14:56:29.409 WARN  [pool-5-thread-7]org.apache.http.client.protocol.ResponseProcessCookies.processCookies:130 -Invalid cookie header: "Set-Cookie: dc_sid=763c565d148f8cff6ad420541541d6a3; Expires=Session; Path=/; Domain=.csdn.net;". Invalid 'expires' attribute: Session
2020-09-02 14:56:29.410 INFO  [pool-5-thread-7]us.codecraft.webmagic.downloader.HttpClientDownloader.download:88 -downloading page success https://blog.csdn.net/weixin_49795899
2020-09-02 14:56:29.640 WARN  [pool-5-thread-5]org.apache.http.client.protocol.ResponseProcessCookies.processCookies:130 -Invalid cookie header: "Set-Cookie: dc_sid=bbc9ad38b19015b787ffd5afced4a1ea; Expires=Session; Path=/; Domain=.csdn.net;". Invalid 'expires' attribute: Session
2020-09-02 14:56:29.641 INFO  [pool-5-thread-5]us.codecraft.webmagic.downloader.HttpClientDownloader.download:88 -downloading page success https://blog.csdn.net/weixin_44604586
2020-09-02 14:56:29.680 WARN  [pool-5-thread-3]org.apache.http.client.protocol.ResponseProcessCookies.processCookies:130 -Invalid cookie header: "Set-Cookie: dc_sid=98bf013baa39cb74ec5c68b30e2eca31; Expires=Session; Path=/; Domain=.csdn.net;". Invalid 'expires' attribute: Session
2020-09-02 14:56:29.692 INFO  [pool-5-thread-3]us.codecraft.webmagic.downloader.HttpClientDownloader.download:88 -downloading page success https://blog.csdn.net/weixin_44604586/article/details/108350317
2020-09-02 14:56:29.705 INFO  [pool-5-thread-3]com.linq.news.task.processor.CsdnNewsProcessor.lambda$process$2:54 -正在使用的详情页链接->https://blog.csdn.net/weixin_44604586
2020-09-02 14:56:29.710 INFO  [pool-5-thread-3]com.linq.news.task.processor.CsdnNewsProcessor.lambda$process$2:85 -获取到的标签元素字符串->>>>>>>> Linux学习,Linux 查找文件命令,find,linux
2020-09-02 14:56:29.711 INFO  [pool-5-thread-3]com.linq.news.task.processor.CsdnNewsProcessor.lambda$process$2:90 -src->>>>>>>>https://profile.csdnimg.cn/F/E/4/3_weixin_44604586
2020-09-02 14:56:29.779 WARN  [pool-5-thread-2]org.apache.http.client.protocol.ResponseProcessCookies.processCookies:130 -Invalid cookie header: "Set-Cookie: dc_sid=674592234594a8c35f3f49019938dd29; Expires=Session; Path=/; Domain=.csdn.net;". Invalid 'expires' attribute: Session
2020-09-02 14:56:29.781 INFO  [pool-5-thread-2]us.codecraft.webmagic.downloader.HttpClientDownloader.download:88 -downloading page success https://blog.csdn.net/qq_36155003/article/details/108316897
2020-09-02 14:56:29.790 INFO  [pool-5-thread-2]com.linq.news.task.processor.CsdnNewsProcessor.lambda$process$2:54 -正在使用的详情页链接->https://blog.csdn.net/qq_36155003
2020-09-02 14:56:29.793 INFO  [pool-5-thread-2]com.linq.news.task.processor.CsdnNewsProcessor.lambda$process$2:85 -获取到的标签元素字符串->>>>>>>> spring boot,java,javafx,netty,mybatis
2020-09-02 14:56:29.794 INFO  [pool-5-thread-2]com.linq.news.task.processor.CsdnNewsProcessor.lambda$process$2:90 -src->>>>>>>>https://profile.csdnimg.cn/3/2/9/3_qq_36155003
2020-09-02 14:56:29.945 WARN  [pool-5-thread-1]org.apache.http.client.protocol.ResponseProcessCookies.processCookies:130 -Invalid cookie header: "Set-Cookie: dc_sid=8c96d1d6c65a0cef31c4daa1f575f3bc; Expires=Session; Path=/; Domain=.csdn.net;". Invalid 'expires' attribute: Session
2020-09-02 14:56:29.946 INFO  [pool-5-thread-1]us.codecraft.webmagic.downloader.HttpClientDownloader.download:88 -downloading page success https://blog.csdn.net/qq_36155003
2020-09-02 14:56:30.185 WARN  [pool-5-thread-4]org.apache.http.client.protocol.ResponseProcessCookies.processCookies:130 -Invalid cookie header: "Set-Cookie: dc_sid=f793a2545c3c9deb53045c14a09b380f; Expires=Session; Path=/; Domain=.csdn.net;". Invalid 'expires' attribute: Session
2020-09-02 14:56:30.186 INFO  [pool-5-thread-4]us.codecraft.webmagic.downloader.HttpClientDownloader.download:88 -downloading page success https://blog.csdn.net/bean_business
2020-09-02 14:56:30.200 WARN  [pool-5-thread-6]org.apache.http.client.protocol.ResponseProcessCookies.processCookies:130 -Invalid cookie header: "Set-Cookie: dc_sid=2f47a1a5e0414ca8b921e21f32981c06; Expires=Session; Path=/; Domain=.csdn.net;". Invalid 'expires' attribute: Session
2020-09-02 14:56:30.202 INFO  [pool-5-thread-6]us.codecraft.webmagic.downloader.HttpClientDownloader.download:88 -downloading page success https://blog.csdn.net/bean_business/article/details/108299697
2020-09-02 14:56:30.217 INFO  [pool-5-thread-6]com.linq.news.task.processor.CsdnNewsProcessor.lambda$process$2:54 -正在使用的详情页链接->https://blog.csdn.net/bean_business
2020-09-02 14:56:30.221 INFO  [pool-5-thread-6]com.linq.news.task.processor.CsdnNewsProcessor.lambda$process$2:85 -获取到的标签元素字符串->>>>>>>> 数据安全,区块链,信息安全,CentOS,分布式,Hyperledger Fabric2.0,fabcar
2020-09-02 14:56:30.224 INFO  [pool-5-thread-6]com.linq.news.task.processor.CsdnNewsProcessor.lambda$process$2:90 -src->>>>>>>>https://profile.csdnimg.cn/8/A/5/3_bean_business
2020-09-02 14:56:30.335 WARN  [pool-5-thread-8]org.apache.http.client.protocol.ResponseProcessCookies.processCookies:130 -Invalid cookie header: "Set-Cookie: dc_sid=034a75c941af2801b49e6e57eb25ee8e; Expires=Session; Path=/; Domain=.csdn.net;". Invalid 'expires' attribute: Session
2020-09-02 14:56:30.336 INFO  [pool-5-thread-8]us.codecraft.webmagic.downloader.HttpClientDownloader.download:88 -downloading page success https://blog.csdn.net/weixin_42460987
2020-09-02 14:56:30.476 WARN  [pool-5-thread-9]org.apache.http.client.protocol.ResponseProcessCookies.processCookies:130 -Invalid cookie header: "Set-Cookie: dc_sid=5f722febb03d159c32027e8ae42ff33a; Expires=Session; Path=/; Domain=.csdn.net;". Invalid 'expires' attribute: Session
2020-09-02 14:56:30.496 INFO  [pool-5-thread-9]us.codecraft.webmagic.downloader.HttpClientDownloader.download:88 -downloading page success https://blog.csdn.net/weixin_42460987/article/details/108329947
2020-09-02 14:56:30.508 INFO  [pool-5-thread-9]com.linq.news.task.processor.CsdnNewsProcessor.lambda$process$2:54 -正在使用的详情页链接->https://blog.csdn.net/weixin_42460987
2020-09-02 14:56:30.512 INFO  [pool-5-thread-9]com.linq.news.task.processor.CsdnNewsProcessor.lambda$process$2:85 -获取到的标签元素字符串->>>>>>>> 笔记,qt
2020-09-02 14:56:30.513 INFO  [pool-5-thread-9]com.linq.news.task.processor.CsdnNewsProcessor.lambda$process$2:90 -src->>>>>>>>https://profile.csdnimg.cn/9/A/5/3_weixin_42460987
