2020-09-01 08:20:12.715 ERROR [pool-3-thread-1]us.codecraft.webmagic.Spider.run:324 -process request Request{url='http://sports.sina.com.cn/nba/', method='null', extras=null, priority=0, headers={}, cookies={}} error
com.linq.common.exception.CustomException: 新浪爬取新闻解析错误
	at com.linq.news.task.SinaNewsProcessor.process(SinaNewsProcessor.java:81)
	at us.codecraft.webmagic.Spider.onDownloadSuccess(Spider.java:414)
	at us.codecraft.webmagic.Spider.processRequest(Spider.java:406)
	at us.codecraft.webmagic.Spider.access$000(Spider.java:61)
	at us.codecraft.webmagic.Spider$1.run(Spider.java:320)
	at us.codecraft.webmagic.thread.CountableThreadPool$1.run(CountableThreadPool.java:74)
	at java.util.concurrent.ThreadPoolExecutor.runWorker(ThreadPoolExecutor.java:1149)
	at java.util.concurrent.ThreadPoolExecutor$Worker.run(ThreadPoolExecutor.java:624)
	at java.lang.Thread.run(Thread.java:748)
2020-09-01 08:21:53.015 ERROR [pool-4-thread-1]us.codecraft.webmagic.Spider.run:324 -process request Request{url='http://sports.sina.com.cn/nba/', method='null', extras=null, priority=0, headers={}, cookies={}} error
com.linq.common.exception.CustomException: 新浪爬取新闻解析错误
	at com.linq.news.task.SinaNewsProcessor.process(SinaNewsProcessor.java:81)
	at us.codecraft.webmagic.Spider.onDownloadSuccess(Spider.java:414)
	at us.codecraft.webmagic.Spider.processRequest(Spider.java:406)
	at us.codecraft.webmagic.Spider.access$000(Spider.java:61)
	at us.codecraft.webmagic.Spider$1.run(Spider.java:320)
	at us.codecraft.webmagic.thread.CountableThreadPool$1.run(CountableThreadPool.java:74)
	at java.util.concurrent.ThreadPoolExecutor.runWorker(ThreadPoolExecutor.java:1149)
	at java.util.concurrent.ThreadPoolExecutor$Worker.run(ThreadPoolExecutor.java:624)
	at java.lang.Thread.run(Thread.java:748)
2020-09-01 08:22:38.554 ERROR [pool-3-thread-1]us.codecraft.webmagic.Spider.run:324 -process request Request{url='http://sports.sina.com.cn/nba/', method='null', extras=null, priority=0, headers={}, cookies={}} error
com.linq.common.exception.CustomException: 获取用户信息异常
	at com.linq.common.utils.SecurityUtils.getLoginUser(SecurityUtils.java:35)
	at com.linq.news.service.impl.LinqNewsServiceImpl.insertLinqNews(LinqNewsServiceImpl.java:85)
	at com.linq.news.service.impl.LinqNewsServiceImpl$$FastClassBySpringCGLIB$$2fa53887.invoke(<generated>)
	at org.springframework.cglib.proxy.MethodProxy.invoke(MethodProxy.java:218)
	at org.springframework.aop.framework.CglibAopProxy$DynamicAdvisedInterceptor.intercept(CglibAopProxy.java:687)
	at com.linq.news.service.impl.LinqNewsServiceImpl$$EnhancerBySpringCGLIB$$cb50a0e7.insertLinqNews(<generated>)
	at com.linq.news.task.SinaPipeline.process(SinaPipeline.java:33)
	at us.codecraft.webmagic.Spider.onDownloadSuccess(Spider.java:418)
	at us.codecraft.webmagic.Spider.processRequest(Spider.java:406)
	at us.codecraft.webmagic.Spider.access$000(Spider.java:61)
	at us.codecraft.webmagic.Spider$1.run(Spider.java:320)
	at us.codecraft.webmagic.thread.CountableThreadPool$1.run(CountableThreadPool.java:74)
	at java.util.concurrent.ThreadPoolExecutor.runWorker(ThreadPoolExecutor.java:1149)
	at java.util.concurrent.ThreadPoolExecutor$Worker.run(ThreadPoolExecutor.java:624)
	at java.lang.Thread.run(Thread.java:748)
2020-09-01 08:40:14.844 ERROR [pool-3-thread-1]us.codecraft.webmagic.Spider.run:324 -process request Request{url='http://sports.sina.com.cn/nba/', method='null', extras=null, priority=0, headers={}, cookies={}} error
com.linq.common.exception.CustomException: 获取用户信息异常
	at com.linq.common.utils.SecurityUtils.getLoginUser(SecurityUtils.java:35)
	at com.linq.news.service.impl.LinqNewsServiceImpl.insertLinqNews(LinqNewsServiceImpl.java:87)
	at com.linq.news.service.impl.LinqNewsServiceImpl$$FastClassBySpringCGLIB$$2fa53887.invoke(<generated>)
	at org.springframework.cglib.proxy.MethodProxy.invoke(MethodProxy.java:218)
	at org.springframework.aop.framework.CglibAopProxy$DynamicAdvisedInterceptor.intercept(CglibAopProxy.java:687)
	at com.linq.news.service.impl.LinqNewsServiceImpl$$EnhancerBySpringCGLIB$$72f72625.insertLinqNews(<generated>)
	at com.linq.news.task.SinaPipeline.process(SinaPipeline.java:33)
	at us.codecraft.webmagic.Spider.onDownloadSuccess(Spider.java:418)
	at us.codecraft.webmagic.Spider.processRequest(Spider.java:406)
	at us.codecraft.webmagic.Spider.access$000(Spider.java:61)
	at us.codecraft.webmagic.Spider$1.run(Spider.java:320)
	at us.codecraft.webmagic.thread.CountableThreadPool$1.run(CountableThreadPool.java:74)
	at java.util.concurrent.ThreadPoolExecutor.runWorker(ThreadPoolExecutor.java:1149)
	at java.util.concurrent.ThreadPoolExecutor$Worker.run(ThreadPoolExecutor.java:624)
	at java.lang.Thread.run(Thread.java:748)
2020-09-01 08:44:16.476 ERROR [pool-4-thread-1]us.codecraft.webmagic.Spider.run:324 -process request Request{url='http://sports.sina.com.cn/nba/', method='null', extras=null, priority=0, headers={}, cookies={}} error
com.linq.common.exception.CustomException: 获取用户信息异常
	at com.linq.common.utils.SecurityUtils.getLoginUser(SecurityUtils.java:35)
	at com.linq.news.service.impl.LinqNewsServiceImpl.insertLinqNews(LinqNewsServiceImpl.java:87)
	at com.linq.news.service.impl.LinqNewsServiceImpl$$FastClassBySpringCGLIB$$2fa53887.invoke(<generated>)
	at org.springframework.cglib.proxy.MethodProxy.invoke(MethodProxy.java:218)
	at org.springframework.aop.framework.CglibAopProxy$DynamicAdvisedInterceptor.intercept(CglibAopProxy.java:687)
	at com.linq.news.service.impl.LinqNewsServiceImpl$$EnhancerBySpringCGLIB$$72f72625.insertLinqNews(<generated>)
	at com.linq.news.task.SinaPipeline.process(SinaPipeline.java:33)
	at us.codecraft.webmagic.Spider.onDownloadSuccess(Spider.java:418)
	at us.codecraft.webmagic.Spider.processRequest(Spider.java:406)
	at us.codecraft.webmagic.Spider.access$000(Spider.java:61)
	at us.codecraft.webmagic.Spider$1.run(Spider.java:320)
	at us.codecraft.webmagic.thread.CountableThreadPool$1.run(CountableThreadPool.java:74)
	at java.util.concurrent.ThreadPoolExecutor.runWorker(ThreadPoolExecutor.java:1149)
	at java.util.concurrent.ThreadPoolExecutor$Worker.run(ThreadPoolExecutor.java:624)
	at java.lang.Thread.run(Thread.java:748)
2020-09-01 08:48:17.635 ERROR [pool-5-thread-1]us.codecraft.webmagic.Spider.run:324 -process request Request{url='http://sports.sina.com.cn/nba/', method='null', extras=null, priority=0, headers={}, cookies={}} error
com.linq.common.exception.CustomException: 获取用户信息异常
	at com.linq.common.utils.SecurityUtils.getLoginUser(SecurityUtils.java:35)
	at com.linq.news.service.impl.LinqNewsServiceImpl.insertLinqNews(LinqNewsServiceImpl.java:87)
	at com.linq.news.service.impl.LinqNewsServiceImpl$$FastClassBySpringCGLIB$$2fa53887.invoke(<generated>)
	at org.springframework.cglib.proxy.MethodProxy.invoke(MethodProxy.java:218)
	at org.springframework.aop.framework.CglibAopProxy$DynamicAdvisedInterceptor.intercept(CglibAopProxy.java:687)
	at com.linq.news.service.impl.LinqNewsServiceImpl$$EnhancerBySpringCGLIB$$72f72625.insertLinqNews(<generated>)
	at com.linq.news.task.SinaPipeline.process(SinaPipeline.java:33)
	at us.codecraft.webmagic.Spider.onDownloadSuccess(Spider.java:418)
	at us.codecraft.webmagic.Spider.processRequest(Spider.java:406)
	at us.codecraft.webmagic.Spider.access$000(Spider.java:61)
	at us.codecraft.webmagic.Spider$1.run(Spider.java:320)
	at us.codecraft.webmagic.thread.CountableThreadPool$1.run(CountableThreadPool.java:74)
	at java.util.concurrent.ThreadPoolExecutor.runWorker(ThreadPoolExecutor.java:1149)
	at java.util.concurrent.ThreadPoolExecutor$Worker.run(ThreadPoolExecutor.java:624)
	at java.lang.Thread.run(Thread.java:748)
2020-09-01 09:11:41.822 ERROR [restartedMain]org.springframework.boot.SpringApplication.reportFailure:837 -Application run failed
org.springframework.beans.factory.BeanCreationException: Error creating bean with name 'ipProcessor' defined in file [/Users/jay/Desktop/Vue项目集合/新闻发布管理系统/linq/linq-news/target/classes/com/linq/news/task/IpProcessor.class]: Initialization of bean failed; nested exception is java.lang.IllegalStateException: Encountered invalid @Scheduled method 'runSpiderProcess': Cron expression must consist of 6 fields (found 1 in "0/10")
	at org.springframework.beans.factory.support.AbstractAutowireCapableBeanFactory.doCreateBean(AbstractAutowireCapableBeanFactory.java:603)
	at org.springframework.beans.factory.support.AbstractAutowireCapableBeanFactory.createBean(AbstractAutowireCapableBeanFactory.java:517)
	at org.springframework.beans.factory.support.AbstractBeanFactory.lambda$doGetBean$0(AbstractBeanFactory.java:323)
	at org.springframework.beans.factory.support.DefaultSingletonBeanRegistry.getSingleton(DefaultSingletonBeanRegistry.java:226)
	at org.springframework.beans.factory.support.AbstractBeanFactory.doGetBean(AbstractBeanFactory.java:321)
	at org.springframework.beans.factory.support.AbstractBeanFactory.getBean(AbstractBeanFactory.java:202)
	at org.springframework.beans.factory.support.DefaultListableBeanFactory.preInstantiateSingletons(DefaultListableBeanFactory.java:895)
	at org.springframework.context.support.AbstractApplicationContext.finishBeanFactoryInitialization(AbstractApplicationContext.java:878)
	at org.springframework.context.support.AbstractApplicationContext.refresh(AbstractApplicationContext.java:550)
	at org.springframework.boot.web.servlet.context.ServletWebServerApplicationContext.refresh(ServletWebServerApplicationContext.java:143)
	at org.springframework.boot.SpringApplication.refresh(SpringApplication.java:758)
	at org.springframework.boot.SpringApplication.refresh(SpringApplication.java:750)
	at org.springframework.boot.SpringApplication.refreshContext(SpringApplication.java:397)
	at org.springframework.boot.SpringApplication.run(SpringApplication.java:315)
	at org.springframework.boot.SpringApplication.run(SpringApplication.java:1237)
	at org.springframework.boot.SpringApplication.run(SpringApplication.java:1226)
	at com.linq.AppRun.main(AppRun.java:11)
	at sun.reflect.NativeMethodAccessorImpl.invoke0(Native Method)
	at sun.reflect.NativeMethodAccessorImpl.invoke(NativeMethodAccessorImpl.java:62)
	at sun.reflect.DelegatingMethodAccessorImpl.invoke(DelegatingMethodAccessorImpl.java:43)
	at java.lang.reflect.Method.invoke(Method.java:498)
	at org.springframework.boot.devtools.restart.RestartLauncher.run(RestartLauncher.java:49)
Caused by: java.lang.IllegalStateException: Encountered invalid @Scheduled method 'runSpiderProcess': Cron expression must consist of 6 fields (found 1 in "0/10")
	at org.springframework.scheduling.annotation.ScheduledAnnotationBeanPostProcessor.processScheduled(ScheduledAnnotationBeanPostProcessor.java:499)
	at org.springframework.scheduling.annotation.ScheduledAnnotationBeanPostProcessor.lambda$null$1(ScheduledAnnotationBeanPostProcessor.java:362)
	at java.lang.Iterable.forEach(Iterable.java:75)
	at org.springframework.scheduling.annotation.ScheduledAnnotationBeanPostProcessor.lambda$postProcessAfterInitialization$2(ScheduledAnnotationBeanPostProcessor.java:362)
	at java.util.LinkedHashMap.forEach(LinkedHashMap.java:684)
	at org.springframework.scheduling.annotation.ScheduledAnnotationBeanPostProcessor.postProcessAfterInitialization(ScheduledAnnotationBeanPostProcessor.java:361)
	at org.springframework.beans.factory.support.AbstractAutowireCapableBeanFactory.applyBeanPostProcessorsAfterInitialization(AbstractAutowireCapableBeanFactory.java:431)
	at org.springframework.beans.factory.support.AbstractAutowireCapableBeanFactory.initializeBean(AbstractAutowireCapableBeanFactory.java:1800)
	at org.springframework.beans.factory.support.AbstractAutowireCapableBeanFactory.doCreateBean(AbstractAutowireCapableBeanFactory.java:595)
	... 21 common frames omitted
2020-09-01 09:24:00.618 ERROR [pool-3-thread-1]us.codecraft.webmagic.Spider.run:324 -process request Request{url='http://sports.sina.com.cn/nba/', method='null', extras=null, priority=0, headers={}, cookies={}} error
com.linq.common.exception.CustomException: 获取用户信息异常
	at com.linq.common.utils.SecurityUtils.getLoginUser(SecurityUtils.java:35)
	at com.linq.news.service.impl.LinqNewsServiceImpl.insertLinqNews(LinqNewsServiceImpl.java:87)
	at com.linq.news.service.impl.LinqNewsServiceImpl$$FastClassBySpringCGLIB$$2fa53887.invoke(<generated>)
	at org.springframework.cglib.proxy.MethodProxy.invoke(MethodProxy.java:218)
	at org.springframework.aop.framework.CglibAopProxy$DynamicAdvisedInterceptor.intercept(CglibAopProxy.java:687)
	at com.linq.news.service.impl.LinqNewsServiceImpl$$EnhancerBySpringCGLIB$$7ad4dea5.insertLinqNews(<generated>)
	at com.linq.news.task.SinaPipeline.process(SinaPipeline.java:33)
	at us.codecraft.webmagic.Spider.onDownloadSuccess(Spider.java:418)
	at us.codecraft.webmagic.Spider.processRequest(Spider.java:406)
	at us.codecraft.webmagic.Spider.access$000(Spider.java:61)
	at us.codecraft.webmagic.Spider$1.run(Spider.java:320)
	at us.codecraft.webmagic.thread.CountableThreadPool$1.run(CountableThreadPool.java:74)
	at java.util.concurrent.ThreadPoolExecutor.runWorker(ThreadPoolExecutor.java:1149)
	at java.util.concurrent.ThreadPoolExecutor$Worker.run(ThreadPoolExecutor.java:624)
	at java.lang.Thread.run(Thread.java:748)
2020-09-01 09:28:01.437 ERROR [pool-4-thread-1]us.codecraft.webmagic.Spider.run:324 -process request Request{url='http://sports.sina.com.cn/nba/', method='null', extras=null, priority=0, headers={}, cookies={}} error
com.linq.common.exception.CustomException: 获取用户信息异常
	at com.linq.common.utils.SecurityUtils.getLoginUser(SecurityUtils.java:35)
	at com.linq.news.service.impl.LinqNewsServiceImpl.insertLinqNews(LinqNewsServiceImpl.java:87)
	at com.linq.news.service.impl.LinqNewsServiceImpl$$FastClassBySpringCGLIB$$2fa53887.invoke(<generated>)
	at org.springframework.cglib.proxy.MethodProxy.invoke(MethodProxy.java:218)
	at org.springframework.aop.framework.CglibAopProxy$DynamicAdvisedInterceptor.intercept(CglibAopProxy.java:687)
	at com.linq.news.service.impl.LinqNewsServiceImpl$$EnhancerBySpringCGLIB$$7ad4dea5.insertLinqNews(<generated>)
	at com.linq.news.task.SinaPipeline.process(SinaPipeline.java:33)
	at us.codecraft.webmagic.Spider.onDownloadSuccess(Spider.java:418)
	at us.codecraft.webmagic.Spider.processRequest(Spider.java:406)
	at us.codecraft.webmagic.Spider.access$000(Spider.java:61)
	at us.codecraft.webmagic.Spider$1.run(Spider.java:320)
	at us.codecraft.webmagic.thread.CountableThreadPool$1.run(CountableThreadPool.java:74)
	at java.util.concurrent.ThreadPoolExecutor.runWorker(ThreadPoolExecutor.java:1149)
	at java.util.concurrent.ThreadPoolExecutor$Worker.run(ThreadPoolExecutor.java:624)
	at java.lang.Thread.run(Thread.java:748)
2020-09-01 09:32:01.617 ERROR [pool-5-thread-1]us.codecraft.webmagic.Spider.run:324 -process request Request{url='http://sports.sina.com.cn/nba/', method='null', extras=null, priority=0, headers={}, cookies={}} error
com.linq.common.exception.CustomException: 获取用户信息异常
	at com.linq.common.utils.SecurityUtils.getLoginUser(SecurityUtils.java:35)
	at com.linq.news.service.impl.LinqNewsServiceImpl.insertLinqNews(LinqNewsServiceImpl.java:87)
	at com.linq.news.service.impl.LinqNewsServiceImpl$$FastClassBySpringCGLIB$$2fa53887.invoke(<generated>)
	at org.springframework.cglib.proxy.MethodProxy.invoke(MethodProxy.java:218)
	at org.springframework.aop.framework.CglibAopProxy$DynamicAdvisedInterceptor.intercept(CglibAopProxy.java:687)
	at com.linq.news.service.impl.LinqNewsServiceImpl$$EnhancerBySpringCGLIB$$7ad4dea5.insertLinqNews(<generated>)
	at com.linq.news.task.SinaPipeline.process(SinaPipeline.java:33)
	at us.codecraft.webmagic.Spider.onDownloadSuccess(Spider.java:418)
	at us.codecraft.webmagic.Spider.processRequest(Spider.java:406)
	at us.codecraft.webmagic.Spider.access$000(Spider.java:61)
	at us.codecraft.webmagic.Spider$1.run(Spider.java:320)
	at us.codecraft.webmagic.thread.CountableThreadPool$1.run(CountableThreadPool.java:74)
	at java.util.concurrent.ThreadPoolExecutor.runWorker(ThreadPoolExecutor.java:1149)
	at java.util.concurrent.ThreadPoolExecutor$Worker.run(ThreadPoolExecutor.java:624)
	at java.lang.Thread.run(Thread.java:748)
