2020-08-31 08:14:15.417 INFO  [lettuce-eventExecutorLoop-1-2]io.lettuce.core.protocol.ConnectionWatchdog.log:171 -Reconnecting, last destination was /39.108.104.116:56379
2020-08-31 08:14:15.559 INFO  [lettuce-nioEventLoop-4-2]io.lettuce.core.protocol.ReconnectionHandler.lambda$null$4:188 -Reconnected to 39.108.104.116:56379
2020-08-31 08:14:19.022 INFO  [schedule-pool-2]com.linq.framework.manager.factory.AsyncFactory.run:66 -[127.0.0.1] 本机地址[admin][Success][登录成功]
2020-08-31 08:14:19.219 INFO  [http-nio-9000-exec-23]com.linq.common.config.mp.MetaHandler.updateFill:47 -正在调用该update填充字段方法
2020-08-31 08:14:19.219 INFO  [http-nio-9000-exec-23]com.linq.common.config.mp.MetaHandler.updateFill:50 -调用该update填充字段方法结束
2020-08-31 08:15:16.609 INFO  [http-nio-9000-exec-4]com.linq.common.config.mp.MetaHandler.updateFill:47 -正在调用该update填充字段方法
2020-08-31 08:15:16.610 INFO  [http-nio-9000-exec-4]com.linq.common.config.mp.MetaHandler.updateFill:50 -调用该update填充字段方法结束
2020-08-31 08:15:24.328 INFO  [http-nio-9000-exec-7]com.linq.common.config.mp.MetaHandler.updateFill:47 -正在调用该update填充字段方法
2020-08-31 08:15:24.329 INFO  [http-nio-9000-exec-7]com.linq.common.config.mp.MetaHandler.updateFill:50 -调用该update填充字段方法结束
2020-08-31 08:17:38.092 INFO  [http-nio-9000-exec-21]com.linq.common.config.mp.MetaHandler.updateFill:47 -正在调用该update填充字段方法
2020-08-31 08:17:38.093 INFO  [http-nio-9000-exec-21]com.linq.common.config.mp.MetaHandler.updateFill:50 -调用该update填充字段方法结束
2020-08-31 08:18:11.935 INFO  [http-nio-9000-exec-2]com.linq.common.config.mp.MetaHandler.updateFill:47 -正在调用该update填充字段方法
2020-08-31 08:18:11.936 INFO  [http-nio-9000-exec-2]com.linq.common.config.mp.MetaHandler.updateFill:50 -调用该update填充字段方法结束
2020-08-31 08:30:07.042 INFO  [SpringContextShutdownHook]com.linq.framework.manager.ShutdownManager.shutdownAsyncManager:25 -====关闭后台任务任务线程池====
2020-08-31 08:30:07.045 INFO  [SpringContextShutdownHook]com.alibaba.druid.pool.DruidDataSource.close:2003 -{dataSource-1} closing ...
2020-08-31 08:30:07.046 INFO  [SpringContextShutdownHook]com.alibaba.druid.pool.DruidDataSource.close:2075 -{dataSource-1} closed
2020-08-31 08:30:10.541 INFO  [restartedMain]com.linq.AppRun.logStarting:55 -Starting AppRun on JaydeMacBook-Pro.local with PID 8222 (/Users/jay/Desktop/Vue项目集合/新闻发布管理系统/linq/linq-web/target/classes started by jay in /Users/jay/Desktop/Vue项目集合/新闻发布管理系统/linq)
2020-08-31 08:30:10.544 INFO  [restartedMain]com.linq.AppRun.logStartupProfileInfo:655 -The following profiles are active: druid,linq
2020-08-31 08:30:13.185 INFO  [restartedMain]org.apache.coyote.http11.Http11NioProtocol.log:173 -Initializing ProtocolHandler ["http-nio-9000"]
2020-08-31 08:30:13.187 INFO  [restartedMain]org.apache.catalina.core.StandardService.log:173 -Starting service [Tomcat]
2020-08-31 08:30:13.187 INFO  [restartedMain]org.apache.catalina.core.StandardEngine.log:173 -Starting Servlet engine: [Apache Tomcat/9.0.35]
2020-08-31 08:30:13.268 INFO  [restartedMain]o.a.catalina.core.ContainerBase.[Tomcat].[localhost].[/].log:173 -Initializing Spring embedded WebApplicationContext
2020-08-31 08:30:13.907 INFO  [restartedMain]c.a.d.s.boot.autoconfigure.DruidDataSourceAutoConfigure.dataSource:56 -Init DruidDataSource
2020-08-31 08:30:14.316 INFO  [restartedMain]com.alibaba.druid.pool.DruidDataSource.init:1010 -{dataSource-1} inited
2020-08-31 08:30:18.669 INFO  [restartedMain]s.d.s.web.PropertySourcedRequestMappingHandlerMapping.initHandlerMethods:69 -Mapped URL path [/v2/api-docs] onto method [springfox.documentation.swagger2.web.Swagger2Controller#getDocumentation(String, HttpServletRequest)]
2020-08-31 08:30:19.426 INFO  [restartedMain]org.apache.coyote.http11.Http11NioProtocol.log:173 -Starting ProtocolHandler ["http-nio-9000"]
2020-08-31 08:30:19.448 INFO  [restartedMain]s.d.spring.web.plugins.DocumentationPluginsBootstrapper.start:160 -Context refreshed
2020-08-31 08:30:19.463 INFO  [restartedMain]s.d.spring.web.plugins.DocumentationPluginsBootstrapper.start:163 -Found 1 custom documentation plugin(s)
2020-08-31 08:30:19.521 INFO  [restartedMain]s.d.spring.web.scanners.ApiListingReferenceScanner.scan:41 -Scanning for api listing references
2020-08-31 08:30:19.725 INFO  [restartedMain]s.d.s.w.readers.operation.CachingOperationNameGenerator.startingWith:40 -Generating unique operation named: addUsingPOST_1
2020-08-31 08:30:19.727 INFO  [restartedMain]s.d.s.w.readers.operation.CachingOperationNameGenerator.startingWith:40 -Generating unique operation named: editUsingPUT_1
2020-08-31 08:30:19.735 INFO  [restartedMain]s.d.s.w.readers.operation.CachingOperationNameGenerator.startingWith:40 -Generating unique operation named: getInfoUsingGET_1
2020-08-31 08:30:19.748 INFO  [restartedMain]s.d.s.w.readers.operation.CachingOperationNameGenerator.startingWith:40 -Generating unique operation named: listUsingGET_1
2020-08-31 08:30:19.753 INFO  [restartedMain]s.d.s.w.readers.operation.CachingOperationNameGenerator.startingWith:40 -Generating unique operation named: addUsingPOST_2
2020-08-31 08:30:19.754 INFO  [restartedMain]s.d.s.w.readers.operation.CachingOperationNameGenerator.startingWith:40 -Generating unique operation named: editUsingPUT_2
2020-08-31 08:30:19.759 INFO  [restartedMain]s.d.s.w.readers.operation.CachingOperationNameGenerator.startingWith:40 -Generating unique operation named: getInfoUsingGET_2
2020-08-31 08:30:19.765 INFO  [restartedMain]s.d.s.w.readers.operation.CachingOperationNameGenerator.startingWith:40 -Generating unique operation named: listUsingGET_2
2020-08-31 08:30:19.767 INFO  [restartedMain]s.d.s.w.readers.operation.CachingOperationNameGenerator.startingWith:40 -Generating unique operation named: removeUsingDELETE_1
2020-08-31 08:30:19.769 INFO  [restartedMain]s.d.s.w.readers.operation.CachingOperationNameGenerator.startingWith:40 -Generating unique operation named: addUsingPOST_3
2020-08-31 08:30:19.770 INFO  [restartedMain]s.d.s.w.readers.operation.CachingOperationNameGenerator.startingWith:40 -Generating unique operation named: editUsingPUT_3
2020-08-31 08:30:19.773 INFO  [restartedMain]s.d.s.w.readers.operation.CachingOperationNameGenerator.startingWith:40 -Generating unique operation named: getInfoUsingGET_3
2020-08-31 08:30:19.777 INFO  [restartedMain]s.d.s.w.readers.operation.CachingOperationNameGenerator.startingWith:40 -Generating unique operation named: listUsingGET_3
2020-08-31 08:30:19.781 INFO  [restartedMain]s.d.s.w.readers.operation.CachingOperationNameGenerator.startingWith:40 -Generating unique operation named: removeUsingDELETE_2
2020-08-31 08:30:19.785 INFO  [restartedMain]s.d.s.w.readers.operation.CachingOperationNameGenerator.startingWith:40 -Generating unique operation named: addUsingPOST_4
2020-08-31 08:30:19.788 INFO  [restartedMain]s.d.s.w.readers.operation.CachingOperationNameGenerator.startingWith:40 -Generating unique operation named: editUsingPUT_4
2020-08-31 08:30:19.793 INFO  [restartedMain]s.d.s.w.readers.operation.CachingOperationNameGenerator.startingWith:40 -Generating unique operation named: getInfoUsingGET_4
2020-08-31 08:30:19.798 INFO  [restartedMain]s.d.s.w.readers.operation.CachingOperationNameGenerator.startingWith:40 -Generating unique operation named: listUsingGET_4
2020-08-31 08:30:19.800 INFO  [restartedMain]s.d.s.w.readers.operation.CachingOperationNameGenerator.startingWith:40 -Generating unique operation named: removeUsingDELETE_3
2020-08-31 08:30:19.804 INFO  [restartedMain]s.d.s.w.readers.operation.CachingOperationNameGenerator.startingWith:40 -Generating unique operation named: addUsingPOST_5
2020-08-31 08:30:19.806 INFO  [restartedMain]s.d.s.w.readers.operation.CachingOperationNameGenerator.startingWith:40 -Generating unique operation named: editUsingPUT_5
2020-08-31 08:30:19.813 INFO  [restartedMain]s.d.s.w.readers.operation.CachingOperationNameGenerator.startingWith:40 -Generating unique operation named: getInfoUsingGET_5
2020-08-31 08:30:19.819 INFO  [restartedMain]s.d.s.w.readers.operation.CachingOperationNameGenerator.startingWith:40 -Generating unique operation named: listUsingGET_5
2020-08-31 08:30:19.821 INFO  [restartedMain]s.d.s.w.readers.operation.CachingOperationNameGenerator.startingWith:40 -Generating unique operation named: removeUsingDELETE_4
2020-08-31 08:30:19.834 INFO  [restartedMain]s.d.s.w.readers.operation.CachingOperationNameGenerator.startingWith:40 -Generating unique operation named: addUsingPOST_6
2020-08-31 08:30:19.839 INFO  [restartedMain]s.d.s.w.readers.operation.CachingOperationNameGenerator.startingWith:40 -Generating unique operation named: editUsingPUT_6
2020-08-31 08:30:19.843 INFO  [restartedMain]s.d.s.w.readers.operation.CachingOperationNameGenerator.startingWith:40 -Generating unique operation named: getInfoUsingGET_6
2020-08-31 08:30:19.849 INFO  [restartedMain]s.d.s.w.readers.operation.CachingOperationNameGenerator.startingWith:40 -Generating unique operation named: listUsingGET_6
2020-08-31 08:30:19.850 INFO  [restartedMain]s.d.s.w.readers.operation.CachingOperationNameGenerator.startingWith:40 -Generating unique operation named: removeUsingDELETE_5
2020-08-31 08:30:19.854 INFO  [restartedMain]s.d.s.w.readers.operation.CachingOperationNameGenerator.startingWith:40 -Generating unique operation named: addUsingPOST_7
2020-08-31 08:30:19.855 INFO  [restartedMain]s.d.s.w.readers.operation.CachingOperationNameGenerator.startingWith:40 -Generating unique operation named: clearCacheUsingDELETE_1
2020-08-31 08:30:19.856 INFO  [restartedMain]s.d.s.w.readers.operation.CachingOperationNameGenerator.startingWith:40 -Generating unique operation named: editUsingPUT_7
2020-08-31 08:30:19.860 INFO  [restartedMain]s.d.s.w.readers.operation.CachingOperationNameGenerator.startingWith:40 -Generating unique operation named: getInfoUsingGET_7
2020-08-31 08:30:19.865 INFO  [restartedMain]s.d.s.w.readers.operation.CachingOperationNameGenerator.startingWith:40 -Generating unique operation named: listUsingGET_7
2020-08-31 08:30:19.867 INFO  [restartedMain]s.d.s.w.readers.operation.CachingOperationNameGenerator.startingWith:40 -Generating unique operation named: removeUsingDELETE_6
2020-08-31 08:30:19.869 INFO  [restartedMain]s.d.s.w.readers.operation.CachingOperationNameGenerator.startingWith:40 -Generating unique operation named: getInfoUsingGET_8
2020-08-31 08:30:19.876 INFO  [restartedMain]s.d.s.w.readers.operation.CachingOperationNameGenerator.startingWith:40 -Generating unique operation named: addUsingPOST_8
2020-08-31 08:30:19.877 INFO  [restartedMain]s.d.s.w.readers.operation.CachingOperationNameGenerator.startingWith:40 -Generating unique operation named: editUsingPUT_8
2020-08-31 08:30:19.882 INFO  [restartedMain]s.d.s.w.readers.operation.CachingOperationNameGenerator.startingWith:40 -Generating unique operation named: getInfoUsingGET_9
2020-08-31 08:30:19.888 INFO  [restartedMain]s.d.s.w.readers.operation.CachingOperationNameGenerator.startingWith:40 -Generating unique operation named: listUsingGET_8
2020-08-31 08:30:19.890 INFO  [restartedMain]s.d.s.w.readers.operation.CachingOperationNameGenerator.startingWith:40 -Generating unique operation named: removeUsingDELETE_7
2020-08-31 08:30:19.894 INFO  [restartedMain]s.d.s.w.readers.operation.CachingOperationNameGenerator.startingWith:40 -Generating unique operation named: addUsingPOST_9
2020-08-31 08:30:19.895 INFO  [restartedMain]s.d.s.w.readers.operation.CachingOperationNameGenerator.startingWith:40 -Generating unique operation named: editUsingPUT_9
2020-08-31 08:30:19.899 INFO  [restartedMain]s.d.s.w.readers.operation.CachingOperationNameGenerator.startingWith:40 -Generating unique operation named: getInfoUsingGET_10
2020-08-31 08:30:19.904 INFO  [restartedMain]s.d.s.w.readers.operation.CachingOperationNameGenerator.startingWith:40 -Generating unique operation named: listUsingGET_9
2020-08-31 08:30:19.905 INFO  [restartedMain]s.d.s.w.readers.operation.CachingOperationNameGenerator.startingWith:40 -Generating unique operation named: removeUsingDELETE_8
2020-08-31 08:30:19.918 INFO  [restartedMain]s.d.s.w.readers.operation.CachingOperationNameGenerator.startingWith:40 -Generating unique operation named: addUsingPOST_10
2020-08-31 08:30:19.919 INFO  [restartedMain]s.d.s.w.readers.operation.CachingOperationNameGenerator.startingWith:40 -Generating unique operation named: changeStatusUsingPUT_1
2020-08-31 08:30:19.921 INFO  [restartedMain]s.d.s.w.readers.operation.CachingOperationNameGenerator.startingWith:40 -Generating unique operation named: editUsingPUT_10
2020-08-31 08:30:19.925 INFO  [restartedMain]s.d.s.w.readers.operation.CachingOperationNameGenerator.startingWith:40 -Generating unique operation named: getInfoUsingGET_11
2020-08-31 08:30:19.933 INFO  [restartedMain]s.d.s.w.readers.operation.CachingOperationNameGenerator.startingWith:40 -Generating unique operation named: listUsingGET_10
2020-08-31 08:30:19.934 INFO  [restartedMain]s.d.s.w.readers.operation.CachingOperationNameGenerator.startingWith:40 -Generating unique operation named: removeUsingDELETE_9
2020-08-31 08:30:19.937 INFO  [restartedMain]s.d.s.w.readers.operation.CachingOperationNameGenerator.startingWith:40 -Generating unique operation named: addUsingPOST_11
2020-08-31 08:30:19.938 INFO  [restartedMain]s.d.s.w.readers.operation.CachingOperationNameGenerator.startingWith:40 -Generating unique operation named: changeStatusUsingPUT_2
2020-08-31 08:30:19.941 INFO  [restartedMain]s.d.s.w.readers.operation.CachingOperationNameGenerator.startingWith:40 -Generating unique operation named: editUsingPUT_11
2020-08-31 08:30:19.943 INFO  [restartedMain]s.d.s.w.readers.operation.CachingOperationNameGenerator.startingWith:40 -Generating unique operation named: getInfoUsingGET_12
2020-08-31 08:30:19.944 INFO  [restartedMain]s.d.s.w.readers.operation.CachingOperationNameGenerator.startingWith:40 -Generating unique operation named: getInfoUsingGET_13
2020-08-31 08:30:19.960 INFO  [restartedMain]s.d.s.w.readers.operation.CachingOperationNameGenerator.startingWith:40 -Generating unique operation named: listUsingGET_11
2020-08-31 08:30:19.962 INFO  [restartedMain]s.d.s.w.readers.operation.CachingOperationNameGenerator.startingWith:40 -Generating unique operation named: removeUsingDELETE_10
2020-08-31 08:30:19.995 INFO  [restartedMain]com.linq.AppRun.logStarted:61 -Started AppRun in 10.389 seconds (JVM running for 11.049)
2020-08-31 08:30:53.680 INFO  [http-nio-9000-exec-1]o.a.catalina.core.ContainerBase.[Tomcat].[localhost].[/].log:173 -Initializing Spring DispatcherServlet 'dispatcherServlet'
2020-08-31 08:31:18.195 INFO  [schedule-pool-1]com.linq.framework.manager.factory.AsyncFactory.run:66 -[127.0.0.1] 本机地址[admin][Success][登录成功]
2020-08-31 08:31:20.756 INFO  [http-nio-9000-exec-5]com.linq.common.config.mp.MetaHandler.updateFill:47 -正在调用该update填充字段方法
2020-08-31 08:31:20.757 INFO  [http-nio-9000-exec-5]com.linq.common.config.mp.MetaHandler.updateFill:50 -调用该update填充字段方法结束
2020-08-31 08:33:59.153 INFO  [http-nio-9000-exec-17]com.linq.common.config.mp.MetaHandler.updateFill:47 -正在调用该update填充字段方法
2020-08-31 08:33:59.153 INFO  [http-nio-9000-exec-17]com.linq.common.config.mp.MetaHandler.updateFill:50 -调用该update填充字段方法结束
2020-08-31 08:36:42.139 INFO  [http-nio-9000-exec-8]com.linq.common.config.mp.MetaHandler.updateFill:47 -正在调用该update填充字段方法
2020-08-31 08:36:42.140 INFO  [http-nio-9000-exec-8]com.linq.common.config.mp.MetaHandler.updateFill:50 -调用该update填充字段方法结束
2020-08-31 08:42:21.084 INFO  [http-nio-9000-exec-26]com.linq.common.config.mp.MetaHandler.updateFill:47 -正在调用该update填充字段方法
2020-08-31 08:42:21.085 INFO  [http-nio-9000-exec-26]com.linq.common.config.mp.MetaHandler.updateFill:50 -调用该update填充字段方法结束
2020-08-31 08:43:05.570 INFO  [http-nio-9000-exec-7]com.linq.common.config.mp.MetaHandler.updateFill:47 -正在调用该update填充字段方法
2020-08-31 08:43:05.571 INFO  [http-nio-9000-exec-7]com.linq.common.config.mp.MetaHandler.updateFill:50 -调用该update填充字段方法结束
2020-08-31 08:43:27.320 INFO  [http-nio-9000-exec-5]com.linq.common.config.mp.MetaHandler.updateFill:47 -正在调用该update填充字段方法
2020-08-31 08:43:27.320 INFO  [http-nio-9000-exec-5]com.linq.common.config.mp.MetaHandler.updateFill:50 -调用该update填充字段方法结束
2020-08-31 08:43:35.458 INFO  [http-nio-9000-exec-10]com.linq.common.config.mp.MetaHandler.updateFill:47 -正在调用该update填充字段方法
2020-08-31 08:43:35.458 INFO  [http-nio-9000-exec-10]com.linq.common.config.mp.MetaHandler.updateFill:50 -调用该update填充字段方法结束
2020-08-31 08:51:02.540 INFO  [http-nio-9000-exec-19]com.linq.common.config.mp.MetaHandler.updateFill:47 -正在调用该update填充字段方法
2020-08-31 08:51:02.540 INFO  [http-nio-9000-exec-19]com.linq.common.config.mp.MetaHandler.updateFill:50 -调用该update填充字段方法结束
2020-08-31 08:52:19.334 INFO  [http-nio-9000-exec-24]com.linq.common.config.mp.MetaHandler.updateFill:47 -正在调用该update填充字段方法
2020-08-31 08:52:19.335 INFO  [http-nio-9000-exec-24]com.linq.common.config.mp.MetaHandler.updateFill:50 -调用该update填充字段方法结束
2020-08-31 08:53:02.945 INFO  [http-nio-9000-exec-28]com.linq.common.config.mp.MetaHandler.updateFill:47 -正在调用该update填充字段方法
2020-08-31 08:53:02.946 INFO  [http-nio-9000-exec-28]com.linq.common.config.mp.MetaHandler.updateFill:50 -调用该update填充字段方法结束
2020-08-31 08:54:46.566 INFO  [SpringContextShutdownHook]com.linq.framework.manager.ShutdownManager.shutdownAsyncManager:25 -====关闭后台任务任务线程池====
2020-08-31 08:54:46.567 INFO  [SpringContextShutdownHook]com.alibaba.druid.pool.DruidDataSource.close:2003 -{dataSource-1} closing ...
2020-08-31 08:54:46.573 INFO  [SpringContextShutdownHook]com.alibaba.druid.pool.DruidDataSource.close:2075 -{dataSource-1} closed
2020-08-31 08:54:50.833 INFO  [restartedMain]com.linq.AppRun.logStarting:55 -Starting AppRun on JaydeMacBook-Pro.local with PID 8483 (/Users/jay/Desktop/Vue项目集合/新闻发布管理系统/linq/linq-web/target/classes started by jay in /Users/jay/Desktop/Vue项目集合/新闻发布管理系统/linq)
2020-08-31 08:54:50.843 INFO  [restartedMain]com.linq.AppRun.logStartupProfileInfo:655 -The following profiles are active: druid,linq
2020-08-31 08:54:53.696 INFO  [restartedMain]org.apache.coyote.http11.Http11NioProtocol.log:173 -Initializing ProtocolHandler ["http-nio-9000"]
2020-08-31 08:54:53.697 INFO  [restartedMain]org.apache.catalina.core.StandardService.log:173 -Starting service [Tomcat]
2020-08-31 08:54:53.697 INFO  [restartedMain]org.apache.catalina.core.StandardEngine.log:173 -Starting Servlet engine: [Apache Tomcat/9.0.35]
2020-08-31 08:54:53.775 INFO  [restartedMain]o.a.catalina.core.ContainerBase.[Tomcat].[localhost].[/].log:173 -Initializing Spring embedded WebApplicationContext
2020-08-31 08:54:54.598 INFO  [restartedMain]c.a.d.s.boot.autoconfigure.DruidDataSourceAutoConfigure.dataSource:56 -Init DruidDataSource
2020-08-31 08:54:55.020 INFO  [restartedMain]com.alibaba.druid.pool.DruidDataSource.init:1010 -{dataSource-1} inited
2020-08-31 08:54:57.992 INFO  [restartedMain]s.d.s.web.PropertySourcedRequestMappingHandlerMapping.initHandlerMethods:69 -Mapped URL path [/v2/api-docs] onto method [springfox.documentation.swagger2.web.Swagger2Controller#getDocumentation(String, HttpServletRequest)]
2020-08-31 08:54:59.009 INFO  [restartedMain]org.apache.coyote.http11.Http11NioProtocol.log:173 -Starting ProtocolHandler ["http-nio-9000"]
2020-08-31 08:54:59.033 INFO  [restartedMain]s.d.spring.web.plugins.DocumentationPluginsBootstrapper.start:160 -Context refreshed
2020-08-31 08:54:59.050 INFO  [restartedMain]s.d.spring.web.plugins.DocumentationPluginsBootstrapper.start:163 -Found 1 custom documentation plugin(s)
2020-08-31 08:54:59.123 INFO  [restartedMain]s.d.spring.web.scanners.ApiListingReferenceScanner.scan:41 -Scanning for api listing references
2020-08-31 08:54:59.412 INFO  [restartedMain]s.d.s.w.readers.operation.CachingOperationNameGenerator.startingWith:40 -Generating unique operation named: addUsingPOST_1
2020-08-31 08:54:59.415 INFO  [restartedMain]s.d.s.w.readers.operation.CachingOperationNameGenerator.startingWith:40 -Generating unique operation named: editUsingPUT_1
2020-08-31 08:54:59.424 INFO  [restartedMain]s.d.s.w.readers.operation.CachingOperationNameGenerator.startingWith:40 -Generating unique operation named: getInfoUsingGET_1
2020-08-31 08:54:59.436 INFO  [restartedMain]s.d.s.w.readers.operation.CachingOperationNameGenerator.startingWith:40 -Generating unique operation named: listUsingGET_1
2020-08-31 08:54:59.443 INFO  [restartedMain]s.d.s.w.readers.operation.CachingOperationNameGenerator.startingWith:40 -Generating unique operation named: addUsingPOST_2
2020-08-31 08:54:59.445 INFO  [restartedMain]s.d.s.w.readers.operation.CachingOperationNameGenerator.startingWith:40 -Generating unique operation named: editUsingPUT_2
2020-08-31 08:54:59.450 INFO  [restartedMain]s.d.s.w.readers.operation.CachingOperationNameGenerator.startingWith:40 -Generating unique operation named: getInfoUsingGET_2
2020-08-31 08:54:59.457 INFO  [restartedMain]s.d.s.w.readers.operation.CachingOperationNameGenerator.startingWith:40 -Generating unique operation named: listUsingGET_2
2020-08-31 08:54:59.458 INFO  [restartedMain]s.d.s.w.readers.operation.CachingOperationNameGenerator.startingWith:40 -Generating unique operation named: removeUsingDELETE_1
2020-08-31 08:54:59.461 INFO  [restartedMain]s.d.s.w.readers.operation.CachingOperationNameGenerator.startingWith:40 -Generating unique operation named: addUsingPOST_3
2020-08-31 08:54:59.462 INFO  [restartedMain]s.d.s.w.readers.operation.CachingOperationNameGenerator.startingWith:40 -Generating unique operation named: editUsingPUT_3
2020-08-31 08:54:59.466 INFO  [restartedMain]s.d.s.w.readers.operation.CachingOperationNameGenerator.startingWith:40 -Generating unique operation named: getInfoUsingGET_3
2020-08-31 08:54:59.470 INFO  [restartedMain]s.d.s.w.readers.operation.CachingOperationNameGenerator.startingWith:40 -Generating unique operation named: listUsingGET_3
2020-08-31 08:54:59.475 INFO  [restartedMain]s.d.s.w.readers.operation.CachingOperationNameGenerator.startingWith:40 -Generating unique operation named: removeUsingDELETE_2
2020-08-31 08:54:59.480 INFO  [restartedMain]s.d.s.w.readers.operation.CachingOperationNameGenerator.startingWith:40 -Generating unique operation named: addUsingPOST_4
2020-08-31 08:54:59.483 INFO  [restartedMain]s.d.s.w.readers.operation.CachingOperationNameGenerator.startingWith:40 -Generating unique operation named: editUsingPUT_4
2020-08-31 08:54:59.491 INFO  [restartedMain]s.d.s.w.readers.operation.CachingOperationNameGenerator.startingWith:40 -Generating unique operation named: getInfoUsingGET_4
2020-08-31 08:54:59.496 INFO  [restartedMain]s.d.s.w.readers.operation.CachingOperationNameGenerator.startingWith:40 -Generating unique operation named: listUsingGET_4
2020-08-31 08:54:59.497 INFO  [restartedMain]s.d.s.w.readers.operation.CachingOperationNameGenerator.startingWith:40 -Generating unique operation named: removeUsingDELETE_3
2020-08-31 08:54:59.502 INFO  [restartedMain]s.d.s.w.readers.operation.CachingOperationNameGenerator.startingWith:40 -Generating unique operation named: addUsingPOST_5
2020-08-31 08:54:59.505 INFO  [restartedMain]s.d.s.w.readers.operation.CachingOperationNameGenerator.startingWith:40 -Generating unique operation named: editUsingPUT_5
2020-08-31 08:54:59.513 INFO  [restartedMain]s.d.s.w.readers.operation.CachingOperationNameGenerator.startingWith:40 -Generating unique operation named: getInfoUsingGET_5
2020-08-31 08:54:59.518 INFO  [restartedMain]s.d.s.w.readers.operation.CachingOperationNameGenerator.startingWith:40 -Generating unique operation named: listUsingGET_5
2020-08-31 08:54:59.520 INFO  [restartedMain]s.d.s.w.readers.operation.CachingOperationNameGenerator.startingWith:40 -Generating unique operation named: removeUsingDELETE_4
2020-08-31 08:54:59.530 INFO  [restartedMain]s.d.s.w.readers.operation.CachingOperationNameGenerator.startingWith:40 -Generating unique operation named: addUsingPOST_6
2020-08-31 08:54:59.535 INFO  [restartedMain]s.d.s.w.readers.operation.CachingOperationNameGenerator.startingWith:40 -Generating unique operation named: editUsingPUT_6
2020-08-31 08:54:59.537 INFO  [restartedMain]s.d.s.w.readers.operation.CachingOperationNameGenerator.startingWith:40 -Generating unique operation named: getInfoUsingGET_6
2020-08-31 08:54:59.543 INFO  [restartedMain]s.d.s.w.readers.operation.CachingOperationNameGenerator.startingWith:40 -Generating unique operation named: listUsingGET_6
2020-08-31 08:54:59.544 INFO  [restartedMain]s.d.s.w.readers.operation.CachingOperationNameGenerator.startingWith:40 -Generating unique operation named: removeUsingDELETE_5
2020-08-31 08:54:59.548 INFO  [restartedMain]s.d.s.w.readers.operation.CachingOperationNameGenerator.startingWith:40 -Generating unique operation named: addUsingPOST_7
2020-08-31 08:54:59.549 INFO  [restartedMain]s.d.s.w.readers.operation.CachingOperationNameGenerator.startingWith:40 -Generating unique operation named: clearCacheUsingDELETE_1
2020-08-31 08:54:59.550 INFO  [restartedMain]s.d.s.w.readers.operation.CachingOperationNameGenerator.startingWith:40 -Generating unique operation named: editUsingPUT_7
2020-08-31 08:54:59.553 INFO  [restartedMain]s.d.s.w.readers.operation.CachingOperationNameGenerator.startingWith:40 -Generating unique operation named: getInfoUsingGET_7
2020-08-31 08:54:59.558 INFO  [restartedMain]s.d.s.w.readers.operation.CachingOperationNameGenerator.startingWith:40 -Generating unique operation named: listUsingGET_7
2020-08-31 08:54:59.560 INFO  [restartedMain]s.d.s.w.readers.operation.CachingOperationNameGenerator.startingWith:40 -Generating unique operation named: removeUsingDELETE_6
2020-08-31 08:54:59.562 INFO  [restartedMain]s.d.s.w.readers.operation.CachingOperationNameGenerator.startingWith:40 -Generating unique operation named: getInfoUsingGET_8
2020-08-31 08:54:59.568 INFO  [restartedMain]s.d.s.w.readers.operation.CachingOperationNameGenerator.startingWith:40 -Generating unique operation named: addUsingPOST_8
2020-08-31 08:54:59.569 INFO  [restartedMain]s.d.s.w.readers.operation.CachingOperationNameGenerator.startingWith:40 -Generating unique operation named: editUsingPUT_8
2020-08-31 08:54:59.574 INFO  [restartedMain]s.d.s.w.readers.operation.CachingOperationNameGenerator.startingWith:40 -Generating unique operation named: getInfoUsingGET_9
2020-08-31 08:54:59.579 INFO  [restartedMain]s.d.s.w.readers.operation.CachingOperationNameGenerator.startingWith:40 -Generating unique operation named: listUsingGET_8
2020-08-31 08:54:59.581 INFO  [restartedMain]s.d.s.w.readers.operation.CachingOperationNameGenerator.startingWith:40 -Generating unique operation named: removeUsingDELETE_7
2020-08-31 08:54:59.585 INFO  [restartedMain]s.d.s.w.readers.operation.CachingOperationNameGenerator.startingWith:40 -Generating unique operation named: addUsingPOST_9
2020-08-31 08:54:59.586 INFO  [restartedMain]s.d.s.w.readers.operation.CachingOperationNameGenerator.startingWith:40 -Generating unique operation named: editUsingPUT_9
2020-08-31 08:54:59.589 INFO  [restartedMain]s.d.s.w.readers.operation.CachingOperationNameGenerator.startingWith:40 -Generating unique operation named: getInfoUsingGET_10
2020-08-31 08:54:59.594 INFO  [restartedMain]s.d.s.w.readers.operation.CachingOperationNameGenerator.startingWith:40 -Generating unique operation named: listUsingGET_9
2020-08-31 08:54:59.595 INFO  [restartedMain]s.d.s.w.readers.operation.CachingOperationNameGenerator.startingWith:40 -Generating unique operation named: removeUsingDELETE_8
2020-08-31 08:54:59.608 INFO  [restartedMain]s.d.s.w.readers.operation.CachingOperationNameGenerator.startingWith:40 -Generating unique operation named: addUsingPOST_10
2020-08-31 08:54:59.609 INFO  [restartedMain]s.d.s.w.readers.operation.CachingOperationNameGenerator.startingWith:40 -Generating unique operation named: changeStatusUsingPUT_1
2020-08-31 08:54:59.611 INFO  [restartedMain]s.d.s.w.readers.operation.CachingOperationNameGenerator.startingWith:40 -Generating unique operation named: editUsingPUT_10
2020-08-31 08:54:59.615 INFO  [restartedMain]s.d.s.w.readers.operation.CachingOperationNameGenerator.startingWith:40 -Generating unique operation named: getInfoUsingGET_11
2020-08-31 08:54:59.621 INFO  [restartedMain]s.d.s.w.readers.operation.CachingOperationNameGenerator.startingWith:40 -Generating unique operation named: listUsingGET_10
2020-08-31 08:54:59.623 INFO  [restartedMain]s.d.s.w.readers.operation.CachingOperationNameGenerator.startingWith:40 -Generating unique operation named: removeUsingDELETE_9
2020-08-31 08:54:59.625 INFO  [restartedMain]s.d.s.w.readers.operation.CachingOperationNameGenerator.startingWith:40 -Generating unique operation named: addUsingPOST_11
2020-08-31 08:54:59.628 INFO  [restartedMain]s.d.s.w.readers.operation.CachingOperationNameGenerator.startingWith:40 -Generating unique operation named: changeStatusUsingPUT_2
2020-08-31 08:54:59.630 INFO  [restartedMain]s.d.s.w.readers.operation.CachingOperationNameGenerator.startingWith:40 -Generating unique operation named: editUsingPUT_11
2020-08-31 08:54:59.632 INFO  [restartedMain]s.d.s.w.readers.operation.CachingOperationNameGenerator.startingWith:40 -Generating unique operation named: getInfoUsingGET_12
2020-08-31 08:54:59.633 INFO  [restartedMain]s.d.s.w.readers.operation.CachingOperationNameGenerator.startingWith:40 -Generating unique operation named: getInfoUsingGET_13
2020-08-31 08:54:59.652 INFO  [restartedMain]s.d.s.w.readers.operation.CachingOperationNameGenerator.startingWith:40 -Generating unique operation named: listUsingGET_11
2020-08-31 08:54:59.654 INFO  [restartedMain]s.d.s.w.readers.operation.CachingOperationNameGenerator.startingWith:40 -Generating unique operation named: removeUsingDELETE_10
2020-08-31 08:54:59.686 INFO  [restartedMain]com.linq.AppRun.logStarted:61 -Started AppRun in 9.8 seconds (JVM running for 10.912)
2020-08-31 08:55:02.717 INFO  [http-nio-9000-exec-1]o.a.catalina.core.ContainerBase.[Tomcat].[localhost].[/].log:173 -Initializing Spring DispatcherServlet 'dispatcherServlet'
2020-08-31 08:55:03.885 INFO  [http-nio-9000-exec-1]com.linq.common.config.mp.MetaHandler.updateFill:47 -正在调用该update填充字段方法
2020-08-31 08:55:03.886 INFO  [http-nio-9000-exec-1]com.linq.common.config.mp.MetaHandler.updateFill:50 -调用该update填充字段方法结束
2020-08-31 09:07:04.612 INFO  [schedule-pool-1]com.linq.framework.manager.factory.AsyncFactory.run:66 -[127.0.0.1] 本机地址[admin][Success][登录成功]
2020-08-31 09:07:04.816 INFO  [http-nio-9000-exec-17]com.linq.common.config.mp.MetaHandler.updateFill:47 -正在调用该update填充字段方法
2020-08-31 09:07:04.816 INFO  [http-nio-9000-exec-17]com.linq.common.config.mp.MetaHandler.updateFill:50 -调用该update填充字段方法结束
2020-08-31 09:09:15.113 INFO  [SpringContextShutdownHook]com.linq.framework.manager.ShutdownManager.shutdownAsyncManager:25 -====关闭后台任务任务线程池====
2020-08-31 09:09:15.114 INFO  [SpringContextShutdownHook]com.alibaba.druid.pool.DruidDataSource.close:2003 -{dataSource-1} closing ...
2020-08-31 09:09:15.118 INFO  [SpringContextShutdownHook]com.alibaba.druid.pool.DruidDataSource.close:2075 -{dataSource-1} closed
