2020-08-27 19:07:12.431 INFO  [restartedMain]com.linq.AppRun.logStarting:55 -Starting AppRun on JaydeMacBook-Pro.local with PID 14224 (/Users/jay/Desktop/Vue项目集合/万邦课设/后端/linq/linq-web/target/classes started by jay in /Users/jay/Desktop/Vue项目集合/万邦课设/后端/linq)
2020-08-27 19:07:12.435 INFO  [restartedMain]com.linq.AppRun.logStartupProfileInfo:655 -The following profiles are active: druid,linq
2020-08-27 19:07:14.378 INFO  [restartedMain]org.apache.coyote.http11.Http11NioProtocol.log:173 -Initializing ProtocolHandler ["http-nio-8080"]
2020-08-27 19:07:14.379 INFO  [restartedMain]org.apache.catalina.core.StandardService.log:173 -Starting service [Tomcat]
2020-08-27 19:07:14.379 INFO  [restartedMain]org.apache.catalina.core.StandardEngine.log:173 -Starting Servlet engine: [Apache Tomcat/9.0.35]
2020-08-27 19:07:14.444 INFO  [restartedMain]o.a.catalina.core.ContainerBase.[Tomcat].[localhost].[/].log:173 -Initializing Spring embedded WebApplicationContext
2020-08-27 19:07:16.590 INFO  [restartedMain]c.a.d.s.boot.autoconfigure.DruidDataSourceAutoConfigure.dataSource:56 -Init DruidDataSource
2020-08-27 19:07:17.184 INFO  [restartedMain]com.alibaba.druid.pool.DruidDataSource.init:1010 -{dataSource-1} inited
2020-08-27 19:07:18.011 INFO  [restartedMain]com.alibaba.druid.pool.DruidDataSource.close:2003 -{dataSource-1} closing ...
2020-08-27 19:07:18.014 INFO  [restartedMain]com.alibaba.druid.pool.DruidDataSource.close:2075 -{dataSource-1} closed
2020-08-27 19:07:18.028 INFO  [restartedMain]org.apache.catalina.core.StandardService.log:173 -Stopping service [Tomcat]
2020-08-27 19:08:04.855 INFO  [restartedMain]com.linq.AppRun.logStarting:55 -Starting AppRun on JaydeMacBook-Pro.local with PID 14234 (/Users/jay/Desktop/Vue项目集合/万邦课设/后端/linq/linq-web/target/classes started by jay in /Users/jay/Desktop/Vue项目集合/万邦课设/后端/linq)
2020-08-27 19:08:04.859 INFO  [restartedMain]com.linq.AppRun.logStartupProfileInfo:655 -The following profiles are active: druid,linq
2020-08-27 19:08:07.667 INFO  [restartedMain]org.apache.coyote.http11.Http11NioProtocol.log:173 -Initializing ProtocolHandler ["http-nio-8080"]
2020-08-27 19:08:07.668 INFO  [restartedMain]org.apache.catalina.core.StandardService.log:173 -Starting service [Tomcat]
2020-08-27 19:08:07.668 INFO  [restartedMain]org.apache.catalina.core.StandardEngine.log:173 -Starting Servlet engine: [Apache Tomcat/9.0.35]
2020-08-27 19:08:07.735 INFO  [restartedMain]o.a.catalina.core.ContainerBase.[Tomcat].[localhost].[/].log:173 -Initializing Spring embedded WebApplicationContext
2020-08-27 19:08:08.245 INFO  [restartedMain]c.a.d.s.boot.autoconfigure.DruidDataSourceAutoConfigure.dataSource:56 -Init DruidDataSource
2020-08-27 19:08:08.615 INFO  [restartedMain]com.alibaba.druid.pool.DruidDataSource.init:1010 -{dataSource-1} inited
2020-08-27 19:08:09.648 INFO  [restartedMain]s.d.s.web.PropertySourcedRequestMappingHandlerMapping.initHandlerMethods:69 -Mapped URL path [/v2/api-docs] onto method [springfox.documentation.swagger2.web.Swagger2Controller#getDocumentation(String, HttpServletRequest)]
2020-08-27 19:08:10.345 INFO  [restartedMain]org.apache.coyote.http11.Http11NioProtocol.log:173 -Starting ProtocolHandler ["http-nio-8080"]
2020-08-27 19:08:10.379 INFO  [restartedMain]s.d.spring.web.plugins.DocumentationPluginsBootstrapper.start:160 -Context refreshed
2020-08-27 19:08:10.394 INFO  [restartedMain]s.d.spring.web.plugins.DocumentationPluginsBootstrapper.start:163 -Found 1 custom documentation plugin(s)
2020-08-27 19:08:10.576 INFO  [restartedMain]s.d.spring.web.scanners.ApiListingReferenceScanner.scan:41 -Scanning for api listing references
2020-08-27 19:08:10.606 INFO  [restartedMain]com.linq.AppRun.logStarted:61 -Started AppRun in 6.732 seconds (JVM running for 7.419)
2020-08-27 19:08:29.481 INFO  [http-nio-8080-exec-1]o.a.catalina.core.ContainerBase.[Tomcat].[localhost].[/].log:173 -Initializing Spring DispatcherServlet 'dispatcherServlet'
2020-08-27 19:09:18.802 INFO  [schedule-pool-1]com.linq.framework.manager.factory.AsyncFactory.run:66 -[0:0:0:0:0:0:0:1]江西省宜春市 电信[admin][Error][验证码已失效]
2020-08-27 19:10:08.020 INFO  [schedule-pool-1]com.linq.framework.manager.factory.AsyncFactory.run:66 -[0:0:0:0:0:0:0:1]江西省宜春市 电信[admin][Success][登录成功]
2020-08-27 19:12:15.894 INFO  [SpringContextShutdownHook]com.linq.framework.manager.ShutdownManager.shutdownAsyncManager:25 -====关闭后台任务任务线程池====
2020-08-27 19:12:15.895 INFO  [SpringContextShutdownHook]com.alibaba.druid.pool.DruidDataSource.close:2003 -{dataSource-1} closing ...
2020-08-27 19:12:15.901 INFO  [SpringContextShutdownHook]com.alibaba.druid.pool.DruidDataSource.close:2075 -{dataSource-1} closed
2020-08-27 19:12:21.369 INFO  [restartedMain]com.linq.AppRun.logStarting:55 -Starting AppRun on JaydeMacBook-Pro.local with PID 14282 (/Users/jay/Desktop/Vue项目集合/万邦课设/后端/linq/linq-web/target/classes started by jay in /Users/jay/Desktop/Vue项目集合/万邦课设/后端/linq)
2020-08-27 19:12:21.375 INFO  [restartedMain]com.linq.AppRun.logStartupProfileInfo:655 -The following profiles are active: druid,linq
2020-08-27 19:12:24.184 INFO  [restartedMain]org.apache.coyote.http11.Http11NioProtocol.log:173 -Initializing ProtocolHandler ["http-nio-8080"]
2020-08-27 19:12:24.185 INFO  [restartedMain]org.apache.catalina.core.StandardService.log:173 -Starting service [Tomcat]
2020-08-27 19:12:24.186 INFO  [restartedMain]org.apache.catalina.core.StandardEngine.log:173 -Starting Servlet engine: [Apache Tomcat/9.0.35]
2020-08-27 19:12:24.255 INFO  [restartedMain]o.a.catalina.core.ContainerBase.[Tomcat].[localhost].[/].log:173 -Initializing Spring embedded WebApplicationContext
2020-08-27 19:12:24.835 INFO  [restartedMain]c.a.d.s.boot.autoconfigure.DruidDataSourceAutoConfigure.dataSource:56 -Init DruidDataSource
2020-08-27 19:12:25.210 INFO  [restartedMain]com.alibaba.druid.pool.DruidDataSource.init:1010 -{dataSource-1} inited
2020-08-27 19:12:26.236 INFO  [restartedMain]s.d.s.web.PropertySourcedRequestMappingHandlerMapping.initHandlerMethods:69 -Mapped URL path [/v2/api-docs] onto method [springfox.documentation.swagger2.web.Swagger2Controller#getDocumentation(String, HttpServletRequest)]
2020-08-27 19:12:26.933 INFO  [restartedMain]org.apache.coyote.http11.Http11NioProtocol.log:173 -Starting ProtocolHandler ["http-nio-8080"]
2020-08-27 19:12:26.967 INFO  [restartedMain]s.d.spring.web.plugins.DocumentationPluginsBootstrapper.start:160 -Context refreshed
2020-08-27 19:12:26.977 INFO  [restartedMain]s.d.spring.web.plugins.DocumentationPluginsBootstrapper.start:163 -Found 1 custom documentation plugin(s)
2020-08-27 19:12:27.164 INFO  [restartedMain]s.d.spring.web.scanners.ApiListingReferenceScanner.scan:41 -Scanning for api listing references
2020-08-27 19:12:27.186 INFO  [restartedMain]com.linq.AppRun.logStarted:61 -Started AppRun in 6.925 seconds (JVM running for 7.844)
2020-08-27 19:16:07.655 INFO  [SpringContextShutdownHook]com.linq.framework.manager.ShutdownManager.shutdownAsyncManager:25 -====关闭后台任务任务线程池====
2020-08-27 19:16:07.657 INFO  [SpringContextShutdownHook]com.alibaba.druid.pool.DruidDataSource.close:2003 -{dataSource-1} closing ...
2020-08-27 19:16:07.662 INFO  [SpringContextShutdownHook]com.alibaba.druid.pool.DruidDataSource.close:2075 -{dataSource-1} closed
2020-08-27 19:16:14.500 INFO  [restartedMain]com.linq.AppRun.logStarting:55 -Starting AppRun on JaydeMacBook-Pro.local with PID 14316 (/Users/jay/Desktop/Vue项目集合/万邦课设/后端/linq/linq-web/target/classes started by jay in /Users/jay/Desktop/Vue项目集合/万邦课设/后端/linq)
2020-08-27 19:16:14.503 INFO  [restartedMain]com.linq.AppRun.logStartupProfileInfo:655 -The following profiles are active: druid,linq
2020-08-27 19:16:16.355 INFO  [restartedMain]org.apache.coyote.http11.Http11NioProtocol.log:173 -Initializing ProtocolHandler ["http-nio-8080"]
2020-08-27 19:16:16.356 INFO  [restartedMain]org.apache.catalina.core.StandardService.log:173 -Starting service [Tomcat]
2020-08-27 19:16:16.356 INFO  [restartedMain]org.apache.catalina.core.StandardEngine.log:173 -Starting Servlet engine: [Apache Tomcat/9.0.35]
2020-08-27 19:16:16.408 INFO  [restartedMain]o.a.catalina.core.ContainerBase.[Tomcat].[localhost].[/].log:173 -Initializing Spring embedded WebApplicationContext
2020-08-27 19:16:16.918 INFO  [restartedMain]c.a.d.s.boot.autoconfigure.DruidDataSourceAutoConfigure.dataSource:56 -Init DruidDataSource
2020-08-27 19:16:17.296 INFO  [restartedMain]com.alibaba.druid.pool.DruidDataSource.init:1010 -{dataSource-1} inited
2020-08-27 19:16:18.402 INFO  [restartedMain]s.d.s.web.PropertySourcedRequestMappingHandlerMapping.initHandlerMethods:69 -Mapped URL path [/v2/api-docs] onto method [springfox.documentation.swagger2.web.Swagger2Controller#getDocumentation(String, HttpServletRequest)]
2020-08-27 19:16:19.277 INFO  [restartedMain]org.apache.coyote.http11.Http11NioProtocol.log:173 -Starting ProtocolHandler ["http-nio-8080"]
2020-08-27 19:16:19.314 INFO  [restartedMain]s.d.spring.web.plugins.DocumentationPluginsBootstrapper.start:160 -Context refreshed
2020-08-27 19:16:19.327 INFO  [restartedMain]s.d.spring.web.plugins.DocumentationPluginsBootstrapper.start:163 -Found 1 custom documentation plugin(s)
2020-08-27 19:16:19.537 INFO  [restartedMain]s.d.spring.web.scanners.ApiListingReferenceScanner.scan:41 -Scanning for api listing references
2020-08-27 19:16:19.693 INFO  [restartedMain]s.d.s.w.readers.operation.CachingOperationNameGenerator.startingWith:40 -Generating unique operation named: getInfoUsingGET_1
2020-08-27 19:16:19.783 INFO  [restartedMain]com.linq.AppRun.logStarted:61 -Started AppRun in 6.087 seconds (JVM running for 6.684)
2020-08-27 19:16:24.642 INFO  [SpringContextShutdownHook]com.linq.framework.manager.ShutdownManager.shutdownAsyncManager:25 -====关闭后台任务任务线程池====
2020-08-27 19:16:24.645 INFO  [SpringContextShutdownHook]com.alibaba.druid.pool.DruidDataSource.close:2003 -{dataSource-1} closing ...
2020-08-27 19:16:24.648 INFO  [SpringContextShutdownHook]com.alibaba.druid.pool.DruidDataSource.close:2075 -{dataSource-1} closed
2020-08-27 19:16:29.801 INFO  [restartedMain]com.linq.AppRun.logStarting:55 -Starting AppRun on JaydeMacBook-Pro.local with PID 14322 (/Users/jay/Desktop/Vue项目集合/万邦课设/后端/linq/linq-web/target/classes started by jay in /Users/jay/Desktop/Vue项目集合/万邦课设/后端/linq)
2020-08-27 19:16:29.804 INFO  [restartedMain]com.linq.AppRun.logStartupProfileInfo:655 -The following profiles are active: druid,linq
2020-08-27 19:16:32.113 INFO  [restartedMain]org.apache.coyote.http11.Http11NioProtocol.log:173 -Initializing ProtocolHandler ["http-nio-8080"]
2020-08-27 19:16:32.114 INFO  [restartedMain]org.apache.catalina.core.StandardService.log:173 -Starting service [Tomcat]
2020-08-27 19:16:32.114 INFO  [restartedMain]org.apache.catalina.core.StandardEngine.log:173 -Starting Servlet engine: [Apache Tomcat/9.0.35]
2020-08-27 19:16:32.175 INFO  [restartedMain]o.a.catalina.core.ContainerBase.[Tomcat].[localhost].[/].log:173 -Initializing Spring embedded WebApplicationContext
2020-08-27 19:16:32.819 INFO  [restartedMain]c.a.d.s.boot.autoconfigure.DruidDataSourceAutoConfigure.dataSource:56 -Init DruidDataSource
2020-08-27 19:16:33.243 INFO  [restartedMain]com.alibaba.druid.pool.DruidDataSource.init:1010 -{dataSource-1} inited
2020-08-27 19:16:34.762 INFO  [restartedMain]s.d.s.web.PropertySourcedRequestMappingHandlerMapping.initHandlerMethods:69 -Mapped URL path [/v2/api-docs] onto method [springfox.documentation.swagger2.web.Swagger2Controller#getDocumentation(String, HttpServletRequest)]
2020-08-27 19:16:35.704 INFO  [restartedMain]org.apache.coyote.http11.Http11NioProtocol.log:173 -Starting ProtocolHandler ["http-nio-8080"]
2020-08-27 19:16:35.791 INFO  [restartedMain]s.d.spring.web.plugins.DocumentationPluginsBootstrapper.start:160 -Context refreshed
2020-08-27 19:16:35.966 INFO  [restartedMain]s.d.spring.web.plugins.DocumentationPluginsBootstrapper.start:163 -Found 1 custom documentation plugin(s)
2020-08-27 19:16:36.036 INFO  [http-nio-8080-exec-1]o.a.catalina.core.ContainerBase.[Tomcat].[localhost].[/].log:173 -Initializing Spring DispatcherServlet 'dispatcherServlet'
2020-08-27 19:16:36.053 INFO  [restartedMain]s.d.spring.web.scanners.ApiListingReferenceScanner.scan:41 -Scanning for api listing references
2020-08-27 19:16:36.402 INFO  [restartedMain]s.d.s.w.readers.operation.CachingOperationNameGenerator.startingWith:40 -Generating unique operation named: getInfoUsingGET_1
2020-08-27 19:16:36.519 INFO  [restartedMain]com.linq.AppRun.logStarted:61 -Started AppRun in 7.375 seconds (JVM running for 7.945)
2020-08-27 19:17:19.755 INFO  [SpringContextShutdownHook]com.linq.framework.manager.ShutdownManager.shutdownAsyncManager:25 -====关闭后台任务任务线程池====
2020-08-27 19:17:19.757 INFO  [SpringContextShutdownHook]com.alibaba.druid.pool.DruidDataSource.close:2003 -{dataSource-1} closing ...
2020-08-27 19:17:19.763 INFO  [SpringContextShutdownHook]com.alibaba.druid.pool.DruidDataSource.close:2075 -{dataSource-1} closed
2020-08-27 19:17:25.893 INFO  [restartedMain]com.linq.AppRun.logStarting:55 -Starting AppRun on JaydeMacBook-Pro.local with PID 14338 (/Users/jay/Desktop/Vue项目集合/万邦课设/后端/linq/linq-web/target/classes started by jay in /Users/jay/Desktop/Vue项目集合/万邦课设/后端/linq)
2020-08-27 19:17:25.897 INFO  [restartedMain]com.linq.AppRun.logStartupProfileInfo:655 -The following profiles are active: druid,linq
2020-08-27 19:17:29.228 INFO  [restartedMain]org.apache.coyote.http11.Http11NioProtocol.log:173 -Initializing ProtocolHandler ["http-nio-8080"]
2020-08-27 19:17:29.228 INFO  [restartedMain]org.apache.catalina.core.StandardService.log:173 -Starting service [Tomcat]
2020-08-27 19:17:29.229 INFO  [restartedMain]org.apache.catalina.core.StandardEngine.log:173 -Starting Servlet engine: [Apache Tomcat/9.0.35]
2020-08-27 19:17:29.319 INFO  [restartedMain]o.a.catalina.core.ContainerBase.[Tomcat].[localhost].[/].log:173 -Initializing Spring embedded WebApplicationContext
2020-08-27 19:17:30.696 INFO  [restartedMain]c.a.d.s.boot.autoconfigure.DruidDataSourceAutoConfigure.dataSource:56 -Init DruidDataSource
2020-08-27 19:17:31.414 INFO  [restartedMain]com.alibaba.druid.pool.DruidDataSource.init:1010 -{dataSource-1} inited
2020-08-27 19:17:33.001 INFO  [restartedMain]s.d.s.web.PropertySourcedRequestMappingHandlerMapping.initHandlerMethods:69 -Mapped URL path [/v2/api-docs] onto method [springfox.documentation.swagger2.web.Swagger2Controller#getDocumentation(String, HttpServletRequest)]
2020-08-27 19:17:33.802 INFO  [restartedMain]org.apache.coyote.http11.Http11NioProtocol.log:173 -Starting ProtocolHandler ["http-nio-8080"]
2020-08-27 19:17:33.838 INFO  [restartedMain]s.d.spring.web.plugins.DocumentationPluginsBootstrapper.start:160 -Context refreshed
2020-08-27 19:17:33.849 INFO  [restartedMain]s.d.spring.web.plugins.DocumentationPluginsBootstrapper.start:163 -Found 1 custom documentation plugin(s)
2020-08-27 19:17:34.122 INFO  [http-nio-8080-exec-1]o.a.catalina.core.ContainerBase.[Tomcat].[localhost].[/].log:173 -Initializing Spring DispatcherServlet 'dispatcherServlet'
2020-08-27 19:17:34.139 INFO  [restartedMain]s.d.spring.web.scanners.ApiListingReferenceScanner.scan:41 -Scanning for api listing references
2020-08-27 19:17:34.497 INFO  [restartedMain]s.d.s.w.readers.operation.CachingOperationNameGenerator.startingWith:40 -Generating unique operation named: getInfoUsingGET_1
2020-08-27 19:17:34.565 INFO  [restartedMain]com.linq.AppRun.logStarted:61 -Started AppRun in 9.347 seconds (JVM running for 10.096)
2020-08-27 19:20:02.875 INFO  [SpringContextShutdownHook]com.linq.framework.manager.ShutdownManager.shutdownAsyncManager:25 -====关闭后台任务任务线程池====
2020-08-27 19:20:02.877 INFO  [SpringContextShutdownHook]com.alibaba.druid.pool.DruidDataSource.close:2003 -{dataSource-1} closing ...
2020-08-27 19:20:02.882 INFO  [SpringContextShutdownHook]com.alibaba.druid.pool.DruidDataSource.close:2075 -{dataSource-1} closed
2020-08-27 19:20:07.323 INFO  [restartedMain]com.linq.AppRun.logStarting:55 -Starting AppRun on JaydeMacBook-Pro.local with PID 14387 (/Users/jay/Desktop/Vue项目集合/万邦课设/后端/linq/linq-web/target/classes started by jay in /Users/jay/Desktop/Vue项目集合/万邦课设/后端/linq)
2020-08-27 19:20:07.327 INFO  [restartedMain]com.linq.AppRun.logStartupProfileInfo:655 -The following profiles are active: druid,linq
2020-08-27 19:20:09.528 INFO  [restartedMain]org.apache.coyote.http11.Http11NioProtocol.log:173 -Initializing ProtocolHandler ["http-nio-8080"]
2020-08-27 19:20:09.529 INFO  [restartedMain]org.apache.catalina.core.StandardService.log:173 -Starting service [Tomcat]
2020-08-27 19:20:09.529 INFO  [restartedMain]org.apache.catalina.core.StandardEngine.log:173 -Starting Servlet engine: [Apache Tomcat/9.0.35]
2020-08-27 19:20:09.605 INFO  [restartedMain]o.a.catalina.core.ContainerBase.[Tomcat].[localhost].[/].log:173 -Initializing Spring embedded WebApplicationContext
2020-08-27 19:20:10.150 INFO  [restartedMain]c.a.d.s.boot.autoconfigure.DruidDataSourceAutoConfigure.dataSource:56 -Init DruidDataSource
2020-08-27 19:20:10.532 INFO  [restartedMain]com.alibaba.druid.pool.DruidDataSource.init:1010 -{dataSource-1} inited
2020-08-27 19:20:11.486 INFO  [restartedMain]s.d.s.web.PropertySourcedRequestMappingHandlerMapping.initHandlerMethods:69 -Mapped URL path [/v2/api-docs] onto method [springfox.documentation.swagger2.web.Swagger2Controller#getDocumentation(String, HttpServletRequest)]
2020-08-27 19:20:12.142 INFO  [restartedMain]org.apache.coyote.http11.Http11NioProtocol.log:173 -Starting ProtocolHandler ["http-nio-8080"]
2020-08-27 19:20:12.176 INFO  [restartedMain]s.d.spring.web.plugins.DocumentationPluginsBootstrapper.start:160 -Context refreshed
2020-08-27 19:20:12.185 INFO  [restartedMain]s.d.spring.web.plugins.DocumentationPluginsBootstrapper.start:163 -Found 1 custom documentation plugin(s)
2020-08-27 19:20:12.370 INFO  [restartedMain]s.d.spring.web.scanners.ApiListingReferenceScanner.scan:41 -Scanning for api listing references
2020-08-27 19:20:12.490 INFO  [restartedMain]s.d.s.w.readers.operation.CachingOperationNameGenerator.startingWith:40 -Generating unique operation named: getInfoUsingGET_1
2020-08-27 19:20:12.541 INFO  [restartedMain]com.linq.AppRun.logStarted:61 -Started AppRun in 5.928 seconds (JVM running for 6.484)
2020-08-27 19:20:16.115 INFO  [http-nio-8080-exec-1]o.a.catalina.core.ContainerBase.[Tomcat].[localhost].[/].log:173 -Initializing Spring DispatcherServlet 'dispatcherServlet'
2020-08-27 19:20:34.865 INFO  [SpringContextShutdownHook]com.linq.framework.manager.ShutdownManager.shutdownAsyncManager:25 -====关闭后台任务任务线程池====
2020-08-27 19:20:34.867 INFO  [SpringContextShutdownHook]com.alibaba.druid.pool.DruidDataSource.close:2003 -{dataSource-1} closing ...
2020-08-27 19:20:34.873 INFO  [SpringContextShutdownHook]com.alibaba.druid.pool.DruidDataSource.close:2075 -{dataSource-1} closed
2020-08-27 19:20:39.251 INFO  [restartedMain]com.linq.AppRun.logStarting:55 -Starting AppRun on JaydeMacBook-Pro.local with PID 14396 (/Users/jay/Desktop/Vue项目集合/万邦课设/后端/linq/linq-web/target/classes started by jay in /Users/jay/Desktop/Vue项目集合/万邦课设/后端/linq)
2020-08-27 19:20:39.254 INFO  [restartedMain]com.linq.AppRun.logStartupProfileInfo:655 -The following profiles are active: druid,linq
2020-08-27 19:20:41.529 INFO  [restartedMain]org.apache.coyote.http11.Http11NioProtocol.log:173 -Initializing ProtocolHandler ["http-nio-8080"]
2020-08-27 19:20:41.529 INFO  [restartedMain]org.apache.catalina.core.StandardService.log:173 -Starting service [Tomcat]
2020-08-27 19:20:41.530 INFO  [restartedMain]org.apache.catalina.core.StandardEngine.log:173 -Starting Servlet engine: [Apache Tomcat/9.0.35]
2020-08-27 19:20:41.588 INFO  [restartedMain]o.a.catalina.core.ContainerBase.[Tomcat].[localhost].[/].log:173 -Initializing Spring embedded WebApplicationContext
2020-08-27 19:20:42.072 INFO  [restartedMain]c.a.d.s.boot.autoconfigure.DruidDataSourceAutoConfigure.dataSource:56 -Init DruidDataSource
2020-08-27 19:20:42.406 INFO  [restartedMain]com.alibaba.druid.pool.DruidDataSource.init:1010 -{dataSource-1} inited
2020-08-27 19:20:43.363 INFO  [restartedMain]s.d.s.web.PropertySourcedRequestMappingHandlerMapping.initHandlerMethods:69 -Mapped URL path [/v2/api-docs] onto method [springfox.documentation.swagger2.web.Swagger2Controller#getDocumentation(String, HttpServletRequest)]
2020-08-27 19:20:44.079 INFO  [restartedMain]org.apache.coyote.http11.Http11NioProtocol.log:173 -Starting ProtocolHandler ["http-nio-8080"]
2020-08-27 19:20:44.112 INFO  [restartedMain]s.d.spring.web.plugins.DocumentationPluginsBootstrapper.start:160 -Context refreshed
2020-08-27 19:20:44.122 INFO  [restartedMain]s.d.spring.web.plugins.DocumentationPluginsBootstrapper.start:163 -Found 1 custom documentation plugin(s)
2020-08-27 19:20:44.306 INFO  [restartedMain]s.d.spring.web.scanners.ApiListingReferenceScanner.scan:41 -Scanning for api listing references
2020-08-27 19:20:44.441 INFO  [restartedMain]s.d.s.w.readers.operation.CachingOperationNameGenerator.startingWith:40 -Generating unique operation named: getInfoUsingGET_1
2020-08-27 19:20:44.505 INFO  [restartedMain]com.linq.AppRun.logStarted:61 -Started AppRun in 5.907 seconds (JVM running for 6.507)
2020-08-27 19:20:45.695 INFO  [http-nio-8080-exec-1]o.a.catalina.core.ContainerBase.[Tomcat].[localhost].[/].log:173 -Initializing Spring DispatcherServlet 'dispatcherServlet'
2020-08-27 19:22:10.540 INFO  [SpringContextShutdownHook]com.linq.framework.manager.ShutdownManager.shutdownAsyncManager:25 -====关闭后台任务任务线程池====
2020-08-27 19:22:10.542 INFO  [SpringContextShutdownHook]com.alibaba.druid.pool.DruidDataSource.close:2003 -{dataSource-1} closing ...
2020-08-27 19:22:10.546 INFO  [SpringContextShutdownHook]com.alibaba.druid.pool.DruidDataSource.close:2075 -{dataSource-1} closed
2020-08-27 19:22:15.387 INFO  [restartedMain]com.linq.AppRun.logStarting:55 -Starting AppRun on JaydeMacBook-Pro.local with PID 14426 (/Users/jay/Desktop/Vue项目集合/万邦课设/后端/linq/linq-web/target/classes started by jay in /Users/jay/Desktop/Vue项目集合/万邦课设/后端/linq)
2020-08-27 19:22:15.390 INFO  [restartedMain]com.linq.AppRun.logStartupProfileInfo:655 -The following profiles are active: druid,linq
2020-08-27 19:22:17.456 INFO  [restartedMain]org.apache.coyote.http11.Http11NioProtocol.log:173 -Initializing ProtocolHandler ["http-nio-8080"]
2020-08-27 19:22:17.457 INFO  [restartedMain]org.apache.catalina.core.StandardService.log:173 -Starting service [Tomcat]
2020-08-27 19:22:17.457 INFO  [restartedMain]org.apache.catalina.core.StandardEngine.log:173 -Starting Servlet engine: [Apache Tomcat/9.0.35]
2020-08-27 19:22:17.513 INFO  [restartedMain]o.a.catalina.core.ContainerBase.[Tomcat].[localhost].[/].log:173 -Initializing Spring embedded WebApplicationContext
2020-08-27 19:22:17.993 INFO  [restartedMain]c.a.d.s.boot.autoconfigure.DruidDataSourceAutoConfigure.dataSource:56 -Init DruidDataSource
2020-08-27 19:22:18.405 INFO  [restartedMain]com.alibaba.druid.pool.DruidDataSource.init:1010 -{dataSource-1} inited
2020-08-27 19:22:19.555 INFO  [restartedMain]s.d.s.web.PropertySourcedRequestMappingHandlerMapping.initHandlerMethods:69 -Mapped URL path [/v2/api-docs] onto method [springfox.documentation.swagger2.web.Swagger2Controller#getDocumentation(String, HttpServletRequest)]
2020-08-27 19:22:20.344 INFO  [restartedMain]org.apache.coyote.http11.Http11NioProtocol.log:173 -Starting ProtocolHandler ["http-nio-8080"]
2020-08-27 19:22:20.379 INFO  [restartedMain]s.d.spring.web.plugins.DocumentationPluginsBootstrapper.start:160 -Context refreshed
2020-08-27 19:22:20.388 INFO  [restartedMain]s.d.spring.web.plugins.DocumentationPluginsBootstrapper.start:163 -Found 1 custom documentation plugin(s)
2020-08-27 19:22:20.571 INFO  [restartedMain]s.d.spring.web.scanners.ApiListingReferenceScanner.scan:41 -Scanning for api listing references
2020-08-27 19:22:20.728 INFO  [http-nio-8080-exec-1]o.a.catalina.core.ContainerBase.[Tomcat].[localhost].[/].log:173 -Initializing Spring DispatcherServlet 'dispatcherServlet'
2020-08-27 19:22:20.772 INFO  [restartedMain]s.d.s.w.readers.operation.CachingOperationNameGenerator.startingWith:40 -Generating unique operation named: getInfoUsingGET_1
2020-08-27 19:22:20.988 INFO  [restartedMain]com.linq.AppRun.logStarted:61 -Started AppRun in 6.229 seconds (JVM running for 6.993)
2020-08-27 19:24:07.685 INFO  [schedule-pool-1]com.linq.framework.manager.factory.AsyncFactory.run:66 -[127.0.0.1] 本机地址[admin][Success][登录成功]
2020-08-27 19:26:29.597 INFO  [http-nio-8080-exec-4]com.linq.common.config.mp.MetaHandler.insertFill:24 -正在调用该insert填充字段方法
2020-08-27 19:26:29.598 INFO  [http-nio-8080-exec-4]com.linq.common.config.mp.MetaHandler.insertFill:41 -调用该insert填充字段方法结束
2020-08-27 19:28:08.433 INFO  [SpringContextShutdownHook]com.linq.framework.manager.ShutdownManager.shutdownAsyncManager:25 -====关闭后台任务任务线程池====
2020-08-27 19:28:08.434 INFO  [SpringContextShutdownHook]com.alibaba.druid.pool.DruidDataSource.close:2003 -{dataSource-1} closing ...
2020-08-27 19:28:08.437 INFO  [SpringContextShutdownHook]com.alibaba.druid.pool.DruidDataSource.close:2075 -{dataSource-1} closed
2020-08-27 19:30:18.477 INFO  [restartedMain]com.linq.AppRun.logStarting:55 -Starting AppRun on JaydeMacBook-Pro.local with PID 14542 (/Users/jay/Desktop/Vue项目集合/万邦课设/后端/linq/linq-web/target/classes started by jay in /Users/jay/Desktop/Vue项目集合/万邦课设/后端/linq)
2020-08-27 19:30:18.480 INFO  [restartedMain]com.linq.AppRun.logStartupProfileInfo:655 -The following profiles are active: druid,linq
2020-08-27 19:30:21.407 INFO  [restartedMain]org.apache.coyote.http11.Http11NioProtocol.log:173 -Initializing ProtocolHandler ["http-nio-8080"]
2020-08-27 19:30:21.410 INFO  [restartedMain]org.apache.catalina.core.StandardService.log:173 -Starting service [Tomcat]
2020-08-27 19:30:21.411 INFO  [restartedMain]org.apache.catalina.core.StandardEngine.log:173 -Starting Servlet engine: [Apache Tomcat/9.0.35]
2020-08-27 19:30:21.498 INFO  [restartedMain]o.a.catalina.core.ContainerBase.[Tomcat].[localhost].[/].log:173 -Initializing Spring embedded WebApplicationContext
2020-08-27 19:30:22.459 INFO  [restartedMain]c.a.d.s.boot.autoconfigure.DruidDataSourceAutoConfigure.dataSource:56 -Init DruidDataSource
2020-08-27 19:30:23.071 INFO  [restartedMain]com.alibaba.druid.pool.DruidDataSource.init:1010 -{dataSource-1} inited
2020-08-27 19:30:24.321 INFO  [restartedMain]s.d.s.web.PropertySourcedRequestMappingHandlerMapping.initHandlerMethods:69 -Mapped URL path [/v2/api-docs] onto method [springfox.documentation.swagger2.web.Swagger2Controller#getDocumentation(String, HttpServletRequest)]
2020-08-27 19:30:25.061 INFO  [restartedMain]org.apache.coyote.http11.Http11NioProtocol.log:173 -Starting ProtocolHandler ["http-nio-8080"]
2020-08-27 19:30:25.094 INFO  [restartedMain]s.d.spring.web.plugins.DocumentationPluginsBootstrapper.start:160 -Context refreshed
2020-08-27 19:30:25.103 INFO  [restartedMain]s.d.spring.web.plugins.DocumentationPluginsBootstrapper.start:163 -Found 1 custom documentation plugin(s)
2020-08-27 19:30:25.309 INFO  [restartedMain]s.d.spring.web.scanners.ApiListingReferenceScanner.scan:41 -Scanning for api listing references
2020-08-27 19:30:25.481 INFO  [restartedMain]s.d.s.w.readers.operation.CachingOperationNameGenerator.startingWith:40 -Generating unique operation named: getInfoUsingGET_1
2020-08-27 19:30:25.588 INFO  [restartedMain]com.linq.AppRun.logStarted:61 -Started AppRun in 7.93 seconds (JVM running for 8.47)
2020-08-27 19:30:38.378 INFO  [http-nio-8080-exec-1]o.a.catalina.core.ContainerBase.[Tomcat].[localhost].[/].log:173 -Initializing Spring DispatcherServlet 'dispatcherServlet'
2020-08-27 19:30:42.296 INFO  [schedule-pool-1]com.linq.framework.manager.factory.AsyncFactory.run:66 -[127.0.0.1] 本机地址[admin][Success][登录成功]
2020-08-27 19:31:34.060 INFO  [SpringContextShutdownHook]com.linq.framework.manager.ShutdownManager.shutdownAsyncManager:25 -====关闭后台任务任务线程池====
2020-08-27 19:31:34.061 INFO  [SpringContextShutdownHook]com.alibaba.druid.pool.DruidDataSource.close:2003 -{dataSource-1} closing ...
2020-08-27 19:31:34.066 INFO  [SpringContextShutdownHook]com.alibaba.druid.pool.DruidDataSource.close:2075 -{dataSource-1} closed
2020-08-27 19:34:31.183 INFO  [restartedMain]com.linq.AppRun.logStarting:55 -Starting AppRun on JaydeMacBook-Pro.local with PID 14591 (/Users/jay/Desktop/Vue项目集合/万邦课设/后端/linq/linq-web/target/classes started by jay in /Users/jay/Desktop/Vue项目集合/万邦课设/后端/linq)
2020-08-27 19:34:31.187 INFO  [restartedMain]com.linq.AppRun.logStartupProfileInfo:655 -The following profiles are active: druid,linq
2020-08-27 19:34:33.716 INFO  [restartedMain]org.apache.coyote.http11.Http11NioProtocol.log:173 -Initializing ProtocolHandler ["http-nio-8080"]
2020-08-27 19:34:33.717 INFO  [restartedMain]org.apache.catalina.core.StandardService.log:173 -Starting service [Tomcat]
2020-08-27 19:34:33.717 INFO  [restartedMain]org.apache.catalina.core.StandardEngine.log:173 -Starting Servlet engine: [Apache Tomcat/9.0.35]
2020-08-27 19:34:33.809 INFO  [restartedMain]o.a.catalina.core.ContainerBase.[Tomcat].[localhost].[/].log:173 -Initializing Spring embedded WebApplicationContext
2020-08-27 19:34:34.548 INFO  [restartedMain]c.a.d.s.boot.autoconfigure.DruidDataSourceAutoConfigure.dataSource:56 -Init DruidDataSource
2020-08-27 19:34:35.040 INFO  [restartedMain]com.alibaba.druid.pool.DruidDataSource.init:1010 -{dataSource-1} inited
2020-08-27 19:34:36.791 INFO  [restartedMain]s.d.s.web.PropertySourcedRequestMappingHandlerMapping.initHandlerMethods:69 -Mapped URL path [/v2/api-docs] onto method [springfox.documentation.swagger2.web.Swagger2Controller#getDocumentation(String, HttpServletRequest)]
2020-08-27 19:34:38.688 INFO  [restartedMain]org.apache.coyote.http11.Http11NioProtocol.log:173 -Starting ProtocolHandler ["http-nio-8080"]
2020-08-27 19:34:38.750 INFO  [restartedMain]s.d.spring.web.plugins.DocumentationPluginsBootstrapper.start:160 -Context refreshed
2020-08-27 19:34:38.767 INFO  [restartedMain]s.d.spring.web.plugins.DocumentationPluginsBootstrapper.start:163 -Found 1 custom documentation plugin(s)
2020-08-27 19:34:39.034 INFO  [restartedMain]s.d.spring.web.scanners.ApiListingReferenceScanner.scan:41 -Scanning for api listing references
2020-08-27 19:34:39.313 INFO  [restartedMain]s.d.s.w.readers.operation.CachingOperationNameGenerator.startingWith:40 -Generating unique operation named: getInfoUsingGET_1
2020-08-27 19:34:39.537 INFO  [restartedMain]com.linq.AppRun.logStarted:61 -Started AppRun in 9.215 seconds (JVM running for 10.096)
2020-08-27 19:34:42.061 INFO  [http-nio-8080-exec-1]o.a.catalina.core.ContainerBase.[Tomcat].[localhost].[/].log:173 -Initializing Spring DispatcherServlet 'dispatcherServlet'
2020-08-27 19:37:11.822 INFO  [SpringContextShutdownHook]com.linq.framework.manager.ShutdownManager.shutdownAsyncManager:25 -====关闭后台任务任务线程池====
2020-08-27 19:37:11.824 INFO  [SpringContextShutdownHook]com.alibaba.druid.pool.DruidDataSource.close:2003 -{dataSource-1} closing ...
2020-08-27 19:37:11.830 INFO  [SpringContextShutdownHook]com.alibaba.druid.pool.DruidDataSource.close:2075 -{dataSource-1} closed
2020-08-27 19:49:53.824 INFO  [restartedMain]com.linq.AppRun.logStarting:55 -Starting AppRun on JaydeMacBook-Pro.local with PID 14727 (/Users/jay/Desktop/Vue项目集合/万邦课设/后端/linq/linq-web/target/classes started by jay in /Users/jay/Desktop/Vue项目集合/万邦课设/后端/linq)
2020-08-27 19:49:53.829 INFO  [restartedMain]com.linq.AppRun.logStartupProfileInfo:655 -The following profiles are active: druid,linq
2020-08-27 19:49:56.109 INFO  [restartedMain]org.apache.coyote.http11.Http11NioProtocol.log:173 -Initializing ProtocolHandler ["http-nio-8080"]
2020-08-27 19:49:56.110 INFO  [restartedMain]org.apache.catalina.core.StandardService.log:173 -Starting service [Tomcat]
2020-08-27 19:49:56.110 INFO  [restartedMain]org.apache.catalina.core.StandardEngine.log:173 -Starting Servlet engine: [Apache Tomcat/9.0.35]
2020-08-27 19:49:56.161 INFO  [restartedMain]o.a.catalina.core.ContainerBase.[Tomcat].[localhost].[/].log:173 -Initializing Spring embedded WebApplicationContext
2020-08-27 19:49:56.642 INFO  [restartedMain]c.a.d.s.boot.autoconfigure.DruidDataSourceAutoConfigure.dataSource:56 -Init DruidDataSource
2020-08-27 19:49:56.979 INFO  [restartedMain]com.alibaba.druid.pool.DruidDataSource.init:1010 -{dataSource-1} inited
2020-08-27 19:49:58.045 INFO  [restartedMain]s.d.s.web.PropertySourcedRequestMappingHandlerMapping.initHandlerMethods:69 -Mapped URL path [/v2/api-docs] onto method [springfox.documentation.swagger2.web.Swagger2Controller#getDocumentation(String, HttpServletRequest)]
2020-08-27 19:49:58.887 INFO  [restartedMain]org.apache.coyote.http11.Http11NioProtocol.log:173 -Starting ProtocolHandler ["http-nio-8080"]
2020-08-27 19:49:58.923 INFO  [restartedMain]s.d.spring.web.plugins.DocumentationPluginsBootstrapper.start:160 -Context refreshed
2020-08-27 19:49:58.934 INFO  [restartedMain]s.d.spring.web.plugins.DocumentationPluginsBootstrapper.start:163 -Found 1 custom documentation plugin(s)
2020-08-27 19:49:59.138 INFO  [restartedMain]s.d.spring.web.scanners.ApiListingReferenceScanner.scan:41 -Scanning for api listing references
2020-08-27 19:49:59.358 INFO  [restartedMain]s.d.s.w.readers.operation.CachingOperationNameGenerator.startingWith:40 -Generating unique operation named: getInfoUsingGET_1
2020-08-27 19:49:59.436 INFO  [restartedMain]com.linq.AppRun.logStarted:61 -Started AppRun in 6.296 seconds (JVM running for 6.939)
2020-08-27 19:50:14.430 INFO  [http-nio-8080-exec-1]o.a.catalina.core.ContainerBase.[Tomcat].[localhost].[/].log:173 -Initializing Spring DispatcherServlet 'dispatcherServlet'
2020-08-27 19:50:19.405 INFO  [schedule-pool-1]com.linq.framework.manager.factory.AsyncFactory.run:66 -[127.0.0.1] 本机地址[admin][Success][登录成功]
2020-08-27 20:02:30.715 INFO  [SpringContextShutdownHook]com.linq.framework.manager.ShutdownManager.shutdownAsyncManager:25 -====关闭后台任务任务线程池====
2020-08-27 20:02:30.716 INFO  [SpringContextShutdownHook]com.alibaba.druid.pool.DruidDataSource.close:2003 -{dataSource-1} closing ...
2020-08-27 20:02:30.720 INFO  [SpringContextShutdownHook]com.alibaba.druid.pool.DruidDataSource.close:2075 -{dataSource-1} closed
2020-08-27 20:21:25.105 INFO  [restartedMain]com.linq.AppRun.logStarting:55 -Starting AppRun on JaydeMacBook-Pro.local with PID 14975 (/Users/jay/Desktop/Vue项目集合/万邦课设/后端/linq/linq-web/target/classes started by jay in /Users/jay/Desktop/Vue项目集合/万邦课设/后端/linq)
2020-08-27 20:21:25.108 INFO  [restartedMain]com.linq.AppRun.logStartupProfileInfo:655 -The following profiles are active: druid,linq
2020-08-27 20:21:27.193 INFO  [restartedMain]org.apache.coyote.http11.Http11NioProtocol.log:173 -Initializing ProtocolHandler ["http-nio-8080"]
2020-08-27 20:21:27.194 INFO  [restartedMain]org.apache.catalina.core.StandardService.log:173 -Starting service [Tomcat]
2020-08-27 20:21:27.194 INFO  [restartedMain]org.apache.catalina.core.StandardEngine.log:173 -Starting Servlet engine: [Apache Tomcat/9.0.35]
2020-08-27 20:21:27.249 INFO  [restartedMain]o.a.catalina.core.ContainerBase.[Tomcat].[localhost].[/].log:173 -Initializing Spring embedded WebApplicationContext
2020-08-27 20:21:27.798 INFO  [restartedMain]c.a.d.s.boot.autoconfigure.DruidDataSourceAutoConfigure.dataSource:56 -Init DruidDataSource
2020-08-27 20:21:28.332 INFO  [restartedMain]com.alibaba.druid.pool.DruidDataSource.init:1010 -{dataSource-1} inited
2020-08-27 20:21:31.161 INFO  [restartedMain]s.d.s.web.PropertySourcedRequestMappingHandlerMapping.initHandlerMethods:69 -Mapped URL path [/v2/api-docs] onto method [springfox.documentation.swagger2.web.Swagger2Controller#getDocumentation(String, HttpServletRequest)]
2020-08-27 20:21:32.371 INFO  [restartedMain]org.apache.coyote.http11.Http11NioProtocol.log:173 -Starting ProtocolHandler ["http-nio-8080"]
2020-08-27 20:21:32.413 INFO  [restartedMain]s.d.spring.web.plugins.DocumentationPluginsBootstrapper.start:160 -Context refreshed
2020-08-27 20:21:32.580 INFO  [restartedMain]s.d.spring.web.plugins.DocumentationPluginsBootstrapper.start:163 -Found 1 custom documentation plugin(s)
2020-08-27 20:21:32.621 INFO  [restartedMain]s.d.spring.web.scanners.ApiListingReferenceScanner.scan:41 -Scanning for api listing references
2020-08-27 20:21:32.739 INFO  [restartedMain]s.d.s.w.readers.operation.CachingOperationNameGenerator.startingWith:40 -Generating unique operation named: getInfoUsingGET_1
2020-08-27 20:21:32.806 INFO  [restartedMain]com.linq.AppRun.logStarted:61 -Started AppRun in 8.571 seconds (JVM running for 9.365)
2020-08-27 20:22:40.672 INFO  [http-nio-8080-exec-1]o.a.catalina.core.ContainerBase.[Tomcat].[localhost].[/].log:173 -Initializing Spring DispatcherServlet 'dispatcherServlet'
2020-08-27 20:22:47.278 INFO  [schedule-pool-1]com.linq.framework.manager.factory.AsyncFactory.run:66 -[127.0.0.1] 本机地址[admin][Success][登录成功]
2020-08-27 20:24:28.815 INFO  [http-nio-8080-exec-22]com.linq.common.config.mp.MetaHandler.insertFill:24 -正在调用该insert填充字段方法
2020-08-27 20:24:28.816 INFO  [http-nio-8080-exec-22]com.linq.common.config.mp.MetaHandler.insertFill:41 -调用该insert填充字段方法结束
2020-08-27 20:25:36.249 INFO  [SpringContextShutdownHook]com.linq.framework.manager.ShutdownManager.shutdownAsyncManager:25 -====关闭后台任务任务线程池====
2020-08-27 20:25:36.250 INFO  [SpringContextShutdownHook]com.alibaba.druid.pool.DruidDataSource.close:2003 -{dataSource-1} closing ...
2020-08-27 20:25:36.256 INFO  [SpringContextShutdownHook]com.alibaba.druid.pool.DruidDataSource.close:2075 -{dataSource-1} closed
2020-08-27 20:26:51.993 INFO  [restartedMain]com.linq.AppRun.logStarting:55 -Starting AppRun on JaydeMacBook-Pro.local with PID 15054 (/Users/jay/Desktop/Vue项目集合/万邦课设/后端/linq/linq-web/target/classes started by jay in /Users/jay/Desktop/Vue项目集合/万邦课设/后端/linq)
2020-08-27 20:26:51.998 INFO  [restartedMain]com.linq.AppRun.logStartupProfileInfo:655 -The following profiles are active: druid,linq
2020-08-27 20:26:55.700 INFO  [restartedMain]org.apache.coyote.http11.Http11NioProtocol.log:173 -Initializing ProtocolHandler ["http-nio-8080"]
2020-08-27 20:26:55.701 INFO  [restartedMain]org.apache.catalina.core.StandardService.log:173 -Starting service [Tomcat]
2020-08-27 20:26:55.701 INFO  [restartedMain]org.apache.catalina.core.StandardEngine.log:173 -Starting Servlet engine: [Apache Tomcat/9.0.35]
2020-08-27 20:26:55.753 INFO  [restartedMain]o.a.catalina.core.ContainerBase.[Tomcat].[localhost].[/].log:173 -Initializing Spring embedded WebApplicationContext
2020-08-27 20:26:56.235 INFO  [restartedMain]c.a.d.s.boot.autoconfigure.DruidDataSourceAutoConfigure.dataSource:56 -Init DruidDataSource
2020-08-27 20:26:56.592 INFO  [restartedMain]com.alibaba.druid.pool.DruidDataSource.init:1010 -{dataSource-1} inited
2020-08-27 20:26:57.599 INFO  [restartedMain]s.d.s.web.PropertySourcedRequestMappingHandlerMapping.initHandlerMethods:69 -Mapped URL path [/v2/api-docs] onto method [springfox.documentation.swagger2.web.Swagger2Controller#getDocumentation(String, HttpServletRequest)]
2020-08-27 20:26:58.316 INFO  [restartedMain]org.apache.coyote.http11.Http11NioProtocol.log:173 -Starting ProtocolHandler ["http-nio-8080"]
2020-08-27 20:26:58.349 INFO  [restartedMain]s.d.spring.web.plugins.DocumentationPluginsBootstrapper.start:160 -Context refreshed
2020-08-27 20:26:58.358 INFO  [restartedMain]s.d.spring.web.plugins.DocumentationPluginsBootstrapper.start:163 -Found 1 custom documentation plugin(s)
2020-08-27 20:26:58.569 INFO  [restartedMain]s.d.spring.web.scanners.ApiListingReferenceScanner.scan:41 -Scanning for api listing references
2020-08-27 20:26:58.704 INFO  [restartedMain]s.d.s.w.readers.operation.CachingOperationNameGenerator.startingWith:40 -Generating unique operation named: getInfoUsingGET_1
2020-08-27 20:26:58.767 INFO  [restartedMain]com.linq.AppRun.logStarted:61 -Started AppRun in 7.893 seconds (JVM running for 8.971)
2020-08-27 20:27:02.621 INFO  [http-nio-8080-exec-1]o.a.catalina.core.ContainerBase.[Tomcat].[localhost].[/].log:173 -Initializing Spring DispatcherServlet 'dispatcherServlet'
2020-08-27 20:27:38.219 INFO  [schedule-pool-1]com.linq.framework.manager.factory.AsyncFactory.run:66 -[127.0.0.1] 本机地址[admin][Success][登录成功]
2020-08-27 20:29:56.458 INFO  [http-nio-8080-exec-23]com.linq.common.config.mp.MetaHandler.insertFill:24 -正在调用该insert填充字段方法
2020-08-27 20:29:56.459 INFO  [http-nio-8080-exec-23]com.linq.common.config.mp.MetaHandler.insertFill:41 -调用该insert填充字段方法结束
2020-08-27 20:30:24.476 INFO  [http-nio-8080-exec-2]com.linq.common.config.mp.MetaHandler.updateFill:47 -正在调用该update填充字段方法
2020-08-27 20:30:24.476 INFO  [http-nio-8080-exec-2]com.linq.common.config.mp.MetaHandler.updateFill:50 -调用该update填充字段方法结束
2020-08-27 20:31:02.787 INFO  [schedule-pool-1]com.linq.framework.manager.factory.AsyncFactory.run:66 -[172.16.18.58] 局域网[110][Success][登录成功]
2020-08-27 20:40:12.775 INFO  [http-nio-8080-exec-24]com.linq.common.config.mp.MetaHandler.insertFill:24 -正在调用该insert填充字段方法
2020-08-27 20:40:12.775 INFO  [http-nio-8080-exec-24]com.linq.common.config.mp.MetaHandler.insertFill:41 -调用该insert填充字段方法结束
2020-08-27 20:40:55.946 INFO  [http-nio-8080-exec-21]com.linq.common.config.mp.MetaHandler.insertFill:24 -正在调用该insert填充字段方法
2020-08-27 20:40:55.947 INFO  [http-nio-8080-exec-21]com.linq.common.config.mp.MetaHandler.insertFill:41 -调用该insert填充字段方法结束
2020-08-27 20:41:25.489 INFO  [http-nio-8080-exec-24]com.linq.common.config.mp.MetaHandler.insertFill:24 -正在调用该insert填充字段方法
2020-08-27 20:41:25.490 INFO  [http-nio-8080-exec-24]com.linq.common.config.mp.MetaHandler.insertFill:41 -调用该insert填充字段方法结束
2020-08-27 20:41:32.919 INFO  [http-nio-8080-exec-28]com.linq.common.config.mp.MetaHandler.updateFill:47 -正在调用该update填充字段方法
2020-08-27 20:41:32.919 INFO  [http-nio-8080-exec-28]com.linq.common.config.mp.MetaHandler.updateFill:50 -调用该update填充字段方法结束
2020-08-27 20:41:50.974 INFO  [http-nio-8080-exec-2]com.linq.common.config.mp.MetaHandler.insertFill:24 -正在调用该insert填充字段方法
2020-08-27 20:41:50.975 INFO  [http-nio-8080-exec-2]com.linq.common.config.mp.MetaHandler.insertFill:41 -调用该insert填充字段方法结束
2020-08-27 20:42:13.450 INFO  [http-nio-8080-exec-4]com.linq.common.config.mp.MetaHandler.insertFill:24 -正在调用该insert填充字段方法
2020-08-27 20:42:13.451 INFO  [http-nio-8080-exec-4]com.linq.common.config.mp.MetaHandler.insertFill:41 -调用该insert填充字段方法结束
2020-08-27 20:42:39.253 INFO  [http-nio-8080-exec-7]com.linq.common.config.mp.MetaHandler.insertFill:24 -正在调用该insert填充字段方法
2020-08-27 20:42:39.254 INFO  [http-nio-8080-exec-7]com.linq.common.config.mp.MetaHandler.insertFill:41 -调用该insert填充字段方法结束
2020-08-27 20:44:12.624 INFO  [http-nio-8080-exec-12]com.linq.common.config.mp.MetaHandler.insertFill:24 -正在调用该insert填充字段方法
2020-08-27 20:44:12.624 INFO  [http-nio-8080-exec-12]com.linq.common.config.mp.MetaHandler.insertFill:41 -调用该insert填充字段方法结束
2020-08-27 20:44:26.989 INFO  [http-nio-8080-exec-18]com.linq.common.config.mp.MetaHandler.insertFill:24 -正在调用该insert填充字段方法
2020-08-27 20:44:26.990 INFO  [http-nio-8080-exec-18]com.linq.common.config.mp.MetaHandler.insertFill:41 -调用该insert填充字段方法结束
2020-08-27 20:44:51.523 INFO  [http-nio-8080-exec-21]com.linq.common.config.mp.MetaHandler.insertFill:24 -正在调用该insert填充字段方法
2020-08-27 20:44:51.525 INFO  [http-nio-8080-exec-21]com.linq.common.config.mp.MetaHandler.insertFill:41 -调用该insert填充字段方法结束
2020-08-27 20:45:11.809 INFO  [http-nio-8080-exec-24]com.linq.common.config.mp.MetaHandler.insertFill:24 -正在调用该insert填充字段方法
2020-08-27 20:45:11.810 INFO  [http-nio-8080-exec-24]com.linq.common.config.mp.MetaHandler.insertFill:41 -调用该insert填充字段方法结束
2020-08-27 20:45:35.947 INFO  [http-nio-8080-exec-26]com.linq.common.config.mp.MetaHandler.insertFill:24 -正在调用该insert填充字段方法
2020-08-27 20:45:35.947 INFO  [http-nio-8080-exec-26]com.linq.common.config.mp.MetaHandler.insertFill:41 -调用该insert填充字段方法结束
2020-08-27 20:45:52.883 INFO  [http-nio-8080-exec-30]com.linq.common.config.mp.MetaHandler.insertFill:24 -正在调用该insert填充字段方法
2020-08-27 20:45:52.883 INFO  [http-nio-8080-exec-30]com.linq.common.config.mp.MetaHandler.insertFill:41 -调用该insert填充字段方法结束
2020-08-27 20:46:04.419 INFO  [http-nio-8080-exec-4]com.linq.common.config.mp.MetaHandler.updateFill:47 -正在调用该update填充字段方法
2020-08-27 20:46:04.420 INFO  [http-nio-8080-exec-4]com.linq.common.config.mp.MetaHandler.updateFill:50 -调用该update填充字段方法结束
2020-08-27 20:46:21.662 INFO  [http-nio-8080-exec-7]com.linq.common.config.mp.MetaHandler.insertFill:24 -正在调用该insert填充字段方法
2020-08-27 20:46:21.662 INFO  [http-nio-8080-exec-7]com.linq.common.config.mp.MetaHandler.insertFill:41 -调用该insert填充字段方法结束
2020-08-27 20:46:38.270 INFO  [http-nio-8080-exec-13]com.linq.common.config.mp.MetaHandler.insertFill:24 -正在调用该insert填充字段方法
2020-08-27 20:46:38.271 INFO  [http-nio-8080-exec-13]com.linq.common.config.mp.MetaHandler.insertFill:41 -调用该insert填充字段方法结束
2020-08-27 20:47:02.485 INFO  [http-nio-8080-exec-9]com.linq.common.config.mp.MetaHandler.insertFill:24 -正在调用该insert填充字段方法
2020-08-27 20:47:02.486 INFO  [http-nio-8080-exec-9]com.linq.common.config.mp.MetaHandler.insertFill:41 -调用该insert填充字段方法结束
2020-08-27 20:47:22.781 INFO  [http-nio-8080-exec-15]com.linq.common.config.mp.MetaHandler.insertFill:24 -正在调用该insert填充字段方法
2020-08-27 20:47:22.782 INFO  [http-nio-8080-exec-15]com.linq.common.config.mp.MetaHandler.insertFill:41 -调用该insert填充字段方法结束
2020-08-27 20:47:40.697 INFO  [http-nio-8080-exec-20]com.linq.common.config.mp.MetaHandler.insertFill:24 -正在调用该insert填充字段方法
2020-08-27 20:47:40.698 INFO  [http-nio-8080-exec-20]com.linq.common.config.mp.MetaHandler.insertFill:41 -调用该insert填充字段方法结束
2020-08-27 20:47:54.401 INFO  [http-nio-8080-exec-22]com.linq.common.config.mp.MetaHandler.insertFill:24 -正在调用该insert填充字段方法
2020-08-27 20:47:54.402 INFO  [http-nio-8080-exec-22]com.linq.common.config.mp.MetaHandler.insertFill:41 -调用该insert填充字段方法结束
2020-08-27 20:48:40.084 INFO  [http-nio-8080-exec-27]com.linq.common.config.mp.MetaHandler.insertFill:24 -正在调用该insert填充字段方法
2020-08-27 20:48:40.085 INFO  [http-nio-8080-exec-27]com.linq.common.config.mp.MetaHandler.insertFill:41 -调用该insert填充字段方法结束
2020-08-27 20:49:00.351 INFO  [http-nio-8080-exec-29]com.linq.common.config.mp.MetaHandler.insertFill:24 -正在调用该insert填充字段方法
2020-08-27 20:49:00.352 INFO  [http-nio-8080-exec-29]com.linq.common.config.mp.MetaHandler.insertFill:41 -调用该insert填充字段方法结束
2020-08-27 20:49:30.135 INFO  [http-nio-8080-exec-1]com.linq.common.config.mp.MetaHandler.insertFill:24 -正在调用该insert填充字段方法
2020-08-27 20:49:30.136 INFO  [http-nio-8080-exec-1]com.linq.common.config.mp.MetaHandler.insertFill:41 -调用该insert填充字段方法结束
2020-08-27 20:49:47.903 INFO  [http-nio-8080-exec-6]com.linq.common.config.mp.MetaHandler.insertFill:24 -正在调用该insert填充字段方法
2020-08-27 20:49:47.904 INFO  [http-nio-8080-exec-6]com.linq.common.config.mp.MetaHandler.insertFill:41 -调用该insert填充字段方法结束
2020-08-27 20:54:56.729 INFO  [http-nio-8080-exec-5]com.linq.common.config.mp.MetaHandler.updateFill:47 -正在调用该update填充字段方法
2020-08-27 20:54:56.729 INFO  [http-nio-8080-exec-5]com.linq.common.config.mp.MetaHandler.updateFill:50 -调用该update填充字段方法结束
2020-08-27 21:06:11.889 INFO  [SpringContextShutdownHook]com.linq.framework.manager.ShutdownManager.shutdownAsyncManager:25 -====关闭后台任务任务线程池====
2020-08-27 21:06:11.890 INFO  [SpringContextShutdownHook]com.alibaba.druid.pool.DruidDataSource.close:2003 -{dataSource-1} closing ...
2020-08-27 21:06:11.893 INFO  [SpringContextShutdownHook]com.alibaba.druid.pool.DruidDataSource.close:2075 -{dataSource-1} closed
2020-08-27 22:06:46.618 INFO  [restartedMain]com.linq.AppRun.logStarting:55 -Starting AppRun on JaydeMacBook-Pro.local with PID 15820 (/Users/jay/Desktop/Vue项目集合/万邦课设/后端/linq/linq-web/target/classes started by jay in /Users/jay/Desktop/Vue项目集合/万邦课设/后端/linq)
2020-08-27 22:06:46.622 INFO  [restartedMain]com.linq.AppRun.logStartupProfileInfo:655 -The following profiles are active: druid,linq
2020-08-27 22:06:48.638 INFO  [restartedMain]org.apache.coyote.http11.Http11NioProtocol.log:173 -Initializing ProtocolHandler ["http-nio-8080"]
2020-08-27 22:06:48.639 INFO  [restartedMain]org.apache.catalina.core.StandardService.log:173 -Starting service [Tomcat]
2020-08-27 22:06:48.640 INFO  [restartedMain]org.apache.catalina.core.StandardEngine.log:173 -Starting Servlet engine: [Apache Tomcat/9.0.35]
2020-08-27 22:06:48.708 INFO  [restartedMain]o.a.catalina.core.ContainerBase.[Tomcat].[localhost].[/].log:173 -Initializing Spring embedded WebApplicationContext
2020-08-27 22:06:49.235 INFO  [restartedMain]c.a.d.s.boot.autoconfigure.DruidDataSourceAutoConfigure.dataSource:56 -Init DruidDataSource
2020-08-27 22:06:49.648 INFO  [restartedMain]com.alibaba.druid.pool.DruidDataSource.init:1010 -{dataSource-1} inited
2020-08-27 22:06:50.791 INFO  [restartedMain]s.d.s.web.PropertySourcedRequestMappingHandlerMapping.initHandlerMethods:69 -Mapped URL path [/v2/api-docs] onto method [springfox.documentation.swagger2.web.Swagger2Controller#getDocumentation(String, HttpServletRequest)]
2020-08-27 22:06:51.495 INFO  [restartedMain]org.apache.coyote.http11.Http11NioProtocol.log:173 -Starting ProtocolHandler ["http-nio-8080"]
2020-08-27 22:06:51.670 INFO  [restartedMain]s.d.spring.web.plugins.DocumentationPluginsBootstrapper.start:160 -Context refreshed
2020-08-27 22:06:51.680 INFO  [restartedMain]s.d.spring.web.plugins.DocumentationPluginsBootstrapper.start:163 -Found 1 custom documentation plugin(s)
2020-08-27 22:06:51.725 INFO  [restartedMain]s.d.spring.web.scanners.ApiListingReferenceScanner.scan:41 -Scanning for api listing references
2020-08-27 22:06:51.856 INFO  [restartedMain]s.d.s.w.readers.operation.CachingOperationNameGenerator.startingWith:40 -Generating unique operation named: getInfoUsingGET_1
2020-08-27 22:06:51.910 INFO  [restartedMain]com.linq.AppRun.logStarted:61 -Started AppRun in 5.789 seconds (JVM running for 6.481)
2020-08-27 22:07:31.927 INFO  [http-nio-8080-exec-1]o.a.catalina.core.ContainerBase.[Tomcat].[localhost].[/].log:173 -Initializing Spring DispatcherServlet 'dispatcherServlet'
2020-08-27 22:07:38.519 INFO  [schedule-pool-1]com.linq.framework.manager.factory.AsyncFactory.run:66 -[172.16.18.58] 局域网[admin][Success][登录成功]
