2020-08-29 08:46:39.663 WARN  [restartedMain]o.s.b.w.s.c.AnnotationConfigServletWebServerApplicationContext.refresh:558 -Exception encountered during context initialization - cancelling refresh attempt: org.springframework.beans.factory.UnsatisfiedDependencyException: Error creating bean with name 'sysLogininfoController': Unsatisfied dependency expressed through field 'logininforService'; nested exception is org.springframework.beans.factory.UnsatisfiedDependencyException: Error creating bean with name 'sysLogininforServiceImpl': Unsatisfied dependency expressed through field 'baseMapper'; nested exception is org.springframework.beans.factory.UnsatisfiedDependencyException: Error creating bean with name 'sysLogininforMapper' defined in file [/Users/jay/Desktop/Vue项目集合/万邦课设/后端/linq/linq-system/target/classes/com/linq/system/mapper/SysLogininforMapper.class]: Unsatisfied dependency expressed through bean property 'sqlSessionFactory'; nested exception is org.springframework.beans.factory.UnsatisfiedDependencyException: Error creating bean with name 'sqlSessionFactory' defined in class path resource [com/baomidou/mybatisplus/autoconfigure/MybatisPlusAutoConfiguration.class]: Unsatisfied dependency expressed through method 'sqlSessionFactory' parameter 0; nested exception is org.springframework.beans.factory.BeanCreationException: Error creating bean with name 'dataSource' defined in class path resource [com/alibaba/druid/spring/boot/autoconfigure/DruidDataSourceAutoConfigure.class]: Invocation of init method failed; nested exception is java.sql.SQLSyntaxErrorException: Unknown database 'linq_news'
2020-08-29 08:46:39.885 WARN  [restartedMain]org.springframework.boot.SpringApplication.handleRunFailure:819 -Unable to close ApplicationContext
org.springframework.beans.factory.BeanCreationException: Error creating bean with name 'springApplicationAdminRegistrar' defined in class path resource [org/springframework/boot/autoconfigure/admin/SpringApplicationAdminJmxAutoConfiguration.class]: BeanPostProcessor before instantiation of bean failed; nested exception is org.springframework.beans.factory.BeanCreationException: Error creating bean with name 'org.springframework.cache.annotation.ProxyCachingConfiguration': Initialization of bean failed; nested exception is org.springframework.beans.factory.NoSuchBeanDefinitionException: No bean named 'org.springframework.context.annotation.ConfigurationClassPostProcessor.importRegistry' available
	at org.springframework.beans.factory.support.AbstractAutowireCapableBeanFactory.createBean(AbstractAutowireCapableBeanFactory.java:512)
	at org.springframework.beans.factory.support.AbstractBeanFactory.lambda$doGetBean$0(AbstractBeanFactory.java:323)
	at org.springframework.beans.factory.support.DefaultSingletonBeanRegistry.getSingleton(DefaultSingletonBeanRegistry.java:226)
	at org.springframework.beans.factory.support.AbstractBeanFactory.doGetBean(AbstractBeanFactory.java:321)
	at org.springframework.beans.factory.support.AbstractBeanFactory.getBean(AbstractBeanFactory.java:207)
	at org.springframework.context.event.AbstractApplicationEventMulticaster.retrieveApplicationListeners(AbstractApplicationEventMulticaster.java:245)
	at org.springframework.context.event.AbstractApplicationEventMulticaster.getApplicationListeners(AbstractApplicationEventMulticaster.java:197)
	at org.springframework.context.event.SimpleApplicationEventMulticaster.multicastEvent(SimpleApplicationEventMulticaster.java:134)
	at org.springframework.context.support.AbstractApplicationContext.publishEvent(AbstractApplicationContext.java:403)
	at org.springframework.context.support.AbstractApplicationContext.publishEvent(AbstractApplicationContext.java:360)
	at org.springframework.boot.availability.AvailabilityChangeEvent.publish(AvailabilityChangeEvent.java:81)
	at org.springframework.boot.availability.AvailabilityChangeEvent.publish(AvailabilityChangeEvent.java:67)
	at org.springframework.boot.web.servlet.context.ServletWebServerApplicationContext.doClose(ServletWebServerApplicationContext.java:167)
	at org.springframework.context.support.AbstractApplicationContext.close(AbstractApplicationContext.java:978)
	at org.springframework.boot.SpringApplication.handleRunFailure(SpringApplication.java:814)
	at org.springframework.boot.SpringApplication.run(SpringApplication.java:325)
	at org.springframework.boot.SpringApplication.run(SpringApplication.java:1237)
	at org.springframework.boot.SpringApplication.run(SpringApplication.java:1226)
	at com.linq.AppRun.main(AppRun.java:9)
	at sun.reflect.NativeMethodAccessorImpl.invoke0(Native Method)
	at sun.reflect.NativeMethodAccessorImpl.invoke(NativeMethodAccessorImpl.java:62)
	at sun.reflect.DelegatingMethodAccessorImpl.invoke(DelegatingMethodAccessorImpl.java:43)
	at java.lang.reflect.Method.invoke(Method.java:498)
	at org.springframework.boot.devtools.restart.RestartLauncher.run(RestartLauncher.java:49)
Caused by: org.springframework.beans.factory.BeanCreationException: Error creating bean with name 'org.springframework.cache.annotation.ProxyCachingConfiguration': Initialization of bean failed; nested exception is org.springframework.beans.factory.NoSuchBeanDefinitionException: No bean named 'org.springframework.context.annotation.ConfigurationClassPostProcessor.importRegistry' available
	at org.springframework.beans.factory.support.AbstractAutowireCapableBeanFactory.doCreateBean(AbstractAutowireCapableBeanFactory.java:603)
	at org.springframework.beans.factory.support.AbstractAutowireCapableBeanFactory.createBean(AbstractAutowireCapableBeanFactory.java:517)
	at org.springframework.beans.factory.support.AbstractBeanFactory.lambda$doGetBean$0(AbstractBeanFactory.java:323)
	at org.springframework.beans.factory.support.DefaultSingletonBeanRegistry.getSingleton(DefaultSingletonBeanRegistry.java:226)
	at org.springframework.beans.factory.support.AbstractBeanFactory.doGetBean(AbstractBeanFactory.java:321)
	at org.springframework.beans.factory.support.AbstractBeanFactory.getBean(AbstractBeanFactory.java:202)
	at org.springframework.beans.factory.support.ConstructorResolver.instantiateUsingFactoryMethod(ConstructorResolver.java:409)
	at org.springframework.beans.factory.support.AbstractAutowireCapableBeanFactory.instantiateUsingFactoryMethod(AbstractAutowireCapableBeanFactory.java:1338)
	at org.springframework.beans.factory.support.AbstractAutowireCapableBeanFactory.createBeanInstance(AbstractAutowireCapableBeanFactory.java:1177)
	at org.springframework.beans.factory.support.AbstractAutowireCapableBeanFactory.doCreateBean(AbstractAutowireCapableBeanFactory.java:557)
	at org.springframework.beans.factory.support.AbstractAutowireCapableBeanFactory.createBean(AbstractAutowireCapableBeanFactory.java:517)
	at org.springframework.beans.factory.support.AbstractBeanFactory.lambda$doGetBean$0(AbstractBeanFactory.java:323)
	at org.springframework.beans.factory.support.DefaultSingletonBeanRegistry.getSingleton(DefaultSingletonBeanRegistry.java:226)
	at org.springframework.beans.factory.support.AbstractBeanFactory.doGetBean(AbstractBeanFactory.java:321)
	at org.springframework.beans.factory.support.AbstractBeanFactory.getBean(AbstractBeanFactory.java:207)
	at org.springframework.aop.framework.autoproxy.BeanFactoryAdvisorRetrievalHelper.findAdvisorBeans(BeanFactoryAdvisorRetrievalHelper.java:91)
	at org.springframework.aop.framework.autoproxy.AbstractAdvisorAutoProxyCreator.findCandidateAdvisors(AbstractAdvisorAutoProxyCreator.java:109)
	at org.springframework.aop.aspectj.annotation.AnnotationAwareAspectJAutoProxyCreator.findCandidateAdvisors(AnnotationAwareAspectJAutoProxyCreator.java:92)
	at org.springframework.aop.aspectj.autoproxy.AspectJAwareAdvisorAutoProxyCreator.shouldSkip(AspectJAwareAdvisorAutoProxyCreator.java:101)
	at org.springframework.aop.framework.autoproxy.AbstractAutoProxyCreator.postProcessBeforeInstantiation(AbstractAutoProxyCreator.java:251)
	at org.springframework.beans.factory.support.AbstractAutowireCapableBeanFactory.applyBeanPostProcessorsBeforeInstantiation(AbstractAutowireCapableBeanFactory.java:1141)
	at org.springframework.beans.factory.support.AbstractAutowireCapableBeanFactory.resolveBeforeInstantiation(AbstractAutowireCapableBeanFactory.java:1114)
	at org.springframework.beans.factory.support.AbstractAutowireCapableBeanFactory.createBean(AbstractAutowireCapableBeanFactory.java:506)
	... 23 common frames omitted
Caused by: org.springframework.beans.factory.NoSuchBeanDefinitionException: No bean named 'org.springframework.context.annotation.ConfigurationClassPostProcessor.importRegistry' available
	at org.springframework.beans.factory.support.DefaultListableBeanFactory.getBeanDefinition(DefaultListableBeanFactory.java:814)
	at org.springframework.beans.factory.support.AbstractBeanFactory.getMergedLocalBeanDefinition(AbstractBeanFactory.java:1282)
	at org.springframework.beans.factory.support.AbstractBeanFactory.doGetBean(AbstractBeanFactory.java:297)
	at org.springframework.beans.factory.support.AbstractBeanFactory.getBean(AbstractBeanFactory.java:207)
	at org.springframework.context.annotation.ConfigurationClassPostProcessor$ImportAwareBeanPostProcessor.postProcessBeforeInitialization(ConfigurationClassPostProcessor.java:456)
	at org.springframework.beans.factory.support.AbstractAutowireCapableBeanFactory.applyBeanPostProcessorsBeforeInitialization(AbstractAutowireCapableBeanFactory.java:416)
	at org.springframework.beans.factory.support.AbstractAutowireCapableBeanFactory.initializeBean(AbstractAutowireCapableBeanFactory.java:1788)
	at org.springframework.beans.factory.support.AbstractAutowireCapableBeanFactory.doCreateBean(AbstractAutowireCapableBeanFactory.java:595)
	... 45 common frames omitted
2020-08-29 08:48:44.505 WARN  [restartedMain]o.s.boot.devtools.autoconfigure.OptionalLiveReloadServer.startServer:61 -Unable to start LiveReload server
2020-08-29 08:53:14.837 WARN  [restartedMain]o.s.boot.devtools.autoconfigure.OptionalLiveReloadServer.startServer:61 -Unable to start LiveReload server
2020-08-29 09:40:28.393 WARN  [http-nio-9000-exec-14]o.s.w.s.m.m.annotation.ExceptionHandlerExceptionResolver.logException:199 -Resolved [org.mybatis.spring.MyBatisSystemException: nested exception is org.apache.ibatis.exceptions.PersistenceException: 
### Error querying database.  Cause: com.baomidou.mybatisplus.core.exceptions.MybatisPlusException: Error: Method queryTotal execution error of sql : 
 SELECT COUNT(1) FROM ( select
         
        
        news_type_id, news_type_name, `status`, del_flag, create_by, create_time, update_by,
        update_time, remark
     
        from linq_news_type
     
        where del_flag = '0'
         WHERE  status = ? 
        order by news_type_id ) TOTAL 

### The error may exist in file [/Users/jay/Desktop/Vue项目集合/万邦课设/后端/linq/linq-news/target/classes/mapper/LinqNewsTypeMapper.xml]
### The error may involve defaultParameterMap
### The error occurred while setting parameters
### Cause: com.baomidou.mybatisplus.core.exceptions.MybatisPlusException: Error: Method queryTotal execution error of sql : 
 SELECT COUNT(1) FROM ( select
         
        
        news_type_id, news_type_name, `status`, del_flag, create_by, create_time, update_by,
        update_time, remark
     
        from linq_news_type
     
        where del_flag = '0'
         WHERE  status = ? 
        order by news_type_id ) TOTAL 
]
2020-08-29 09:41:09.366 WARN  [http-nio-9000-exec-28]o.s.w.s.m.m.annotation.ExceptionHandlerExceptionResolver.logException:199 -Resolved [org.mybatis.spring.MyBatisSystemException: nested exception is org.apache.ibatis.exceptions.PersistenceException: 
### Error querying database.  Cause: com.baomidou.mybatisplus.core.exceptions.MybatisPlusException: Error: Method queryTotal execution error of sql : 
 SELECT COUNT(1) FROM ( select
         
        
        news_type_id, news_type_name, `status`, del_flag, create_by, create_time, update_by,
        update_time, remark
     
        from linq_news_type
     
        where del_flag = '0'
         WHERE  status = ? 
        order by news_type_id ) TOTAL 

### The error may exist in file [/Users/jay/Desktop/Vue项目集合/万邦课设/后端/linq/linq-news/target/classes/mapper/LinqNewsTypeMapper.xml]
### The error may involve defaultParameterMap
### The error occurred while setting parameters
### Cause: com.baomidou.mybatisplus.core.exceptions.MybatisPlusException: Error: Method queryTotal execution error of sql : 
 SELECT COUNT(1) FROM ( select
         
        
        news_type_id, news_type_name, `status`, del_flag, create_by, create_time, update_by,
        update_time, remark
     
        from linq_news_type
     
        where del_flag = '0'
         WHERE  status = ? 
        order by news_type_id ) TOTAL 
]
2020-08-29 09:42:22.946 WARN  [http-nio-9000-exec-8]o.s.w.s.m.m.annotation.ExceptionHandlerExceptionResolver.logException:199 -Resolved [org.mybatis.spring.MyBatisSystemException: nested exception is org.apache.ibatis.exceptions.PersistenceException: 
### Error querying database.  Cause: com.baomidou.mybatisplus.core.exceptions.MybatisPlusException: Error: Method queryTotal execution error of sql : 
 SELECT COUNT(1) FROM ( select
         
        
        news_type_id, news_type_name, `status`, del_flag, create_by, create_time, update_by,
        update_time, remark
     
        from linq_news_type
     
        where del_flag = '0'
         WHERE news_type_name like '%文化%' 
        order by news_type_id ) TOTAL 

### The error may exist in file [/Users/jay/Desktop/Vue项目集合/万邦课设/后端/linq/linq-news/target/classes/mapper/LinqNewsTypeMapper.xml]
### The error may involve defaultParameterMap
### The error occurred while setting parameters
### Cause: com.baomidou.mybatisplus.core.exceptions.MybatisPlusException: Error: Method queryTotal execution error of sql : 
 SELECT COUNT(1) FROM ( select
         
        
        news_type_id, news_type_name, `status`, del_flag, create_by, create_time, update_by,
        update_time, remark
     
        from linq_news_type
     
        where del_flag = '0'
         WHERE news_type_name like '%文化%' 
        order by news_type_id ) TOTAL 
]
2020-08-29 09:44:56.048 WARN  [restartedMain]o.s.boot.devtools.autoconfigure.OptionalLiveReloadServer.startServer:61 -Unable to start LiveReload server
2020-08-29 09:54:17.747 WARN  [SpringContextShutdownHook]o.s.context.annotation.CommonAnnotationBeanPostProcessor.postProcessBeforeDestruction:185 -Destroy method on bean with name 'shutdownManager' threw an exception: java.lang.ExceptionInInitializerError
2020-08-29 10:07:30.729 WARN  [restartedMain]o.s.boot.devtools.autoconfigure.OptionalLiveReloadServer.startServer:61 -Unable to start LiveReload server
2020-08-29 10:22:51.789 WARN  [restartedMain]o.s.boot.devtools.autoconfigure.OptionalLiveReloadServer.startServer:61 -Unable to start LiveReload server
2020-08-29 10:27:35.967 WARN  [restartedMain]o.s.boot.devtools.autoconfigure.OptionalLiveReloadServer.startServer:61 -Unable to start LiveReload server
2020-08-29 11:07:43.747 WARN  [restartedMain]o.s.b.w.s.c.AnnotationConfigServletWebServerApplicationContext.refresh:558 -Exception encountered during context initialization - cancelling refresh attempt: org.springframework.beans.factory.BeanCreationException: Error creating bean with name 'sysLogininfoController': Lookup method resolution failed; nested exception is java.lang.IllegalStateException: Failed to introspect Class [com.linq.web.controller.monitor.SysLogininfoController] from ClassLoader [org.springframework.boot.devtools.restart.classloader.RestartClassLoader@42ffc988]
2020-08-29 11:07:43.909 WARN  [restartedMain]org.springframework.boot.SpringApplication.handleRunFailure:819 -Unable to close ApplicationContext
org.springframework.beans.factory.BeanCreationException: Error creating bean with name 'springApplicationAdminRegistrar' defined in class path resource [org/springframework/boot/autoconfigure/admin/SpringApplicationAdminJmxAutoConfiguration.class]: BeanPostProcessor before instantiation of bean failed; nested exception is org.springframework.beans.factory.BeanCreationException: Error creating bean with name 'org.springframework.cache.annotation.ProxyCachingConfiguration': Initialization of bean failed; nested exception is org.springframework.beans.factory.NoSuchBeanDefinitionException: No bean named 'org.springframework.context.annotation.ConfigurationClassPostProcessor.importRegistry' available
	at org.springframework.beans.factory.support.AbstractAutowireCapableBeanFactory.createBean(AbstractAutowireCapableBeanFactory.java:512)
	at org.springframework.beans.factory.support.AbstractBeanFactory.lambda$doGetBean$0(AbstractBeanFactory.java:323)
	at org.springframework.beans.factory.support.DefaultSingletonBeanRegistry.getSingleton(DefaultSingletonBeanRegistry.java:226)
	at org.springframework.beans.factory.support.AbstractBeanFactory.doGetBean(AbstractBeanFactory.java:321)
	at org.springframework.beans.factory.support.AbstractBeanFactory.getBean(AbstractBeanFactory.java:207)
	at org.springframework.context.event.AbstractApplicationEventMulticaster.retrieveApplicationListeners(AbstractApplicationEventMulticaster.java:245)
	at org.springframework.context.event.AbstractApplicationEventMulticaster.getApplicationListeners(AbstractApplicationEventMulticaster.java:197)
	at org.springframework.context.event.SimpleApplicationEventMulticaster.multicastEvent(SimpleApplicationEventMulticaster.java:134)
	at org.springframework.context.support.AbstractApplicationContext.publishEvent(AbstractApplicationContext.java:403)
	at org.springframework.context.support.AbstractApplicationContext.publishEvent(AbstractApplicationContext.java:360)
	at org.springframework.boot.availability.AvailabilityChangeEvent.publish(AvailabilityChangeEvent.java:81)
	at org.springframework.boot.availability.AvailabilityChangeEvent.publish(AvailabilityChangeEvent.java:67)
	at org.springframework.boot.web.servlet.context.ServletWebServerApplicationContext.doClose(ServletWebServerApplicationContext.java:167)
	at org.springframework.context.support.AbstractApplicationContext.close(AbstractApplicationContext.java:978)
	at org.springframework.boot.SpringApplication.handleRunFailure(SpringApplication.java:814)
	at org.springframework.boot.SpringApplication.run(SpringApplication.java:325)
	at org.springframework.boot.SpringApplication.run(SpringApplication.java:1237)
	at org.springframework.boot.SpringApplication.run(SpringApplication.java:1226)
	at com.linq.AppRun.main(AppRun.java:9)
	at sun.reflect.NativeMethodAccessorImpl.invoke0(Native Method)
	at sun.reflect.NativeMethodAccessorImpl.invoke(NativeMethodAccessorImpl.java:62)
	at sun.reflect.DelegatingMethodAccessorImpl.invoke(DelegatingMethodAccessorImpl.java:43)
	at java.lang.reflect.Method.invoke(Method.java:498)
	at org.springframework.boot.devtools.restart.RestartLauncher.run(RestartLauncher.java:49)
Caused by: org.springframework.beans.factory.BeanCreationException: Error creating bean with name 'org.springframework.cache.annotation.ProxyCachingConfiguration': Initialization of bean failed; nested exception is org.springframework.beans.factory.NoSuchBeanDefinitionException: No bean named 'org.springframework.context.annotation.ConfigurationClassPostProcessor.importRegistry' available
	at org.springframework.beans.factory.support.AbstractAutowireCapableBeanFactory.doCreateBean(AbstractAutowireCapableBeanFactory.java:603)
	at org.springframework.beans.factory.support.AbstractAutowireCapableBeanFactory.createBean(AbstractAutowireCapableBeanFactory.java:517)
	at org.springframework.beans.factory.support.AbstractBeanFactory.lambda$doGetBean$0(AbstractBeanFactory.java:323)
	at org.springframework.beans.factory.support.DefaultSingletonBeanRegistry.getSingleton(DefaultSingletonBeanRegistry.java:226)
	at org.springframework.beans.factory.support.AbstractBeanFactory.doGetBean(AbstractBeanFactory.java:321)
	at org.springframework.beans.factory.support.AbstractBeanFactory.getBean(AbstractBeanFactory.java:202)
	at org.springframework.beans.factory.support.ConstructorResolver.instantiateUsingFactoryMethod(ConstructorResolver.java:409)
	at org.springframework.beans.factory.support.AbstractAutowireCapableBeanFactory.instantiateUsingFactoryMethod(AbstractAutowireCapableBeanFactory.java:1338)
	at org.springframework.beans.factory.support.AbstractAutowireCapableBeanFactory.createBeanInstance(AbstractAutowireCapableBeanFactory.java:1177)
	at org.springframework.beans.factory.support.AbstractAutowireCapableBeanFactory.doCreateBean(AbstractAutowireCapableBeanFactory.java:557)
	at org.springframework.beans.factory.support.AbstractAutowireCapableBeanFactory.createBean(AbstractAutowireCapableBeanFactory.java:517)
	at org.springframework.beans.factory.support.AbstractBeanFactory.lambda$doGetBean$0(AbstractBeanFactory.java:323)
	at org.springframework.beans.factory.support.DefaultSingletonBeanRegistry.getSingleton(DefaultSingletonBeanRegistry.java:226)
	at org.springframework.beans.factory.support.AbstractBeanFactory.doGetBean(AbstractBeanFactory.java:321)
	at org.springframework.beans.factory.support.AbstractBeanFactory.getBean(AbstractBeanFactory.java:207)
	at org.springframework.aop.framework.autoproxy.BeanFactoryAdvisorRetrievalHelper.findAdvisorBeans(BeanFactoryAdvisorRetrievalHelper.java:91)
	at org.springframework.aop.framework.autoproxy.AbstractAdvisorAutoProxyCreator.findCandidateAdvisors(AbstractAdvisorAutoProxyCreator.java:109)
	at org.springframework.aop.aspectj.annotation.AnnotationAwareAspectJAutoProxyCreator.findCandidateAdvisors(AnnotationAwareAspectJAutoProxyCreator.java:92)
	at org.springframework.aop.aspectj.autoproxy.AspectJAwareAdvisorAutoProxyCreator.shouldSkip(AspectJAwareAdvisorAutoProxyCreator.java:101)
	at org.springframework.aop.framework.autoproxy.AbstractAutoProxyCreator.postProcessBeforeInstantiation(AbstractAutoProxyCreator.java:251)
	at org.springframework.beans.factory.support.AbstractAutowireCapableBeanFactory.applyBeanPostProcessorsBeforeInstantiation(AbstractAutowireCapableBeanFactory.java:1141)
	at org.springframework.beans.factory.support.AbstractAutowireCapableBeanFactory.resolveBeforeInstantiation(AbstractAutowireCapableBeanFactory.java:1114)
	at org.springframework.beans.factory.support.AbstractAutowireCapableBeanFactory.createBean(AbstractAutowireCapableBeanFactory.java:506)
	... 23 common frames omitted
Caused by: org.springframework.beans.factory.NoSuchBeanDefinitionException: No bean named 'org.springframework.context.annotation.ConfigurationClassPostProcessor.importRegistry' available
	at org.springframework.beans.factory.support.DefaultListableBeanFactory.getBeanDefinition(DefaultListableBeanFactory.java:814)
	at org.springframework.beans.factory.support.AbstractBeanFactory.getMergedLocalBeanDefinition(AbstractBeanFactory.java:1282)
	at org.springframework.beans.factory.support.AbstractBeanFactory.doGetBean(AbstractBeanFactory.java:297)
	at org.springframework.beans.factory.support.AbstractBeanFactory.getBean(AbstractBeanFactory.java:207)
	at org.springframework.context.annotation.ConfigurationClassPostProcessor$ImportAwareBeanPostProcessor.postProcessBeforeInitialization(ConfigurationClassPostProcessor.java:456)
	at org.springframework.beans.factory.support.AbstractAutowireCapableBeanFactory.applyBeanPostProcessorsBeforeInitialization(AbstractAutowireCapableBeanFactory.java:416)
	at org.springframework.beans.factory.support.AbstractAutowireCapableBeanFactory.initializeBean(AbstractAutowireCapableBeanFactory.java:1788)
	at org.springframework.beans.factory.support.AbstractAutowireCapableBeanFactory.doCreateBean(AbstractAutowireCapableBeanFactory.java:595)
	... 45 common frames omitted
2020-08-29 11:07:48.685 WARN  [restartedMain]o.s.boot.devtools.autoconfigure.OptionalLiveReloadServer.startServer:61 -Unable to start LiveReload server
2020-08-29 11:07:52.118 WARN  [SpringContextShutdownHook]o.s.context.annotation.CommonAnnotationBeanPostProcessor.postProcessBeforeDestruction:185 -Destroy method on bean with name 'shutdownManager' threw an exception: java.lang.ExceptionInInitializerError
2020-08-29 11:08:04.141 WARN  [restartedMain]o.s.boot.devtools.autoconfigure.OptionalLiveReloadServer.startServer:61 -Unable to start LiveReload server
2020-08-29 11:08:50.448 WARN  [SpringContextShutdownHook]o.s.context.annotation.CommonAnnotationBeanPostProcessor.postProcessBeforeDestruction:185 -Destroy method on bean with name 'shutdownManager' threw an exception: java.lang.ExceptionInInitializerError
2020-08-29 11:09:01.185 WARN  [restartedMain]o.s.boot.devtools.autoconfigure.OptionalLiveReloadServer.startServer:61 -Unable to start LiveReload server
2020-08-29 11:10:53.666 WARN  [SpringContextShutdownHook]o.s.context.annotation.CommonAnnotationBeanPostProcessor.postProcessBeforeDestruction:185 -Destroy method on bean with name 'shutdownManager' threw an exception: java.lang.ExceptionInInitializerError
2020-08-29 11:11:05.867 WARN  [restartedMain]o.s.boot.devtools.autoconfigure.OptionalLiveReloadServer.startServer:61 -Unable to start LiveReload server
2020-08-29 11:27:25.253 WARN  [http-nio-9000-exec-18]o.s.w.s.m.m.annotation.ExceptionHandlerExceptionResolver.logException:199 -Resolved [com.linq.common.exception.user.CaptchaException: 验证码错误]
2020-08-29 11:27:25.439 WARN  [http-nio-9000-exec-21]o.s.w.s.m.m.annotation.ExceptionHandlerExceptionResolver.logException:199 -Resolved [com.linq.common.exception.user.CaptchaException: 验证码错误]
2020-08-29 11:27:25.815 WARN  [http-nio-9000-exec-23]o.s.w.s.m.m.annotation.ExceptionHandlerExceptionResolver.logException:199 -Resolved [com.linq.common.exception.user.CaptchaException: 验证码错误]
2020-08-29 11:27:28.788 WARN  [http-nio-9000-exec-25]o.s.w.s.m.m.annotation.ExceptionHandlerExceptionResolver.logException:199 -Resolved [com.linq.common.exception.user.CaptchaException: 验证码错误]
2020-08-29 11:27:29.222 WARN  [http-nio-9000-exec-27]o.s.w.s.m.m.annotation.ExceptionHandlerExceptionResolver.logException:199 -Resolved [com.linq.common.exception.user.CaptchaException: 验证码错误]
2020-08-29 11:27:29.864 WARN  [http-nio-9000-exec-29]o.s.w.s.m.m.annotation.ExceptionHandlerExceptionResolver.logException:199 -Resolved [com.linq.common.exception.user.CaptchaException: 验证码错误]
2020-08-29 11:27:29.899 WARN  [http-nio-9000-exec-30]o.s.w.s.m.m.annotation.ExceptionHandlerExceptionResolver.logException:199 -Resolved [com.linq.common.exception.user.CaptchaException: 验证码错误]
2020-08-29 11:27:32.088 WARN  [http-nio-9000-exec-3]o.s.w.s.m.m.annotation.ExceptionHandlerExceptionResolver.logException:199 -Resolved [com.linq.common.exception.user.CaptchaException: 验证码错误]
2020-08-29 11:27:32.246 WARN  [http-nio-9000-exec-6]o.s.w.s.m.m.annotation.ExceptionHandlerExceptionResolver.logException:199 -Resolved [com.linq.common.exception.user.CaptchaExpireException: 验证码已失效]
2020-08-29 11:27:32.516 WARN  [http-nio-9000-exec-4]o.s.w.s.m.m.annotation.ExceptionHandlerExceptionResolver.logException:199 -Resolved [com.linq.common.exception.user.CaptchaException: 验证码错误]
2020-08-29 11:27:32.640 WARN  [http-nio-9000-exec-7]o.s.w.s.m.m.annotation.ExceptionHandlerExceptionResolver.logException:199 -Resolved [com.linq.common.exception.user.CaptchaExpireException: 验证码已失效]
2020-08-29 11:27:36.715 WARN  [http-nio-9000-exec-8]o.s.security.crypto.bcrypt.BCryptPasswordEncoder.matches:121 -Empty encoded password
2020-08-29 11:27:36.718 WARN  [http-nio-9000-exec-8]o.s.w.s.m.m.annotation.ExceptionHandlerExceptionResolver.logException:199 -Resolved [com.linq.common.exception.user.UserPasswordNotMatchException: 用户不存在/密码错误]
2020-08-29 11:27:47.851 WARN  [http-nio-9000-exec-11]o.s.security.crypto.bcrypt.BCryptPasswordEncoder.matches:121 -Empty encoded password
2020-08-29 11:27:47.853 WARN  [http-nio-9000-exec-11]o.s.w.s.m.m.annotation.ExceptionHandlerExceptionResolver.logException:199 -Resolved [com.linq.common.exception.user.UserPasswordNotMatchException: 用户不存在/密码错误]
2020-08-29 11:31:25.439 WARN  [http-nio-9000-exec-14]o.s.w.s.m.m.annotation.ExceptionHandlerExceptionResolver.logException:199 -Resolved [com.linq.common.exception.CustomException: 对不起，您的账号：demo 已停用]
2020-08-29 11:31:34.223 WARN  [http-nio-9000-exec-17]o.s.security.crypto.bcrypt.BCryptPasswordEncoder.matches:121 -Empty encoded password
2020-08-29 11:31:34.226 WARN  [http-nio-9000-exec-17]o.s.w.s.m.m.annotation.ExceptionHandlerExceptionResolver.logException:199 -Resolved [com.linq.common.exception.user.UserPasswordNotMatchException: 用户不存在/密码错误]
2020-08-29 11:31:40.736 WARN  [http-nio-9000-exec-21]o.s.security.crypto.bcrypt.BCryptPasswordEncoder.matches:121 -Empty encoded password
2020-08-29 11:31:40.739 WARN  [http-nio-9000-exec-21]o.s.w.s.m.m.annotation.ExceptionHandlerExceptionResolver.logException:199 -Resolved [com.linq.common.exception.user.UserPasswordNotMatchException: 用户不存在/密码错误]
2020-08-29 11:49:14.880 WARN  [restartedMain]o.s.boot.devtools.autoconfigure.OptionalLiveReloadServer.startServer:61 -Unable to start LiveReload server
2020-08-29 11:50:28.777 WARN  [restartedMain]o.s.boot.devtools.autoconfigure.OptionalLiveReloadServer.startServer:61 -Unable to start LiveReload server
2020-08-29 11:51:38.690 WARN  [SpringContextShutdownHook]o.s.context.annotation.CommonAnnotationBeanPostProcessor.postProcessBeforeDestruction:185 -Destroy method on bean with name 'shutdownManager' threw an exception: java.lang.ExceptionInInitializerError
2020-08-29 11:53:40.330 WARN  [restartedMain]o.s.boot.devtools.autoconfigure.OptionalLiveReloadServer.startServer:61 -Unable to start LiveReload server
2020-08-29 11:53:55.484 WARN  [http-nio-9000-exec-14]o.s.w.s.m.m.annotation.ExceptionHandlerExceptionResolver.logException:199 -Resolved [org.mybatis.spring.MyBatisSystemException: nested exception is org.apache.ibatis.exceptions.PersistenceException: 
### Error updating database.  Cause: com.linq.common.exception.CustomException: 获取用户账户异常
### The error may exist in com/linq/system/mapper/SysUserMapper.java (best guess)
### The error may involve com.linq.system.mapper.SysUserMapper.updateById
### The error occurred while executing an update
### Cause: com.linq.common.exception.CustomException: 获取用户账户异常]
2020-08-29 11:55:18.172 WARN  [restartedMain]o.s.boot.devtools.autoconfigure.OptionalLiveReloadServer.startServer:61 -Unable to start LiveReload server
2020-08-29 11:55:28.005 WARN  [http-nio-9000-exec-2]o.s.w.s.m.m.annotation.ExceptionHandlerExceptionResolver.logException:199 -Resolved [org.mybatis.spring.MyBatisSystemException: nested exception is org.apache.ibatis.exceptions.PersistenceException: 
### Error updating database.  Cause: com.linq.common.exception.CustomException: 获取用户账户异常
### The error may exist in com/linq/system/mapper/SysUserMapper.java (best guess)
### The error may involve com.linq.system.mapper.SysUserMapper.updateById
### The error occurred while executing an update
### Cause: com.linq.common.exception.CustomException: 获取用户账户异常]
2020-08-29 11:57:55.021 WARN  [restartedMain]o.s.boot.devtools.autoconfigure.OptionalLiveReloadServer.startServer:61 -Unable to start LiveReload server
2020-08-29 14:47:49.918 WARN  [SpringContextShutdownHook]o.s.context.annotation.CommonAnnotationBeanPostProcessor.postProcessBeforeDestruction:185 -Destroy method on bean with name 'shutdownManager' threw an exception: java.lang.ExceptionInInitializerError
2020-08-29 15:22:27.780 WARN  [SpringContextShutdownHook]o.s.context.annotation.CommonAnnotationBeanPostProcessor.postProcessBeforeDestruction:185 -Destroy method on bean with name 'shutdownManager' threw an exception: java.lang.ExceptionInInitializerError
2020-08-29 15:29:19.500 WARN  [SpringContextShutdownHook]o.s.context.annotation.CommonAnnotationBeanPostProcessor.postProcessBeforeDestruction:185 -Destroy method on bean with name 'shutdownManager' threw an exception: java.lang.ExceptionInInitializerError
2020-08-29 15:30:03.415 WARN  [SpringContextShutdownHook]o.s.context.annotation.CommonAnnotationBeanPostProcessor.postProcessBeforeDestruction:185 -Destroy method on bean with name 'shutdownManager' threw an exception: java.lang.ExceptionInInitializerError
2020-08-29 16:16:07.644 WARN  [SpringContextShutdownHook]o.s.context.annotation.CommonAnnotationBeanPostProcessor.postProcessBeforeDestruction:185 -Destroy method on bean with name 'shutdownManager' threw an exception: java.lang.ExceptionInInitializerError
2020-08-29 17:30:30.955 WARN  [SpringContextShutdownHook]o.s.context.annotation.CommonAnnotationBeanPostProcessor.postProcessBeforeDestruction:185 -Destroy method on bean with name 'shutdownManager' threw an exception: java.lang.ExceptionInInitializerError
2020-08-29 18:11:48.984 WARN  [SpringContextShutdownHook]o.s.context.annotation.CommonAnnotationBeanPostProcessor.postProcessBeforeDestruction:185 -Destroy method on bean with name 'shutdownManager' threw an exception: java.lang.ExceptionInInitializerError
2020-08-29 18:22:08.015 WARN  [restartedMain]o.s.b.w.s.c.AnnotationConfigServletWebServerApplicationContext.refresh:558 -Exception encountered during context initialization - cancelling refresh attempt: org.springframework.beans.factory.UnsatisfiedDependencyException: Error creating bean with name 'documentationPluginsBootstrapper' defined in URL [jar:file:/Users/jay/Desktop/develop/maven/maven_reposity/io/springfox/springfox-spring-web/2.9.2/springfox-spring-web-2.9.2.jar!/springfox/documentation/spring/web/plugins/DocumentationPluginsBootstrapper.class]: Unsatisfied dependency expressed through constructor parameter 1; nested exception is org.springframework.beans.factory.UnsatisfiedDependencyException: Error creating bean with name 'webMvcRequestHandlerProvider' defined in URL [jar:file:/Users/jay/Desktop/develop/maven/maven_reposity/io/springfox/springfox-spring-web/2.9.2/springfox-spring-web-2.9.2.jar!/springfox/documentation/spring/web/plugins/WebMvcRequestHandlerProvider.class]: Unsatisfied dependency expressed through constructor parameter 1; nested exception is org.springframework.beans.factory.BeanCreationException: Error creating bean with name 'requestMappingHandlerMapping' defined in class path resource [org/springframework/boot/autoconfigure/web/servlet/WebMvcAutoConfiguration$EnableWebMvcConfiguration.class]: Invocation of init method failed; nested exception is java.lang.IllegalStateException: Ambiguous mapping. Cannot map 'commonController' method 
com.linq.web.controller.common.CommonController#upload(MultipartFile)
to {POST /common/fast/upload}: There is already 'commonController' bean method
com.linq.web.controller.common.CommonController#upload(List) mapped.
2020-08-29 18:22:08.017 WARN  [restartedMain]o.s.context.annotation.CommonAnnotationBeanPostProcessor.postProcessBeforeDestruction:185 -Destroy method on bean with name 'shutdownManager' threw an exception: java.lang.ExceptionInInitializerError
2020-08-29 18:22:08.167 WARN  [restartedMain]org.springframework.boot.SpringApplication.handleRunFailure:819 -Unable to close ApplicationContext
org.springframework.beans.factory.BeanCreationException: Error creating bean with name 'springApplicationAdminRegistrar' defined in class path resource [org/springframework/boot/autoconfigure/admin/SpringApplicationAdminJmxAutoConfiguration.class]: BeanPostProcessor before instantiation of bean failed; nested exception is org.springframework.beans.factory.BeanCreationException: Error creating bean with name 'org.springframework.cache.annotation.ProxyCachingConfiguration': Initialization of bean failed; nested exception is org.springframework.beans.factory.NoSuchBeanDefinitionException: No bean named 'org.springframework.context.annotation.ConfigurationClassPostProcessor.importRegistry' available
	at org.springframework.beans.factory.support.AbstractAutowireCapableBeanFactory.createBean(AbstractAutowireCapableBeanFactory.java:512)
	at org.springframework.beans.factory.support.AbstractBeanFactory.lambda$doGetBean$0(AbstractBeanFactory.java:323)
	at org.springframework.beans.factory.support.DefaultSingletonBeanRegistry.getSingleton(DefaultSingletonBeanRegistry.java:226)
	at org.springframework.beans.factory.support.AbstractBeanFactory.doGetBean(AbstractBeanFactory.java:321)
	at org.springframework.beans.factory.support.AbstractBeanFactory.getBean(AbstractBeanFactory.java:207)
	at org.springframework.context.event.AbstractApplicationEventMulticaster.retrieveApplicationListeners(AbstractApplicationEventMulticaster.java:245)
	at org.springframework.context.event.AbstractApplicationEventMulticaster.getApplicationListeners(AbstractApplicationEventMulticaster.java:197)
	at org.springframework.context.event.SimpleApplicationEventMulticaster.multicastEvent(SimpleApplicationEventMulticaster.java:134)
	at org.springframework.context.support.AbstractApplicationContext.publishEvent(AbstractApplicationContext.java:403)
	at org.springframework.context.support.AbstractApplicationContext.publishEvent(AbstractApplicationContext.java:360)
	at org.springframework.boot.availability.AvailabilityChangeEvent.publish(AvailabilityChangeEvent.java:81)
	at org.springframework.boot.availability.AvailabilityChangeEvent.publish(AvailabilityChangeEvent.java:67)
	at org.springframework.boot.web.servlet.context.ServletWebServerApplicationContext.doClose(ServletWebServerApplicationContext.java:167)
	at org.springframework.context.support.AbstractApplicationContext.close(AbstractApplicationContext.java:978)
	at org.springframework.boot.SpringApplication.handleRunFailure(SpringApplication.java:814)
	at org.springframework.boot.SpringApplication.run(SpringApplication.java:325)
	at org.springframework.boot.SpringApplication.run(SpringApplication.java:1237)
	at org.springframework.boot.SpringApplication.run(SpringApplication.java:1226)
	at com.linq.AppRun.main(AppRun.java:9)
	at sun.reflect.NativeMethodAccessorImpl.invoke0(Native Method)
	at sun.reflect.NativeMethodAccessorImpl.invoke(NativeMethodAccessorImpl.java:62)
	at sun.reflect.DelegatingMethodAccessorImpl.invoke(DelegatingMethodAccessorImpl.java:43)
	at java.lang.reflect.Method.invoke(Method.java:498)
	at org.springframework.boot.devtools.restart.RestartLauncher.run(RestartLauncher.java:49)
Caused by: org.springframework.beans.factory.BeanCreationException: Error creating bean with name 'org.springframework.cache.annotation.ProxyCachingConfiguration': Initialization of bean failed; nested exception is org.springframework.beans.factory.NoSuchBeanDefinitionException: No bean named 'org.springframework.context.annotation.ConfigurationClassPostProcessor.importRegistry' available
	at org.springframework.beans.factory.support.AbstractAutowireCapableBeanFactory.doCreateBean(AbstractAutowireCapableBeanFactory.java:603)
	at org.springframework.beans.factory.support.AbstractAutowireCapableBeanFactory.createBean(AbstractAutowireCapableBeanFactory.java:517)
	at org.springframework.beans.factory.support.AbstractBeanFactory.lambda$doGetBean$0(AbstractBeanFactory.java:323)
	at org.springframework.beans.factory.support.DefaultSingletonBeanRegistry.getSingleton(DefaultSingletonBeanRegistry.java:226)
	at org.springframework.beans.factory.support.AbstractBeanFactory.doGetBean(AbstractBeanFactory.java:321)
	at org.springframework.beans.factory.support.AbstractBeanFactory.getBean(AbstractBeanFactory.java:202)
	at org.springframework.beans.factory.support.ConstructorResolver.instantiateUsingFactoryMethod(ConstructorResolver.java:409)
	at org.springframework.beans.factory.support.AbstractAutowireCapableBeanFactory.instantiateUsingFactoryMethod(AbstractAutowireCapableBeanFactory.java:1338)
	at org.springframework.beans.factory.support.AbstractAutowireCapableBeanFactory.createBeanInstance(AbstractAutowireCapableBeanFactory.java:1177)
	at org.springframework.beans.factory.support.AbstractAutowireCapableBeanFactory.doCreateBean(AbstractAutowireCapableBeanFactory.java:557)
	at org.springframework.beans.factory.support.AbstractAutowireCapableBeanFactory.createBean(AbstractAutowireCapableBeanFactory.java:517)
	at org.springframework.beans.factory.support.AbstractBeanFactory.lambda$doGetBean$0(AbstractBeanFactory.java:323)
	at org.springframework.beans.factory.support.DefaultSingletonBeanRegistry.getSingleton(DefaultSingletonBeanRegistry.java:226)
	at org.springframework.beans.factory.support.AbstractBeanFactory.doGetBean(AbstractBeanFactory.java:321)
	at org.springframework.beans.factory.support.AbstractBeanFactory.getBean(AbstractBeanFactory.java:207)
	at org.springframework.aop.framework.autoproxy.BeanFactoryAdvisorRetrievalHelper.findAdvisorBeans(BeanFactoryAdvisorRetrievalHelper.java:91)
	at org.springframework.aop.framework.autoproxy.AbstractAdvisorAutoProxyCreator.findCandidateAdvisors(AbstractAdvisorAutoProxyCreator.java:109)
	at org.springframework.aop.aspectj.annotation.AnnotationAwareAspectJAutoProxyCreator.findCandidateAdvisors(AnnotationAwareAspectJAutoProxyCreator.java:92)
	at org.springframework.aop.aspectj.autoproxy.AspectJAwareAdvisorAutoProxyCreator.shouldSkip(AspectJAwareAdvisorAutoProxyCreator.java:101)
	at org.springframework.aop.framework.autoproxy.AbstractAutoProxyCreator.postProcessBeforeInstantiation(AbstractAutoProxyCreator.java:251)
	at org.springframework.beans.factory.support.AbstractAutowireCapableBeanFactory.applyBeanPostProcessorsBeforeInstantiation(AbstractAutowireCapableBeanFactory.java:1141)
	at org.springframework.beans.factory.support.AbstractAutowireCapableBeanFactory.resolveBeforeInstantiation(AbstractAutowireCapableBeanFactory.java:1114)
	at org.springframework.beans.factory.support.AbstractAutowireCapableBeanFactory.createBean(AbstractAutowireCapableBeanFactory.java:506)
	... 23 common frames omitted
Caused by: org.springframework.beans.factory.NoSuchBeanDefinitionException: No bean named 'org.springframework.context.annotation.ConfigurationClassPostProcessor.importRegistry' available
	at org.springframework.beans.factory.support.DefaultListableBeanFactory.getBeanDefinition(DefaultListableBeanFactory.java:814)
	at org.springframework.beans.factory.support.AbstractBeanFactory.getMergedLocalBeanDefinition(AbstractBeanFactory.java:1282)
	at org.springframework.beans.factory.support.AbstractBeanFactory.doGetBean(AbstractBeanFactory.java:297)
	at org.springframework.beans.factory.support.AbstractBeanFactory.getBean(AbstractBeanFactory.java:207)
	at org.springframework.context.annotation.ConfigurationClassPostProcessor$ImportAwareBeanPostProcessor.postProcessBeforeInitialization(ConfigurationClassPostProcessor.java:456)
	at org.springframework.beans.factory.support.AbstractAutowireCapableBeanFactory.applyBeanPostProcessorsBeforeInitialization(AbstractAutowireCapableBeanFactory.java:416)
	at org.springframework.beans.factory.support.AbstractAutowireCapableBeanFactory.initializeBean(AbstractAutowireCapableBeanFactory.java:1788)
	at org.springframework.beans.factory.support.AbstractAutowireCapableBeanFactory.doCreateBean(AbstractAutowireCapableBeanFactory.java:595)
	... 45 common frames omitted
2020-08-29 18:23:19.209 WARN  [restartedMain]s.d.spring.web.readers.parameter.ParameterDataTypeReader.apply:92 -Trying to infer dataType java.util.List<org.springframework.web.multipart.MultipartFile>
2020-08-29 19:19:20.507 WARN  [http-nio-9000-exec-10]o.s.w.s.m.m.annotation.ExceptionHandlerExceptionResolver.logException:199 -Resolved [org.springframework.web.method.annotation.MethodArgumentTypeMismatchException: Failed to convert value of type 'java.lang.String' to required type 'java.lang.Long'; nested exception is java.lang.NumberFormatException: For input string: "undefined"]
2020-08-29 19:19:32.255 WARN  [http-nio-9000-exec-20]o.s.w.s.m.m.annotation.ExceptionHandlerExceptionResolver.logException:199 -Resolved [org.springframework.web.method.annotation.MethodArgumentTypeMismatchException: Failed to convert value of type 'java.lang.String' to required type 'java.lang.Long'; nested exception is java.lang.NumberFormatException: For input string: "undefined"]
2020-08-29 20:23:37.636 WARN  [http-nio-9000-exec-21]o.s.w.s.m.m.annotation.ExceptionHandlerExceptionResolver.logException:199 -Resolved [com.linq.common.exception.user.CaptchaExpireException: 验证码已失效]
2020-08-29 20:58:19.328 WARN  [http-nio-9000-exec-28]o.s.w.s.m.m.annotation.ExceptionHandlerExceptionResolver.logException:199 -Resolved [org.springframework.web.method.annotation.MethodArgumentTypeMismatchException: Failed to convert value of type 'java.lang.String' to required type 'java.lang.Long'; nested exception is java.lang.NumberFormatException: For input string: "undefined"]
2020-08-29 20:58:29.059 WARN  [http-nio-9000-exec-5]o.s.w.s.m.m.annotation.ExceptionHandlerExceptionResolver.logException:199 -Resolved [org.springframework.web.method.annotation.MethodArgumentTypeMismatchException: Failed to convert value of type 'java.lang.String' to required type 'java.lang.Long'; nested exception is java.lang.NumberFormatException: For input string: "undefined"]
2020-08-29 20:59:01.300 WARN  [http-nio-9000-exec-4]o.s.w.s.m.m.annotation.ExceptionHandlerExceptionResolver.logException:199 -Resolved [org.springframework.web.method.annotation.MethodArgumentTypeMismatchException: Failed to convert value of type 'java.lang.String' to required type 'java.lang.Long'; nested exception is java.lang.NumberFormatException: For input string: "undefined"]
2020-08-29 20:59:06.523 WARN  [http-nio-9000-exec-7]o.s.w.s.m.m.annotation.ExceptionHandlerExceptionResolver.logException:199 -Resolved [org.springframework.web.method.annotation.MethodArgumentTypeMismatchException: Failed to convert value of type 'java.lang.String' to required type 'java.lang.Long'; nested exception is java.lang.NumberFormatException: For input string: "undefined"]
